<?xml version="1.0" encoding="UTF-8"?>
<!-- Generated by org.testng.reporters.JUnitXMLReporter -->
<testsuite hostname="LAPTOP-RMK290R9" ignored="0" name="test1" tests="34" failures="1" timestamp="2023-08-13T16:40:59 IDT" time="185.042" errors="0">
  <testcase name="tc01_userLogin" time="0.787" classname="tests.t1_Login"/>
  <testcase name="tc01_userLogin" time="0.462" classname="tests.t1_Login"/>
  <testcase name="tc01_userLogin" time="0.728" classname="tests.t1_Login"/>
  <testcase name="tc01_userLogin" time="5.705" classname="tests.t1_Login"/>
  <testcase name="tc01_userLogin" time="0.448" classname="tests.t1_Login"/>
  <testcase name="tc01_userLogin" time="0.458" classname="tests.t1_Login"/>
  <testcase name="tc01_userLogin" time="0.448" classname="tests.t1_Login"/>
  <testcase name="tc01_userLogin" time="0.433" classname="tests.t1_Login"/>
  <testcase name="tc01_userLogin" time="0.44" classname="tests.t1_Login"/>
  <testcase name="tc01_userLogin" time="0.439" classname="tests.t1_Login"/>
  <testcase name="tc01_AddItemsFromProductsPage" time="1.862" classname="tests.t2_AddProducts"/>
  <testcase name="tc02_AddItemsFromProductPage" time="2.85" classname="tests.t2_AddProducts"/>
  <testcase name="tc01_removeItemsFromProductPage" time="3.56" classname="tests.t3_RemoveProducts"/>
  <testcase name="tc01_removeItemsFromProductsPage" time="2.457" classname="tests.t3_RemoveProducts"/>
  <testcase name="tc01_addProductsFromProductsPageAndBuy" time="2.75" classname="tests.t4_BuyProducts"/>
  <testcase name="tc02_addProductsFromProductPageAndBuy" time="3.699" classname="tests.t4_BuyProducts"/>
  <testcase name="tc03_AddProductsFromProductsPageRemoveSomeAndBuy" time="2.837" classname="tests.t4_BuyProducts"/>
  <testcase name="tc04_addProductsFromProductPageRemoveSomeAndBuy" time="4.417" classname="tests.t4_BuyProducts"/>
  <testcase name="tc01_addProductsGoToCheckoutAndContinueShopping" time="2.635" classname="tests.t5_ContinueShopping"/>
  <testcase name="tc01_addProductsGoToPaymentAndCancel" time="3.336" classname="tests.t5_ContinueShopping"/>
  <testcase name="tc01_fillAllFields" time="1.307" classname="tests.t6_CheckoutInformationFields"/>
  <testcase name="tc02_fillOnlyFirstNameField" time="1.281" classname="tests.t6_CheckoutInformationFields"/>
  <testcase name="tc03_fillOnlyLastNameField" time="1.297" classname="tests.t6_CheckoutInformationFields"/>
  <testcase name="tc04_fillOnlyZipCodeField" time="1.336" classname="tests.t6_CheckoutInformationFields"/>
  <testcase name="tc05_fillOnlyFirstAndLastNameFields" time="1.309" classname="tests.t6_CheckoutInformationFields"/>
  <testcase name="tc06_fillOnlyFirstNameZipCodeFields" time="1.313" classname="tests.t6_CheckoutInformationFields"/>
  <testcase name="tc07_fillOnlyLastNameAndZipCodeFields" time="1.33" classname="tests.t6_CheckoutInformationFields"/>
  <testcase name="tc01_addAndGoStraightToCheckout" time="3.502" classname="tests.t7_PriceCalculation"/>
  <testcase name="tc02_addRemoveAndGoToCheckout" time="3.081" classname="tests.t7_PriceCalculation"/>
  <testcase name="tc03_AddRemoveAddAndRemoveFromCart" time="3.943" classname="tests.t7_PriceCalculation"/>
  <testcase name="tc04addRemoveAddAndRemoveFromCartRefreshThePageLogOutAndLogInAgain" time="4.943" classname="tests.t7_PriceCalculation"/>
  <testcase name="tc05_addRemoveFromCartAndClickCart" time="1.96" classname="tests.t7_PriceCalculation">
    <failure type="java.lang.AssertionError" message="Item &amp;apos;Sauce Labs Bolt T-Shirt&amp;apos; was not found in the cart">
      <![CDATA[java.lang.AssertionError: Item 'Sauce Labs Bolt T-Shirt' was not found in the cart
at pageobjects.CartPage.isInCartByArray(CartPage.java:39)
at tests.t7_PriceCalculation.tc05_addRemoveFromCartAndClickCart(t7_PriceCalculation.java:84)
at java.util.ArrayList.forEach(ArrayList.java:1257)
... Removed 31 stack frames]]>
    </failure>
  </testcase> <!-- tc05_addRemoveFromCartAndClickCart -->
  <testcase name="tc01_verifySocialMediaLinksInProductPage" time="0.762" classname="tests.t8_SocialMediaLinks"/>
  <testcase name="tc01_verifySocialMediaLinksInProductsPage" time="0.679" classname="tests.t8_SocialMediaLinks"/>
</testsuite> <!-- test1 -->
