<?xml version="1.0" encoding="UTF-8"?>
<testsuite xmlns:xsi="http://www.w3.org/2001/XMLSchema-instance" xsi:noNamespaceSchemaLocation="https://maven.apache.org/surefire/maven-surefire-plugin/xsd/surefire-test-report-3.0.xsd" version="3.0" name="TestSuite" time="186.846" tests="34" errors="0" skipped="0" failures="1">
  <properties>
[...]
</properties>
  <testcase name="tc01_userLogin[standard_user, secret_sauce, ](1)" classname="tests.t1_Login" time="0.799">
    <system-err><![CDATA[SLF4J: Failed to load class "org.slf4j.impl.StaticLoggerBinder".
SLF4J: Defaulting to no-operation (NOP) logger implementation
SLF4J: See http://www.slf4j.org/codes.html#StaticLoggerBinder for further details.
ERROR StatusLogger Log4j2 could not find a logging implementation. Please add log4j-core to the classpath. Using SimpleLogger to log to the console...
Starting ChromeDriver 114.0.5735.90 (386bc09e8f4f2e025eddae123f36f6263096ae49-refs/branch-heads/5735@{#1052}) on port 44102
Only local connections are allowed.
Please see https://chromedriver.chromium.org/security-considerations for suggestions on keeping ChromeDriver safe.
ChromeDriver was started successfully.
[1691933880.435][WARNING]: This version of ChromeDriver has not been tested with Chrome version 115.
Aug 13, 2023 4:38:00 PM org.openqa.selenium.devtools.CdpVersionFinder findNearestMatch
WARNING: Unable to find an exact match for CDP version 115, so returning the closest version found: 113
]]></system-err>
  </testcase>
  <testcase name="tc01_userLogin[locked_out_user, secret_sauce, Epic sadface: Sorry, this user has been locked out.](2)" classname="tests.t1_Login" time="0.465">
    <system-err><![CDATA[Starting ChromeDriver 114.0.5735.90 (386bc09e8f4f2e025eddae123f36f6263096ae49-refs/branch-heads/5735@{#1052}) on port 10163
Only local connections are allowed.
Please see https://chromedriver.chromium.org/security-considerations for suggestions on keeping ChromeDriver safe.
ChromeDriver was started successfully.
[1691933885.702][WARNING]: This version of ChromeDriver has not been tested with Chrome version 115.
Aug 13, 2023 4:38:05 PM org.openqa.selenium.devtools.CdpVersionFinder findNearestMatch
WARNING: Unable to find an exact match for CDP version 115, so returning the closest version found: 113
]]></system-err>
  </testcase>
  <testcase name="tc01_userLogin[problem_user, secret_sauce, ](3)" classname="tests.t1_Login" time="0.731">
    <system-err><![CDATA[Starting ChromeDriver 114.0.5735.90 (386bc09e8f4f2e025eddae123f36f6263096ae49-refs/branch-heads/5735@{#1052}) on port 18530
Only local connections are allowed.
Please see https://chromedriver.chromium.org/security-considerations for suggestions on keeping ChromeDriver safe.
ChromeDriver was started successfully.
[1691933889.518][WARNING]: This version of ChromeDriver has not been tested with Chrome version 115.
Aug 13, 2023 4:38:09 PM org.openqa.selenium.devtools.CdpVersionFinder findNearestMatch
WARNING: Unable to find an exact match for CDP version 115, so returning the closest version found: 113
]]></system-err>
  </testcase>
  <testcase name="tc01_userLogin[performance_glitch_user, secret_sauce, ](4)" classname="tests.t1_Login" time="5.707">
    <system-err><![CDATA[Starting ChromeDriver 114.0.5735.90 (386bc09e8f4f2e025eddae123f36f6263096ae49-refs/branch-heads/5735@{#1052}) on port 31735
Only local connections are allowed.
Please see https://chromedriver.chromium.org/security-considerations for suggestions on keeping ChromeDriver safe.
ChromeDriver was started successfully.
[1691933893.507][WARNING]: This version of ChromeDriver has not been tested with Chrome version 115.
Aug 13, 2023 4:38:13 PM org.openqa.selenium.devtools.CdpVersionFinder findNearestMatch
WARNING: Unable to find an exact match for CDP version 115, so returning the closest version found: 113
]]></system-err>
  </testcase>
  <testcase name="tc01_userLogin[, , Epic sadface: Username is required](5)" classname="tests.t1_Login" time="0.449">
    <system-err><![CDATA[Starting ChromeDriver 114.0.5735.90 (386bc09e8f4f2e025eddae123f36f6263096ae49-refs/branch-heads/5735@{#1052}) on port 30671
Only local connections are allowed.
Please see https://chromedriver.chromium.org/security-considerations for suggestions on keeping ChromeDriver safe.
ChromeDriver was started successfully.
[1691933903.450][WARNING]: This version of ChromeDriver has not been tested with Chrome version 115.
Aug 13, 2023 4:38:23 PM org.openqa.selenium.devtools.CdpVersionFinder findNearestMatch
WARNING: Unable to find an exact match for CDP version 115, so returning the closest version found: 113
]]></system-err>
  </testcase>
  <testcase name="tc01_userLogin[TableChair, TableChair, Epic sadface: Username and password do not match any user in this service](6)" classname="tests.t1_Login" time="0.46">
    <system-err><![CDATA[Starting ChromeDriver 114.0.5735.90 (386bc09e8f4f2e025eddae123f36f6263096ae49-refs/branch-heads/5735@{#1052}) on port 3743
Only local connections are allowed.
Please see https://chromedriver.chromium.org/security-considerations for suggestions on keeping ChromeDriver safe.
ChromeDriver was started successfully.
[1691933907.211][WARNING]: This version of ChromeDriver has not been tested with Chrome version 115.
Aug 13, 2023 4:38:27 PM org.openqa.selenium.devtools.CdpVersionFinder findNearestMatch
WARNING: Unable to find an exact match for CDP version 115, so returning the closest version found: 113
]]></system-err>
  </testcase>
  <testcase name="tc01_userLogin[standard_user, , Epic sadface: Password is required](7)" classname="tests.t1_Login" time="0.45">
    <system-err><![CDATA[Starting ChromeDriver 114.0.5735.90 (386bc09e8f4f2e025eddae123f36f6263096ae49-refs/branch-heads/5735@{#1052}) on port 32008
Only local connections are allowed.
Please see https://chromedriver.chromium.org/security-considerations for suggestions on keeping ChromeDriver safe.
ChromeDriver was started successfully.
[1691933911.273][WARNING]: This version of ChromeDriver has not been tested with Chrome version 115.
Aug 13, 2023 4:38:31 PM org.openqa.selenium.devtools.CdpVersionFinder findNearestMatch
WARNING: Unable to find an exact match for CDP version 115, so returning the closest version found: 113
]]></system-err>
  </testcase>
  <testcase name="tc01_userLogin[TableChair, , Epic sadface: Password is required](8)" classname="tests.t1_Login" time="0.433">
    <system-err><![CDATA[Starting ChromeDriver 114.0.5735.90 (386bc09e8f4f2e025eddae123f36f6263096ae49-refs/branch-heads/5735@{#1052}) on port 39792
Only local connections are allowed.
Please see https://chromedriver.chromium.org/security-considerations for suggestions on keeping ChromeDriver safe.
ChromeDriver was started successfully.
[1691933915.007][WARNING]: This version of ChromeDriver has not been tested with Chrome version 115.
Aug 13, 2023 4:38:35 PM org.openqa.selenium.devtools.CdpVersionFinder findNearestMatch
WARNING: Unable to find an exact match for CDP version 115, so returning the closest version found: 113
]]></system-err>
  </testcase>
  <testcase name="tc01_userLogin[, secret_sauce, Epic sadface: Username is required](9)" classname="tests.t1_Login" time="0.442">
    <system-err><![CDATA[Starting ChromeDriver 114.0.5735.90 (386bc09e8f4f2e025eddae123f36f6263096ae49-refs/branch-heads/5735@{#1052}) on port 30128
Only local connections are allowed.
Please see https://chromedriver.chromium.org/security-considerations for suggestions on keeping ChromeDriver safe.
ChromeDriver was started successfully.
[1691933918.533][WARNING]: This version of ChromeDriver has not been tested with Chrome version 115.
Aug 13, 2023 4:38:38 PM org.openqa.selenium.devtools.CdpVersionFinder findNearestMatch
WARNING: Unable to find an exact match for CDP version 115, so returning the closest version found: 113
]]></system-err>
  </testcase>
  <testcase name="tc01_userLogin[, TableChair, Epic sadface: Username is required](10)" classname="tests.t1_Login" time="0.44">
    <system-err><![CDATA[Starting ChromeDriver 114.0.5735.90 (386bc09e8f4f2e025eddae123f36f6263096ae49-refs/branch-heads/5735@{#1052}) on port 20809
Only local connections are allowed.
Please see https://chromedriver.chromium.org/security-considerations for suggestions on keeping ChromeDriver safe.
ChromeDriver was started successfully.
[1691933922.020][WARNING]: This version of ChromeDriver has not been tested with Chrome version 115.
Aug 13, 2023 4:38:42 PM org.openqa.selenium.devtools.CdpVersionFinder findNearestMatch
WARNING: Unable to find an exact match for CDP version 115, so returning the closest version found: 113
]]></system-err>
  </testcase>
  <testcase name="tc01_AddItemsFromProductsPage" classname="tests.t2_AddProducts" time="1.864">
    <system-err><![CDATA[Starting ChromeDriver 114.0.5735.90 (386bc09e8f4f2e025eddae123f36f6263096ae49-refs/branch-heads/5735@{#1052}) on port 10107
Only local connections are allowed.
Please see https://chromedriver.chromium.org/security-considerations for suggestions on keeping ChromeDriver safe.
ChromeDriver was started successfully.
[1691933925.548][WARNING]: This version of ChromeDriver has not been tested with Chrome version 115.
Aug 13, 2023 4:38:45 PM org.openqa.selenium.devtools.CdpVersionFinder findNearestMatch
WARNING: Unable to find an exact match for CDP version 115, so returning the closest version found: 113
]]></system-err>
  </testcase>
  <testcase name="tc02_AddItemsFromProductPage" classname="tests.t2_AddProducts" time="2.851">
    <system-err><![CDATA[Starting ChromeDriver 114.0.5735.90 (386bc09e8f4f2e025eddae123f36f6263096ae49-refs/branch-heads/5735@{#1052}) on port 33888
Only local connections are allowed.
Please see https://chromedriver.chromium.org/security-considerations for suggestions on keeping ChromeDriver safe.
ChromeDriver was started successfully.
[1691933931.672][WARNING]: This version of ChromeDriver has not been tested with Chrome version 115.
Aug 13, 2023 4:38:51 PM org.openqa.selenium.devtools.CdpVersionFinder findNearestMatch
WARNING: Unable to find an exact match for CDP version 115, so returning the closest version found: 113
]]></system-err>
  </testcase>
  <testcase name="tc01_removeItemsFromProductPage" classname="tests.t3_RemoveProducts" time="3.561">
    <system-err><![CDATA[Starting ChromeDriver 114.0.5735.90 (386bc09e8f4f2e025eddae123f36f6263096ae49-refs/branch-heads/5735@{#1052}) on port 45677
Only local connections are allowed.
Please see https://chromedriver.chromium.org/security-considerations for suggestions on keeping ChromeDriver safe.
ChromeDriver was started successfully.
[1691933937.762][WARNING]: This version of ChromeDriver has not been tested with Chrome version 115.
Aug 13, 2023 4:38:57 PM org.openqa.selenium.devtools.CdpVersionFinder findNearestMatch
WARNING: Unable to find an exact match for CDP version 115, so returning the closest version found: 113
]]></system-err>
  </testcase>
  <testcase name="tc01_removeItemsFromProductsPage" classname="tests.t3_RemoveProducts" time="2.459">
    <system-err><![CDATA[Starting ChromeDriver 114.0.5735.90 (386bc09e8f4f2e025eddae123f36f6263096ae49-refs/branch-heads/5735@{#1052}) on port 11242
Only local connections are allowed.
Please see https://chromedriver.chromium.org/security-considerations for suggestions on keeping ChromeDriver safe.
ChromeDriver was started successfully.
[1691933945.386][WARNING]: This version of ChromeDriver has not been tested with Chrome version 115.
Aug 13, 2023 4:39:05 PM org.openqa.selenium.devtools.CdpVersionFinder findNearestMatch
WARNING: Unable to find an exact match for CDP version 115, so returning the closest version found: 113
]]></system-err>
  </testcase>
  <testcase name="tc01_addProductsFromProductsPageAndBuy" classname="tests.t4_BuyProducts" time="2.75">
    <system-err><![CDATA[Starting ChromeDriver 114.0.5735.90 (386bc09e8f4f2e025eddae123f36f6263096ae49-refs/branch-heads/5735@{#1052}) on port 38138
Only local connections are allowed.
Please see https://chromedriver.chromium.org/security-considerations for suggestions on keeping ChromeDriver safe.
ChromeDriver was started successfully.
[1691933950.910][WARNING]: This version of ChromeDriver has not been tested with Chrome version 115.
Aug 13, 2023 4:39:10 PM org.openqa.selenium.devtools.CdpVersionFinder findNearestMatch
WARNING: Unable to find an exact match for CDP version 115, so returning the closest version found: 113
]]></system-err>
  </testcase>
  <testcase name="tc02_addProductsFromProductPageAndBuy" classname="tests.t4_BuyProducts" time="3.703">
    <system-err><![CDATA[Starting ChromeDriver 114.0.5735.90 (386bc09e8f4f2e025eddae123f36f6263096ae49-refs/branch-heads/5735@{#1052}) on port 46652
Only local connections are allowed.
Please see https://chromedriver.chromium.org/security-considerations for suggestions on keeping ChromeDriver safe.
ChromeDriver was started successfully.
[1691933956.758][WARNING]: This version of ChromeDriver has not been tested with Chrome version 115.
Aug 13, 2023 4:39:16 PM org.openqa.selenium.devtools.CdpVersionFinder findNearestMatch
WARNING: Unable to find an exact match for CDP version 115, so returning the closest version found: 113
]]></system-err>
  </testcase>
  <testcase name="tc03_AddProductsFromProductsPageRemoveSomeAndBuy" classname="tests.t4_BuyProducts" time="2.838">
    <system-err><![CDATA[Starting ChromeDriver 114.0.5735.90 (386bc09e8f4f2e025eddae123f36f6263096ae49-refs/branch-heads/5735@{#1052}) on port 45353
Only local connections are allowed.
Please see https://chromedriver.chromium.org/security-considerations for suggestions on keeping ChromeDriver safe.
ChromeDriver was started successfully.
[1691933963.584][WARNING]: This version of ChromeDriver has not been tested with Chrome version 115.
Aug 13, 2023 4:39:23 PM org.openqa.selenium.devtools.CdpVersionFinder findNearestMatch
WARNING: Unable to find an exact match for CDP version 115, so returning the closest version found: 113
]]></system-err>
  </testcase>
  <testcase name="tc04_addProductsFromProductPageRemoveSomeAndBuy" classname="tests.t4_BuyProducts" time="4.418">
    <system-err><![CDATA[Starting ChromeDriver 114.0.5735.90 (386bc09e8f4f2e025eddae123f36f6263096ae49-refs/branch-heads/5735@{#1052}) on port 23918
Only local connections are allowed.
Please see https://chromedriver.chromium.org/security-considerations for suggestions on keeping ChromeDriver safe.
ChromeDriver was started successfully.
[1691933969.529][WARNING]: This version of ChromeDriver has not been tested with Chrome version 115.
Aug 13, 2023 4:39:29 PM org.openqa.selenium.devtools.CdpVersionFinder findNearestMatch
WARNING: Unable to find an exact match for CDP version 115, so returning the closest version found: 113
]]></system-err>
  </testcase>
  <testcase name="tc01_addProductsGoToCheckoutAndContinueShopping" classname="tests.t5_ContinueShopping" time="2.638">
    <system-err><![CDATA[Starting ChromeDriver 114.0.5735.90 (386bc09e8f4f2e025eddae123f36f6263096ae49-refs/branch-heads/5735@{#1052}) on port 22560
Only local connections are allowed.
Please see https://chromedriver.chromium.org/security-considerations for suggestions on keeping ChromeDriver safe.
ChromeDriver was started successfully.
[1691933977.171][WARNING]: This version of ChromeDriver has not been tested with Chrome version 115.
Aug 13, 2023 4:39:37 PM org.openqa.selenium.devtools.CdpVersionFinder findNearestMatch
WARNING: Unable to find an exact match for CDP version 115, so returning the closest version found: 113
]]></system-err>
  </testcase>
  <testcase name="tc01_addProductsGoToPaymentAndCancel" classname="tests.t5_ContinueShopping" time="3.337">
    <system-err><![CDATA[Starting ChromeDriver 114.0.5735.90 (386bc09e8f4f2e025eddae123f36f6263096ae49-refs/branch-heads/5735@{#1052}) on port 45663
Only local connections are allowed.
Please see https://chromedriver.chromium.org/security-considerations for suggestions on keeping ChromeDriver safe.
ChromeDriver was started successfully.
[1691933983.094][WARNING]: This version of ChromeDriver has not been tested with Chrome version 115.
Aug 13, 2023 4:39:43 PM org.openqa.selenium.devtools.CdpVersionFinder findNearestMatch
WARNING: Unable to find an exact match for CDP version 115, so returning the closest version found: 113
]]></system-err>
  </testcase>
  <testcase name="tc01_fillAllFields" classname="tests.t6_CheckoutInformationFields" time="1.31">
    <system-err><![CDATA[Starting ChromeDriver 114.0.5735.90 (386bc09e8f4f2e025eddae123f36f6263096ae49-refs/branch-heads/5735@{#1052}) on port 30998
Only local connections are allowed.
Please see https://chromedriver.chromium.org/security-considerations for suggestions on keeping ChromeDriver safe.
ChromeDriver was started successfully.
[1691933989.467][WARNING]: This version of ChromeDriver has not been tested with Chrome version 115.
Aug 13, 2023 4:39:49 PM org.openqa.selenium.devtools.CdpVersionFinder findNearestMatch
WARNING: Unable to find an exact match for CDP version 115, so returning the closest version found: 113
]]></system-err>
  </testcase>
  <testcase name="tc02_fillOnlyFirstNameField" classname="tests.t6_CheckoutInformationFields" time="1.282">
    <system-err><![CDATA[Starting ChromeDriver 114.0.5735.90 (386bc09e8f4f2e025eddae123f36f6263096ae49-refs/branch-heads/5735@{#1052}) on port 20123
Only local connections are allowed.
Please see https://chromedriver.chromium.org/security-considerations for suggestions on keeping ChromeDriver safe.
ChromeDriver was started successfully.
[1691933993.908][WARNING]: This version of ChromeDriver has not been tested with Chrome version 115.
Aug 13, 2023 4:39:53 PM org.openqa.selenium.devtools.CdpVersionFinder findNearestMatch
WARNING: Unable to find an exact match for CDP version 115, so returning the closest version found: 113
]]></system-err>
  </testcase>
  <testcase name="tc03_fillOnlyLastNameField" classname="tests.t6_CheckoutInformationFields" time="1.299">
    <system-err><![CDATA[Starting ChromeDriver 114.0.5735.90 (386bc09e8f4f2e025eddae123f36f6263096ae49-refs/branch-heads/5735@{#1052}) on port 42853
Only local connections are allowed.
Please see https://chromedriver.chromium.org/security-considerations for suggestions on keeping ChromeDriver safe.
ChromeDriver was started successfully.
[1691933998.275][WARNING]: This version of ChromeDriver has not been tested with Chrome version 115.
Aug 13, 2023 4:39:58 PM org.openqa.selenium.devtools.CdpVersionFinder findNearestMatch
WARNING: Unable to find an exact match for CDP version 115, so returning the closest version found: 113
]]></system-err>
  </testcase>
  <testcase name="tc04_fillOnlyZipCodeField" classname="tests.t6_CheckoutInformationFields" time="1.337">
    <system-err><![CDATA[Starting ChromeDriver 114.0.5735.90 (386bc09e8f4f2e025eddae123f36f6263096ae49-refs/branch-heads/5735@{#1052}) on port 6348
Only local connections are allowed.
Please see https://chromedriver.chromium.org/security-considerations for suggestions on keeping ChromeDriver safe.
ChromeDriver was started successfully.
[1691934002.775][WARNING]: This version of ChromeDriver has not been tested with Chrome version 115.
Aug 13, 2023 4:40:02 PM org.openqa.selenium.devtools.CdpVersionFinder findNearestMatch
WARNING: Unable to find an exact match for CDP version 115, so returning the closest version found: 113
]]></system-err>
  </testcase>
  <testcase name="tc05_fillOnlyFirstAndLastNameFields" classname="tests.t6_CheckoutInformationFields" time="1.31">
    <system-err><![CDATA[Starting ChromeDriver 114.0.5735.90 (386bc09e8f4f2e025eddae123f36f6263096ae49-refs/branch-heads/5735@{#1052}) on port 10131
Only local connections are allowed.
Please see https://chromedriver.chromium.org/security-considerations for suggestions on keeping ChromeDriver safe.
ChromeDriver was started successfully.
[1691934007.211][WARNING]: This version of ChromeDriver has not been tested with Chrome version 115.
Aug 13, 2023 4:40:07 PM org.openqa.selenium.devtools.CdpVersionFinder findNearestMatch
WARNING: Unable to find an exact match for CDP version 115, so returning the closest version found: 113
]]></system-err>
  </testcase>
  <testcase name="tc06_fillOnlyFirstNameZipCodeFields" classname="tests.t6_CheckoutInformationFields" time="1.315">
    <system-err><![CDATA[Starting ChromeDriver 114.0.5735.90 (386bc09e8f4f2e025eddae123f36f6263096ae49-refs/branch-heads/5735@{#1052}) on port 16921
Only local connections are allowed.
Please see https://chromedriver.chromium.org/security-considerations for suggestions on keeping ChromeDriver safe.
ChromeDriver was started successfully.
[1691934011.695][WARNING]: This version of ChromeDriver has not been tested with Chrome version 115.
Aug 13, 2023 4:40:11 PM org.openqa.selenium.devtools.CdpVersionFinder findNearestMatch
WARNING: Unable to find an exact match for CDP version 115, so returning the closest version found: 113
]]></system-err>
  </testcase>
  <testcase name="tc07_fillOnlyLastNameAndZipCodeFields" classname="tests.t6_CheckoutInformationFields" time="1.332">
    <system-err><![CDATA[Starting ChromeDriver 114.0.5735.90 (386bc09e8f4f2e025eddae123f36f6263096ae49-refs/branch-heads/5735@{#1052}) on port 34399
Only local connections are allowed.
Please see https://chromedriver.chromium.org/security-considerations for suggestions on keeping ChromeDriver safe.
ChromeDriver was started successfully.
[1691934016.091][WARNING]: This version of ChromeDriver has not been tested with Chrome version 115.
Aug 13, 2023 4:40:16 PM org.openqa.selenium.devtools.CdpVersionFinder findNearestMatch
WARNING: Unable to find an exact match for CDP version 115, so returning the closest version found: 113
]]></system-err>
  </testcase>
  <testcase name="tc01_addAndGoStraightToCheckout" classname="tests.t7_PriceCalculation" time="3.503">
    <system-err><![CDATA[Starting ChromeDriver 114.0.5735.90 (386bc09e8f4f2e025eddae123f36f6263096ae49-refs/branch-heads/5735@{#1052}) on port 29429
Only local connections are allowed.
Please see https://chromedriver.chromium.org/security-considerations for suggestions on keeping ChromeDriver safe.
ChromeDriver was started successfully.
[1691934020.470][WARNING]: This version of ChromeDriver has not been tested with Chrome version 115.
Aug 13, 2023 4:40:20 PM org.openqa.selenium.devtools.CdpVersionFinder findNearestMatch
WARNING: Unable to find an exact match for CDP version 115, so returning the closest version found: 113
]]></system-err>
  </testcase>
  <testcase name="tc02_addRemoveAndGoToCheckout" classname="tests.t7_PriceCalculation" time="3.081">
    <system-err><![CDATA[Starting ChromeDriver 114.0.5735.90 (386bc09e8f4f2e025eddae123f36f6263096ae49-refs/branch-heads/5735@{#1052}) on port 22205
Only local connections are allowed.
Please see https://chromedriver.chromium.org/security-considerations for suggestions on keeping ChromeDriver safe.
ChromeDriver was started successfully.
[1691934027.140][WARNING]: This version of ChromeDriver has not been tested with Chrome version 115.
Aug 13, 2023 4:40:27 PM org.openqa.selenium.devtools.CdpVersionFinder findNearestMatch
WARNING: Unable to find an exact match for CDP version 115, so returning the closest version found: 113
]]></system-err>
  </testcase>
  <testcase name="tc03_AddRemoveAddAndRemoveFromCart" classname="tests.t7_PriceCalculation" time="3.943">
    <system-err><![CDATA[Starting ChromeDriver 114.0.5735.90 (386bc09e8f4f2e025eddae123f36f6263096ae49-refs/branch-heads/5735@{#1052}) on port 8715
Only local connections are allowed.
Please see https://chromedriver.chromium.org/security-considerations for suggestions on keeping ChromeDriver safe.
ChromeDriver was started successfully.
[1691934033.361][WARNING]: This version of ChromeDriver has not been tested with Chrome version 115.
Aug 13, 2023 4:40:33 PM org.openqa.selenium.devtools.CdpVersionFinder findNearestMatch
WARNING: Unable to find an exact match for CDP version 115, so returning the closest version found: 113
]]></system-err>
  </testcase>
  <testcase name="tc04addRemoveAddAndRemoveFromCartRefreshThePageLogOutAndLogInAgain" classname="tests.t7_PriceCalculation" time="4.945">
    <system-err><![CDATA[Starting ChromeDriver 114.0.5735.90 (386bc09e8f4f2e025eddae123f36f6263096ae49-refs/branch-heads/5735@{#1052}) on port 16307
Only local connections are allowed.
Please see https://chromedriver.chromium.org/security-considerations for suggestions on keeping ChromeDriver safe.
ChromeDriver was started successfully.
[1691934040.471][WARNING]: This version of ChromeDriver has not been tested with Chrome version 115.
Aug 13, 2023 4:40:40 PM org.openqa.selenium.devtools.CdpVersionFinder findNearestMatch
WARNING: Unable to find an exact match for CDP version 115, so returning the closest version found: 113
]]></system-err>
  </testcase>
  <testcase name="tc05_addRemoveFromCartAndClickCart" classname="tests.t7_PriceCalculation" time="1.97">
    <failure message="Item &apos;Sauce Labs Bolt T-Shirt&apos; was not found in the cart" type="java.lang.AssertionError"><![CDATA[java.lang.AssertionError: Item 'Sauce Labs Bolt T-Shirt' was not found in the cart
	at pageobjects.CartPage.isInCartByArray(CartPage.java:39)
	at tests.t7_PriceCalculation.tc05_addRemoveFromCartAndClickCart(t7_PriceCalculation.java:84)
	at sun.reflect.NativeMethodAccessorImpl.invoke0(Native Method)
	at sun.reflect.NativeMethodAccessorImpl.invoke(NativeMethodAccessorImpl.java:62)
	at sun.reflect.DelegatingMethodAccessorImpl.invoke(DelegatingMethodAccessorImpl.java:43)
	at java.lang.reflect.Method.invoke(Method.java:498)
	at org.testng.internal.invokers.MethodInvocationHelper.invokeMethod(MethodInvocationHelper.java:135)
	at org.testng.internal.invokers.TestInvoker.invokeMethod(TestInvoker.java:673)
	at org.testng.internal.invokers.TestInvoker.invokeTestMethod(TestInvoker.java:220)
	at org.testng.internal.invokers.MethodRunner.runInSequence(MethodRunner.java:50)
	at org.testng.internal.invokers.TestInvoker$MethodInvocationAgent.invoke(TestInvoker.java:945)
	at org.testng.internal.invokers.TestInvoker.invokeTestMethods(TestInvoker.java:193)
	at org.testng.internal.invokers.TestMethodWorker.invokeTestMethods(TestMethodWorker.java:146)
	at org.testng.internal.invokers.TestMethodWorker.run(TestMethodWorker.java:128)
	at java.util.ArrayList.forEach(ArrayList.java:1257)
	at org.testng.TestRunner.privateRun(TestRunner.java:808)
	at org.testng.TestRunner.run(TestRunner.java:603)
	at org.testng.SuiteRunner.runTest(SuiteRunner.java:429)
	at org.testng.SuiteRunner.runSequentially(SuiteRunner.java:423)
	at org.testng.SuiteRunner.privateRun(SuiteRunner.java:383)
	at org.testng.SuiteRunner.run(SuiteRunner.java:326)
	at org.testng.SuiteRunnerWorker.runSuite(SuiteRunnerWorker.java:52)
	at org.testng.SuiteRunnerWorker.run(SuiteRunnerWorker.java:95)
	at org.testng.TestNG.runSuitesSequentially(TestNG.java:1249)
	at org.testng.TestNG.runSuitesLocally(TestNG.java:1169)
	at org.testng.TestNG.runSuites(TestNG.java:1092)
	at org.testng.TestNG.run(TestNG.java:1060)
	at org.apache.maven.surefire.testng.TestNGExecutor.run(TestNGExecutor.java:324)
	at org.apache.maven.surefire.testng.TestNGXmlTestSuite.execute(TestNGXmlTestSuite.java:74)
	at org.apache.maven.surefire.testng.TestNGProvider.invoke(TestNGProvider.java:123)
	at org.apache.maven.surefire.booter.ForkedBooter.runSuitesInProcess(ForkedBooter.java:456)
	at org.apache.maven.surefire.booter.ForkedBooter.execute(ForkedBooter.java:169)
	at org.apache.maven.surefire.booter.ForkedBooter.run(ForkedBooter.java:595)
	at org.apache.maven.surefire.booter.ForkedBooter.main(ForkedBooter.java:581)
]]></failure>
    <system-err><![CDATA[Starting ChromeDriver 114.0.5735.90 (386bc09e8f4f2e025eddae123f36f6263096ae49-refs/branch-heads/5735@{#1052}) on port 45426
Only local connections are allowed.
Please see https://chromedriver.chromium.org/security-considerations for suggestions on keeping ChromeDriver safe.
ChromeDriver was started successfully.
[1691934048.522][WARNING]: This version of ChromeDriver has not been tested with Chrome version 115.
Aug 13, 2023 4:40:48 PM org.openqa.selenium.devtools.CdpVersionFinder findNearestMatch
WARNING: Unable to find an exact match for CDP version 115, so returning the closest version found: 113
]]></system-err>
  </testcase>
  <testcase name="tc01_verifySocialMediaLinksInProductPage" classname="tests.t8_SocialMediaLinks" time="0.763">
    <system-err><![CDATA[Starting ChromeDriver 114.0.5735.90 (386bc09e8f4f2e025eddae123f36f6263096ae49-refs/branch-heads/5735@{#1052}) on port 19980
Only local connections are allowed.
Please see https://chromedriver.chromium.org/security-considerations for suggestions on keeping ChromeDriver safe.
ChromeDriver was started successfully.
[1691934053.594][WARNING]: This version of ChromeDriver has not been tested with Chrome version 115.
Aug 13, 2023 4:40:53 PM org.openqa.selenium.devtools.CdpVersionFinder findNearestMatch
WARNING: Unable to find an exact match for CDP version 115, so returning the closest version found: 113
]]></system-err>
  </testcase>
  <testcase name="tc01_verifySocialMediaLinksInProductsPage" classname="tests.t8_SocialMediaLinks" time="0.681">
    <system-err><![CDATA[Starting ChromeDriver 114.0.5735.90 (386bc09e8f4f2e025eddae123f36f6263096ae49-refs/branch-heads/5735@{#1052}) on port 5953
Only local connections are allowed.
Please see https://chromedriver.chromium.org/security-considerations for suggestions on keeping ChromeDriver safe.
ChromeDriver was started successfully.
[1691934057.539][WARNING]: This version of ChromeDriver has not been tested with Chrome version 115.
Aug 13, 2023 4:40:57 PM org.openqa.selenium.devtools.CdpVersionFinder findNearestMatch
WARNING: Unable to find an exact match for CDP version 115, so returning the closest version found: 113
]]></system-err>
  </testcase>
</testsuite>