<?xml version="1.0" encoding="UTF-8"?>
<testsuite xmlns:xsi="http://www.w3.org/2001/XMLSchema-instance" xsi:noNamespaceSchemaLocation="https://maven.apache.org/surefire/maven-surefire-plugin/xsd/surefire-test-report-3.0.xsd" version="3.0" name="TestSuite" time="26.167" tests="102" errors="0" skipped="94" failures="8">
  <properties>
[...]
</properties>
  <testcase name="setup" classname="tests.t1_Login" time="16.153">
    <failure message="Could not start a new session. Response code 500. Message: An unknown server-side error occurred while processing the command. Original error: Could not find a driver for automationName &apos;ANDROID_UIAUTOMATOR2&apos; and platformName &apos;ANDROID&apos;. Have you installed a driver that supports those capabilities? Run &apos;appium driver list --installed&apos; to see. (Lower-level error: Could not find installed driver to support given caps) &#10;Host info: host: &apos;LAPTOP-RMK290R9&apos;, ip: &apos;192.168.1.20&apos;&#10;Build info: version: &apos;4.9.1&apos;, revision: &apos;eb2032df7f&apos;&#10;System info: os.name: &apos;Windows 10&apos;, os.arch: &apos;amd64&apos;, os.version: &apos;10.0&apos;, java.version: &apos;1.8.0_211&apos;&#10;Driver info: io.appium.java_client.android.AndroidDriver&#10;Command: [null, newSession {capabilities=[{appium:udid=emulator-5554, appium:chromedriverExecutableDir=./utils/ExecutableDirs, appium:chromedriverChromeMappingFile=https://github.com/appium/appium-chromedriver/blob/master/config/mapping.json, browserName=Chrome, platformName=ANDROID, appium:deviceName=Pixel_XL_API_33, appium:automationName=ANDROID_UIAUTOMATOR2}], desiredCapabilities=Capabilities {appium:automationName: ANDROID_UIAUTOMATOR2, appium:chromedriverChromeMappingFile: https://github.com/appium/a..., appium:chromedriverExecutableDir: ./utils/ExecutableDirs, appium:deviceName: Pixel_XL_API_33, appium:udid: emulator-5554, browserName: Chrome, platformName: ANDROID}}]&#10;Capabilities {appium:automationName: ANDROID_UIAUTOMATOR2, appium:chromedriverChromeMappingFile: https://github.com/appium/a..., appium:chromedriverExecutableDir: ./utils/ExecutableDirs, appium:deviceName: Pixel_XL_API_33, appium:udid: emulator-5554, browserName: Chrome, platformName: ANDROID}" type="org.openqa.selenium.SessionNotCreatedException"><![CDATA[org.openqa.selenium.SessionNotCreatedException: 
Could not start a new session. Response code 500. Message: An unknown server-side error occurred while processing the command. Original error: Could not find a driver for automationName 'ANDROID_UIAUTOMATOR2' and platformName 'ANDROID'. Have you installed a driver that supports those capabilities? Run 'appium driver list --installed' to see. (Lower-level error: Could not find installed driver to support given caps) 
Host info: host: 'LAPTOP-RMK290R9', ip: '192.168.1.20'
Build info: version: '4.9.1', revision: 'eb2032df7f'
System info: os.name: 'Windows 10', os.arch: 'amd64', os.version: '10.0', java.version: '1.8.0_211'
Driver info: io.appium.java_client.android.AndroidDriver
Command: [null, newSession {capabilities=[{appium:udid=emulator-5554, appium:chromedriverExecutableDir=./utils/ExecutableDirs, appium:chromedriverChromeMappingFile=https://github.com/appium/appium-chromedriver/blob/master/config/mapping.json, browserName=Chrome, platformName=ANDROID, appium:deviceName=Pixel_XL_API_33, appium:automationName=ANDROID_UIAUTOMATOR2}], desiredCapabilities=Capabilities {appium:automationName: ANDROID_UIAUTOMATOR2, appium:chromedriverChromeMappingFile: https://github.com/appium/a..., appium:chromedriverExecutableDir: ./utils/ExecutableDirs, appium:deviceName: Pixel_XL_API_33, appium:udid: emulator-5554, browserName: Chrome, platformName: ANDROID}}]
Capabilities {appium:automationName: ANDROID_UIAUTOMATOR2, appium:chromedriverChromeMappingFile: https://github.com/appium/a..., appium:chromedriverExecutableDir: ./utils/ExecutableDirs, appium:deviceName: Pixel_XL_API_33, appium:udid: emulator-5554, browserName: Chrome, platformName: ANDROID}
	at org.openqa.selenium.remote.ProtocolHandshake.createSession(ProtocolHandshake.java:136)
	at sun.reflect.NativeMethodAccessorImpl.invoke0(Native Method)
	at sun.reflect.NativeMethodAccessorImpl.invoke(NativeMethodAccessorImpl.java:62)
	at sun.reflect.DelegatingMethodAccessorImpl.invoke(DelegatingMethodAccessorImpl.java:43)
	at java.lang.reflect.Method.invoke(Method.java:498)
	at io.appium.java_client.remote.AppiumProtocolHandshake.createSession(AppiumProtocolHandshake.java:133)
	at io.appium.java_client.remote.AppiumProtocolHandshake.createSession(AppiumProtocolHandshake.java:102)
	at io.appium.java_client.remote.AppiumCommandExecutor.createSession(AppiumCommandExecutor.java:182)
	at io.appium.java_client.remote.AppiumCommandExecutor.execute(AppiumCommandExecutor.java:250)
	at org.openqa.selenium.remote.RemoteWebDriver.execute(RemoteWebDriver.java:543)
	at io.appium.java_client.AppiumDriver.startSession(AppiumDriver.java:274)
	at org.openqa.selenium.remote.RemoteWebDriver.<init>(RemoteWebDriver.java:157)
	at io.appium.java_client.AppiumDriver.<init>(AppiumDriver.java:89)
	at io.appium.java_client.AppiumDriver.<init>(AppiumDriver.java:112)
	at io.appium.java_client.AppiumDriver.<init>(AppiumDriver.java:137)
	at io.appium.java_client.android.AndroidDriver.<init>(AndroidDriver.java:236)
	at tests.BaseTest.setup(BaseTest.java:90)
	at sun.reflect.NativeMethodAccessorImpl.invoke0(Native Method)
	at sun.reflect.NativeMethodAccessorImpl.invoke(NativeMethodAccessorImpl.java:62)
	at sun.reflect.DelegatingMethodAccessorImpl.invoke(DelegatingMethodAccessorImpl.java:43)
	at java.lang.reflect.Method.invoke(Method.java:498)
	at org.testng.internal.invokers.MethodInvocationHelper.invokeMethod(MethodInvocationHelper.java:135)
	at org.testng.internal.invokers.MethodInvocationHelper.invokeMethodConsideringTimeout(MethodInvocationHelper.java:65)
	at org.testng.internal.invokers.ConfigInvoker.invokeConfigurationMethod(ConfigInvoker.java:381)
	at org.testng.internal.invokers.ConfigInvoker.invokeConfigurations(ConfigInvoker.java:319)
	at org.testng.internal.invokers.TestInvoker.runConfigMethods(TestInvoker.java:803)
	at org.testng.internal.invokers.TestInvoker.invokeMethod(TestInvoker.java:589)
	at org.testng.internal.invokers.TestInvoker.invokeTestMethod(TestInvoker.java:220)
	at org.testng.internal.invokers.MethodRunner.runInSequence(MethodRunner.java:50)
	at org.testng.internal.invokers.TestInvoker$MethodInvocationAgent.invoke(TestInvoker.java:945)
	at org.testng.internal.invokers.TestInvoker.invokeTestMethods(TestInvoker.java:193)
	at org.testng.internal.invokers.TestMethodWorker.invokeTestMethods(TestMethodWorker.java:146)
	at org.testng.internal.invokers.TestMethodWorker.run(TestMethodWorker.java:128)
	at java.util.ArrayList.forEach(ArrayList.java:1257)
	at org.testng.TestRunner.privateRun(TestRunner.java:808)
	at org.testng.TestRunner.run(TestRunner.java:603)
	at org.testng.SuiteRunner.runTest(SuiteRunner.java:429)
	at org.testng.SuiteRunner.runSequentially(SuiteRunner.java:423)
	at org.testng.SuiteRunner.privateRun(SuiteRunner.java:383)
	at org.testng.SuiteRunner.run(SuiteRunner.java:326)
	at org.testng.SuiteRunnerWorker.runSuite(SuiteRunnerWorker.java:52)
	at org.testng.SuiteRunnerWorker.run(SuiteRunnerWorker.java:95)
	at org.testng.TestNG.runSuitesSequentially(TestNG.java:1249)
	at org.testng.TestNG.runSuitesLocally(TestNG.java:1169)
	at org.testng.TestNG.runSuites(TestNG.java:1092)
	at org.testng.TestNG.run(TestNG.java:1060)
	at org.apache.maven.surefire.testng.TestNGExecutor.run(TestNGExecutor.java:324)
	at org.apache.maven.surefire.testng.TestNGXmlTestSuite.execute(TestNGXmlTestSuite.java:74)
	at org.apache.maven.surefire.testng.TestNGProvider.invoke(TestNGProvider.java:123)
	at org.apache.maven.surefire.booter.ForkedBooter.runSuitesInProcess(ForkedBooter.java:456)
	at org.apache.maven.surefire.booter.ForkedBooter.execute(ForkedBooter.java:169)
	at org.apache.maven.surefire.booter.ForkedBooter.run(ForkedBooter.java:595)
	at org.apache.maven.surefire.booter.ForkedBooter.main(ForkedBooter.java:581)
]]></failure>
    <system-out><![CDATA[&amp#27;[35m[Appium]&amp#27;[39m Welcome to Appium v2.0.0
&amp#27;[35m[Appium]&amp#27;[39m Attempting to load driver uiautomator2...
[debug] &amp#27;[35m[Appium]&amp#27;[39m Requiring driver at C:\Users\jonmi\.appium\node_modules\appium-uiautomator2-driver
&amp#27;[35m[Appium]&amp#27;[39m Appium REST http interface listener started on http://0.0.0.0:4723
&amp#27;[35m[Appium]&amp#27;[39m You can provide the following URLS in your client code to connect to this server:
&amp#27;[35m[Appium]&amp#27;[39m 	http://192.168.1.20:4723/
&amp#27;[35m[Appium]&amp#27;[39m 	http://127.0.0.1:4723/ (only accessible from the same host)
&amp#27;[35m[Appium]&amp#27;[39m Available drivers:
&amp#27;[35m[Appium]&amp#27;[39m   - uiautomator2@2.29.2 (automationName 'UiAutomator2')
&amp#27;[35m[Appium]&amp#27;[39m No plugins have been installed. Use the "appium plugin" command to install the one(s) you want to use.
&amp#27;[38;5;0m[HTTP]&amp#27;[0m &amp#27;[37m-->&amp#27;[39m &amp#27;[37mGET&amp#27;[39m &amp#27;[37m/status&amp#27;[39m
&amp#27;[38;5;0m[HTTP]&amp#27;[0m &amp#27;[90m{}&amp#27;[39m
[debug] &amp#27;[38;5;16m[AppiumDriver@ae6b]&amp#27;[0m Calling AppiumDriver.getStatus() with args: []
[debug] &amp#27;[38;5;16m[AppiumDriver@ae6b]&amp#27;[0m Responding to client with driver.getStatus() result: {"build":{"version":"2.0.0"}}
&amp#27;[38;5;0m[HTTP]&amp#27;[0m &amp#27;[37m<-- GET /status &amp#27;[39m&amp#27;[32m200&amp#27;[39m &amp#27;[90m7 ms - 39&amp#27;[39m
&amp#27;[38;5;0m[HTTP]&amp#27;[0m &amp#27;[90m&amp#27;[39m
[debug] &amp#27;[38;5;0m[HTTP]&amp#27;[0m Request idempotency key: 5ce1ca70-19da-4424-82c2-42790f391a54
&amp#27;[38;5;0m[HTTP]&amp#27;[0m &amp#27;[37m-->&amp#27;[39m &amp#27;[37mPOST&amp#27;[39m &amp#27;[37m/session&amp#27;[39m
&amp#27;[38;5;0m[HTTP]&amp#27;[0m &amp#27;[90m{"capabilities":{"firstMatch":[{}],"alwaysMatch":{"appium:automationName":"ANDROID_UIAUTOMATOR2","appium:chromedriverChromeMappingFile":"https://github.com/appium/appium-chromedriver/blob/master/config/mapping.json","appium:chromedriverExecutableDir":"./utils/ExecutableDirs","appium:deviceName":"Pixel_XL_API_33","appium:udid":"emulator-5554","browserName":"Chrome","platformName":"ANDROID"}}}&amp#27;[39m
[debug] &amp#27;[38;5;16m[AppiumDriver@ae6b]&amp#27;[0m Calling AppiumDriver.createSession() with args: [null,null,{"firstMatch":[{}],"alwaysMatch":{"appium:automationName":"ANDROID_UIAUTOMATOR2","appium:chromedriverChromeMappingFile":"https://github.com/appium/appium-chromedriver/blob/master/config/mapping.json","appium:chromedriverExecutableDir":"./utils/ExecutableDirs","appium:deviceName":"Pixel_XL_API_33","appium:udid":"emulator-5554","browserName":"Chrome","platformName":"ANDROID"}}]
[debug] &amp#27;[38;5;16m[AppiumDriver@ae6b]&amp#27;[0m Event 'newSessionRequested' logged at 1692208722868 (20:58:42 GMT+0300 (Israel Daylight Time))
&amp#27;[35m[Appium]&amp#27;[39m Attempting to find matching driver for automationName 'ANDROID_UIAUTOMATOR2' and platformName 'ANDROID'
[debug] &amp#27;[38;5;16m[AppiumDriver@ae6b]&amp#27;[0m Event 'newSessionStarted' logged at 1692208722874 (20:58:42 GMT+0300 (Israel Daylight Time))
[debug] &amp#27;[38;5;16m[AppiumDriver@ae6b]&amp#27;[0m Encountered internal error running command: Error: Could not find a driver for automationName 'ANDROID_UIAUTOMATOR2' and platformName 'ANDROID'. Have you installed a driver that supports those capabilities? Run 'appium driver list --installed' to see. (Lower-level error: Could not find installed driver to support given caps)
[debug] &amp#27;[38;5;16m[AppiumDriver@ae6b]&amp#27;[0m     at DriverConfig.findMatchingDriver (C:\Users\jonmi\AppData\Roaming\npm\node_modules\appium\lib\extension\driver-config.js:175:13)
[debug] &amp#27;[38;5;16m[AppiumDriver@ae6b]&amp#27;[0m     at AppiumDriver.createSession (C:\Users\jonmi\AppData\Roaming\npm\node_modules\appium\lib\appium.js:273:29)
[debug] &amp#27;[38;5;16m[AppiumDriver@ae6b]&amp#27;[0m     at commandExecutor (C:\Users\jonmi\AppData\Roaming\npm\node_modules\appium\node_modules\@appium\base-driver\lib\basedriver\driver.ts:107:18)
[debug] &amp#27;[38;5;16m[AppiumDriver@ae6b]&amp#27;[0m     at AppiumDriver.executeCommand (C:\Users\jonmi\AppData\Roaming\npm\node_modules\appium\node_modules\@appium\base-driver\lib\basedriver\driver.ts:124:15)
[debug] &amp#27;[38;5;16m[AppiumDriver@ae6b]&amp#27;[0m     at processTicksAndRejections (node:internal/process/task_queues:95:5)
[debug] &amp#27;[38;5;16m[AppiumDriver@ae6b]&amp#27;[0m     at defaultBehavior (C:\Users\jonmi\AppData\Roaming\npm\node_modules\appium\lib\appium.js:680:16)
[debug] &amp#27;[38;5;16m[AppiumDriver@ae6b]&amp#27;[0m     at AppiumDriver.executeWrappedCommand (C:\Users\jonmi\AppData\Roaming\npm\node_modules\appium\lib\appium.js:774:16)
[debug] &amp#27;[38;5;16m[AppiumDriver@ae6b]&amp#27;[0m     at AppiumDriver.executeCommand (C:\Users\jonmi\AppData\Roaming\npm\node_modules\appium\lib\appium.js:696:17)
[debug] &amp#27;[38;5;16m[AppiumDriver@ae6b]&amp#27;[0m     at asyncHandler (C:\Users\jonmi\AppData\Roaming\npm\node_modules\appium\node_modules\@appium\base-driver\lib\protocol\protocol.js:393:19)
&amp#27;[38;5;0m[HTTP]&amp#27;[0m &amp#27;[37m<-- POST /session &amp#27;[39m&amp#27;[31m500&amp#27;[39m &amp#27;[90m44 ms - 1116&amp#27;[39m
&amp#27;[38;5;0m[HTTP]&amp#27;[0m &amp#27;[90m&amp#27;[39m
]]></system-out>
    <system-err><![CDATA[SLF4J: Failed to load class "org.slf4j.impl.StaticLoggerBinder".
SLF4J: Defaulting to no-operation (NOP) logger implementation
SLF4J: See http://www.slf4j.org/codes.html#StaticLoggerBinder for further details.
ERROR StatusLogger Log4j2 could not find a logging implementation. Please add log4j-core to the classpath. Using SimpleLogger to log to the console...
]]></system-err>
  </testcase>
  <testcase name="setup" classname="tests.t1_Login" time="0">
    <skipped/>
  </testcase>
  <testcase name="setup" classname="tests.t1_Login" time="0">
    <skipped/>
  </testcase>
  <testcase name="setup" classname="tests.t1_Login" time="0">
    <skipped/>
  </testcase>
  <testcase name="setup" classname="tests.t1_Login" time="0">
    <skipped/>
  </testcase>
  <testcase name="setup" classname="tests.t1_Login" time="0">
    <skipped/>
  </testcase>
  <testcase name="setup" classname="tests.t1_Login" time="0">
    <skipped/>
  </testcase>
  <testcase name="setup" classname="tests.t1_Login" time="0">
    <skipped/>
  </testcase>
  <testcase name="setup" classname="tests.t1_Login" time="0">
    <skipped/>
  </testcase>
  <testcase name="setup" classname="tests.t1_Login" time="0">
    <skipped/>
  </testcase>
  <testcase name="tc01_userLogin[standard_user, secret_sauce, ](1)" classname="tests.t1_Login" time="0">
    <skipped message="Could not start a new session. Response code 500. Message: An unknown server-side error occurred while processing the command. Original error: Could not find a driver for automationName &apos;ANDROID_UIAUTOMATOR2&apos; and platformName &apos;ANDROID&apos;. Have you installed a driver that supports those capabilities? Run &apos;appium driver list --installed&apos; to see. (Lower-level error: Could not find installed driver to support given caps) &#10;Host info: host: &apos;LAPTOP-RMK290R9&apos;, ip: &apos;192.168.1.20&apos;&#10;Build info: version: &apos;4.9.1&apos;, revision: &apos;eb2032df7f&apos;&#10;System info: os.name: &apos;Windows 10&apos;, os.arch: &apos;amd64&apos;, os.version: &apos;10.0&apos;, java.version: &apos;1.8.0_211&apos;&#10;Driver info: io.appium.java_client.android.AndroidDriver&#10;Command: [null, newSession {capabilities=[{appium:udid=emulator-5554, appium:chromedriverExecutableDir=./utils/ExecutableDirs, appium:chromedriverChromeMappingFile=https://github.com/appium/appium-chromedriver/blob/master/config/mapping.json, browserName=Chrome, platformName=ANDROID, appium:deviceName=Pixel_XL_API_33, appium:automationName=ANDROID_UIAUTOMATOR2}], desiredCapabilities=Capabilities {appium:automationName: ANDROID_UIAUTOMATOR2, appium:chromedriverChromeMappingFile: https://github.com/appium/a..., appium:chromedriverExecutableDir: ./utils/ExecutableDirs, appium:deviceName: Pixel_XL_API_33, appium:udid: emulator-5554, browserName: Chrome, platformName: ANDROID}}]&#10;Capabilities {appium:automationName: ANDROID_UIAUTOMATOR2, appium:chromedriverChromeMappingFile: https://github.com/appium/a..., appium:chromedriverExecutableDir: ./utils/ExecutableDirs, appium:deviceName: Pixel_XL_API_33, appium:udid: emulator-5554, browserName: Chrome, platformName: ANDROID}"/>
  </testcase>
  <testcase name="TearDown" classname="tests.t1_Login" time="0">
    <skipped/>
  </testcase>
  <testcase name="TearDown" classname="tests.t1_Login" time="0">
    <skipped/>
  </testcase>
  <testcase name="TearDown" classname="tests.t1_Login" time="0">
    <skipped/>
  </testcase>
  <testcase name="TearDown" classname="tests.t1_Login" time="0">
    <skipped/>
  </testcase>
  <testcase name="TearDown" classname="tests.t1_Login" time="0">
    <skipped/>
  </testcase>
  <testcase name="TearDown" classname="tests.t1_Login" time="0">
    <skipped/>
  </testcase>
  <testcase name="TearDown" classname="tests.t1_Login" time="0">
    <skipped/>
  </testcase>
  <testcase name="TearDown" classname="tests.t1_Login" time="0">
    <skipped/>
  </testcase>
  <testcase name="TearDown" classname="tests.t1_Login" time="0">
    <skipped/>
  </testcase>
  <testcase name="TearDown" classname="tests.t1_Login" time="0">
    <skipped/>
  </testcase>
  <testcase name="tc01_userLogin[locked_out_user, secret_sauce, Epic sadface: Sorry, this user has been locked out.](2)" classname="tests.t1_Login" time="0">
    <skipped message="Could not start a new session. Response code 500. Message: An unknown server-side error occurred while processing the command. Original error: Could not find a driver for automationName &apos;ANDROID_UIAUTOMATOR2&apos; and platformName &apos;ANDROID&apos;. Have you installed a driver that supports those capabilities? Run &apos;appium driver list --installed&apos; to see. (Lower-level error: Could not find installed driver to support given caps) &#10;Host info: host: &apos;LAPTOP-RMK290R9&apos;, ip: &apos;192.168.1.20&apos;&#10;Build info: version: &apos;4.9.1&apos;, revision: &apos;eb2032df7f&apos;&#10;System info: os.name: &apos;Windows 10&apos;, os.arch: &apos;amd64&apos;, os.version: &apos;10.0&apos;, java.version: &apos;1.8.0_211&apos;&#10;Driver info: io.appium.java_client.android.AndroidDriver&#10;Command: [null, newSession {capabilities=[{appium:udid=emulator-5554, appium:chromedriverExecutableDir=./utils/ExecutableDirs, appium:chromedriverChromeMappingFile=https://github.com/appium/appium-chromedriver/blob/master/config/mapping.json, browserName=Chrome, platformName=ANDROID, appium:deviceName=Pixel_XL_API_33, appium:automationName=ANDROID_UIAUTOMATOR2}], desiredCapabilities=Capabilities {appium:automationName: ANDROID_UIAUTOMATOR2, appium:chromedriverChromeMappingFile: https://github.com/appium/a..., appium:chromedriverExecutableDir: ./utils/ExecutableDirs, appium:deviceName: Pixel_XL_API_33, appium:udid: emulator-5554, browserName: Chrome, platformName: ANDROID}}]&#10;Capabilities {appium:automationName: ANDROID_UIAUTOMATOR2, appium:chromedriverChromeMappingFile: https://github.com/appium/a..., appium:chromedriverExecutableDir: ./utils/ExecutableDirs, appium:deviceName: Pixel_XL_API_33, appium:udid: emulator-5554, browserName: Chrome, platformName: ANDROID}"/>
  </testcase>
  <testcase name="tc01_userLogin[problem_user, secret_sauce, ](3)" classname="tests.t1_Login" time="0">
    <skipped message="Could not start a new session. Response code 500. Message: An unknown server-side error occurred while processing the command. Original error: Could not find a driver for automationName &apos;ANDROID_UIAUTOMATOR2&apos; and platformName &apos;ANDROID&apos;. Have you installed a driver that supports those capabilities? Run &apos;appium driver list --installed&apos; to see. (Lower-level error: Could not find installed driver to support given caps) &#10;Host info: host: &apos;LAPTOP-RMK290R9&apos;, ip: &apos;192.168.1.20&apos;&#10;Build info: version: &apos;4.9.1&apos;, revision: &apos;eb2032df7f&apos;&#10;System info: os.name: &apos;Windows 10&apos;, os.arch: &apos;amd64&apos;, os.version: &apos;10.0&apos;, java.version: &apos;1.8.0_211&apos;&#10;Driver info: io.appium.java_client.android.AndroidDriver&#10;Command: [null, newSession {capabilities=[{appium:udid=emulator-5554, appium:chromedriverExecutableDir=./utils/ExecutableDirs, appium:chromedriverChromeMappingFile=https://github.com/appium/appium-chromedriver/blob/master/config/mapping.json, browserName=Chrome, platformName=ANDROID, appium:deviceName=Pixel_XL_API_33, appium:automationName=ANDROID_UIAUTOMATOR2}], desiredCapabilities=Capabilities {appium:automationName: ANDROID_UIAUTOMATOR2, appium:chromedriverChromeMappingFile: https://github.com/appium/a..., appium:chromedriverExecutableDir: ./utils/ExecutableDirs, appium:deviceName: Pixel_XL_API_33, appium:udid: emulator-5554, browserName: Chrome, platformName: ANDROID}}]&#10;Capabilities {appium:automationName: ANDROID_UIAUTOMATOR2, appium:chromedriverChromeMappingFile: https://github.com/appium/a..., appium:chromedriverExecutableDir: ./utils/ExecutableDirs, appium:deviceName: Pixel_XL_API_33, appium:udid: emulator-5554, browserName: Chrome, platformName: ANDROID}"/>
  </testcase>
  <testcase name="tc01_userLogin[performance_glitch_user, secret_sauce, ](4)" classname="tests.t1_Login" time="0">
    <skipped message="Could not start a new session. Response code 500. Message: An unknown server-side error occurred while processing the command. Original error: Could not find a driver for automationName &apos;ANDROID_UIAUTOMATOR2&apos; and platformName &apos;ANDROID&apos;. Have you installed a driver that supports those capabilities? Run &apos;appium driver list --installed&apos; to see. (Lower-level error: Could not find installed driver to support given caps) &#10;Host info: host: &apos;LAPTOP-RMK290R9&apos;, ip: &apos;192.168.1.20&apos;&#10;Build info: version: &apos;4.9.1&apos;, revision: &apos;eb2032df7f&apos;&#10;System info: os.name: &apos;Windows 10&apos;, os.arch: &apos;amd64&apos;, os.version: &apos;10.0&apos;, java.version: &apos;1.8.0_211&apos;&#10;Driver info: io.appium.java_client.android.AndroidDriver&#10;Command: [null, newSession {capabilities=[{appium:udid=emulator-5554, appium:chromedriverExecutableDir=./utils/ExecutableDirs, appium:chromedriverChromeMappingFile=https://github.com/appium/appium-chromedriver/blob/master/config/mapping.json, browserName=Chrome, platformName=ANDROID, appium:deviceName=Pixel_XL_API_33, appium:automationName=ANDROID_UIAUTOMATOR2}], desiredCapabilities=Capabilities {appium:automationName: ANDROID_UIAUTOMATOR2, appium:chromedriverChromeMappingFile: https://github.com/appium/a..., appium:chromedriverExecutableDir: ./utils/ExecutableDirs, appium:deviceName: Pixel_XL_API_33, appium:udid: emulator-5554, browserName: Chrome, platformName: ANDROID}}]&#10;Capabilities {appium:automationName: ANDROID_UIAUTOMATOR2, appium:chromedriverChromeMappingFile: https://github.com/appium/a..., appium:chromedriverExecutableDir: ./utils/ExecutableDirs, appium:deviceName: Pixel_XL_API_33, appium:udid: emulator-5554, browserName: Chrome, platformName: ANDROID}"/>
  </testcase>
  <testcase name="tc01_userLogin[, , Epic sadface: Username is required](5)" classname="tests.t1_Login" time="0">
    <skipped message="Could not start a new session. Response code 500. Message: An unknown server-side error occurred while processing the command. Original error: Could not find a driver for automationName &apos;ANDROID_UIAUTOMATOR2&apos; and platformName &apos;ANDROID&apos;. Have you installed a driver that supports those capabilities? Run &apos;appium driver list --installed&apos; to see. (Lower-level error: Could not find installed driver to support given caps) &#10;Host info: host: &apos;LAPTOP-RMK290R9&apos;, ip: &apos;192.168.1.20&apos;&#10;Build info: version: &apos;4.9.1&apos;, revision: &apos;eb2032df7f&apos;&#10;System info: os.name: &apos;Windows 10&apos;, os.arch: &apos;amd64&apos;, os.version: &apos;10.0&apos;, java.version: &apos;1.8.0_211&apos;&#10;Driver info: io.appium.java_client.android.AndroidDriver&#10;Command: [null, newSession {capabilities=[{appium:udid=emulator-5554, appium:chromedriverExecutableDir=./utils/ExecutableDirs, appium:chromedriverChromeMappingFile=https://github.com/appium/appium-chromedriver/blob/master/config/mapping.json, browserName=Chrome, platformName=ANDROID, appium:deviceName=Pixel_XL_API_33, appium:automationName=ANDROID_UIAUTOMATOR2}], desiredCapabilities=Capabilities {appium:automationName: ANDROID_UIAUTOMATOR2, appium:chromedriverChromeMappingFile: https://github.com/appium/a..., appium:chromedriverExecutableDir: ./utils/ExecutableDirs, appium:deviceName: Pixel_XL_API_33, appium:udid: emulator-5554, browserName: Chrome, platformName: ANDROID}}]&#10;Capabilities {appium:automationName: ANDROID_UIAUTOMATOR2, appium:chromedriverChromeMappingFile: https://github.com/appium/a..., appium:chromedriverExecutableDir: ./utils/ExecutableDirs, appium:deviceName: Pixel_XL_API_33, appium:udid: emulator-5554, browserName: Chrome, platformName: ANDROID}"/>
  </testcase>
  <testcase name="tc01_userLogin[TableChair, TableChair, Epic sadface: Username and password do not match any user in this service](6)" classname="tests.t1_Login" time="0">
    <skipped message="Could not start a new session. Response code 500. Message: An unknown server-side error occurred while processing the command. Original error: Could not find a driver for automationName &apos;ANDROID_UIAUTOMATOR2&apos; and platformName &apos;ANDROID&apos;. Have you installed a driver that supports those capabilities? Run &apos;appium driver list --installed&apos; to see. (Lower-level error: Could not find installed driver to support given caps) &#10;Host info: host: &apos;LAPTOP-RMK290R9&apos;, ip: &apos;192.168.1.20&apos;&#10;Build info: version: &apos;4.9.1&apos;, revision: &apos;eb2032df7f&apos;&#10;System info: os.name: &apos;Windows 10&apos;, os.arch: &apos;amd64&apos;, os.version: &apos;10.0&apos;, java.version: &apos;1.8.0_211&apos;&#10;Driver info: io.appium.java_client.android.AndroidDriver&#10;Command: [null, newSession {capabilities=[{appium:udid=emulator-5554, appium:chromedriverExecutableDir=./utils/ExecutableDirs, appium:chromedriverChromeMappingFile=https://github.com/appium/appium-chromedriver/blob/master/config/mapping.json, browserName=Chrome, platformName=ANDROID, appium:deviceName=Pixel_XL_API_33, appium:automationName=ANDROID_UIAUTOMATOR2}], desiredCapabilities=Capabilities {appium:automationName: ANDROID_UIAUTOMATOR2, appium:chromedriverChromeMappingFile: https://github.com/appium/a..., appium:chromedriverExecutableDir: ./utils/ExecutableDirs, appium:deviceName: Pixel_XL_API_33, appium:udid: emulator-5554, browserName: Chrome, platformName: ANDROID}}]&#10;Capabilities {appium:automationName: ANDROID_UIAUTOMATOR2, appium:chromedriverChromeMappingFile: https://github.com/appium/a..., appium:chromedriverExecutableDir: ./utils/ExecutableDirs, appium:deviceName: Pixel_XL_API_33, appium:udid: emulator-5554, browserName: Chrome, platformName: ANDROID}"/>
  </testcase>
  <testcase name="tc01_userLogin[standard_user, , Epic sadface: Password is required](7)" classname="tests.t1_Login" time="0">
    <skipped message="Could not start a new session. Response code 500. Message: An unknown server-side error occurred while processing the command. Original error: Could not find a driver for automationName &apos;ANDROID_UIAUTOMATOR2&apos; and platformName &apos;ANDROID&apos;. Have you installed a driver that supports those capabilities? Run &apos;appium driver list --installed&apos; to see. (Lower-level error: Could not find installed driver to support given caps) &#10;Host info: host: &apos;LAPTOP-RMK290R9&apos;, ip: &apos;192.168.1.20&apos;&#10;Build info: version: &apos;4.9.1&apos;, revision: &apos;eb2032df7f&apos;&#10;System info: os.name: &apos;Windows 10&apos;, os.arch: &apos;amd64&apos;, os.version: &apos;10.0&apos;, java.version: &apos;1.8.0_211&apos;&#10;Driver info: io.appium.java_client.android.AndroidDriver&#10;Command: [null, newSession {capabilities=[{appium:udid=emulator-5554, appium:chromedriverExecutableDir=./utils/ExecutableDirs, appium:chromedriverChromeMappingFile=https://github.com/appium/appium-chromedriver/blob/master/config/mapping.json, browserName=Chrome, platformName=ANDROID, appium:deviceName=Pixel_XL_API_33, appium:automationName=ANDROID_UIAUTOMATOR2}], desiredCapabilities=Capabilities {appium:automationName: ANDROID_UIAUTOMATOR2, appium:chromedriverChromeMappingFile: https://github.com/appium/a..., appium:chromedriverExecutableDir: ./utils/ExecutableDirs, appium:deviceName: Pixel_XL_API_33, appium:udid: emulator-5554, browserName: Chrome, platformName: ANDROID}}]&#10;Capabilities {appium:automationName: ANDROID_UIAUTOMATOR2, appium:chromedriverChromeMappingFile: https://github.com/appium/a..., appium:chromedriverExecutableDir: ./utils/ExecutableDirs, appium:deviceName: Pixel_XL_API_33, appium:udid: emulator-5554, browserName: Chrome, platformName: ANDROID}"/>
  </testcase>
  <testcase name="tc01_userLogin[TableChair, , Epic sadface: Password is required](8)" classname="tests.t1_Login" time="0">
    <skipped message="Could not start a new session. Response code 500. Message: An unknown server-side error occurred while processing the command. Original error: Could not find a driver for automationName &apos;ANDROID_UIAUTOMATOR2&apos; and platformName &apos;ANDROID&apos;. Have you installed a driver that supports those capabilities? Run &apos;appium driver list --installed&apos; to see. (Lower-level error: Could not find installed driver to support given caps) &#10;Host info: host: &apos;LAPTOP-RMK290R9&apos;, ip: &apos;192.168.1.20&apos;&#10;Build info: version: &apos;4.9.1&apos;, revision: &apos;eb2032df7f&apos;&#10;System info: os.name: &apos;Windows 10&apos;, os.arch: &apos;amd64&apos;, os.version: &apos;10.0&apos;, java.version: &apos;1.8.0_211&apos;&#10;Driver info: io.appium.java_client.android.AndroidDriver&#10;Command: [null, newSession {capabilities=[{appium:udid=emulator-5554, appium:chromedriverExecutableDir=./utils/ExecutableDirs, appium:chromedriverChromeMappingFile=https://github.com/appium/appium-chromedriver/blob/master/config/mapping.json, browserName=Chrome, platformName=ANDROID, appium:deviceName=Pixel_XL_API_33, appium:automationName=ANDROID_UIAUTOMATOR2}], desiredCapabilities=Capabilities {appium:automationName: ANDROID_UIAUTOMATOR2, appium:chromedriverChromeMappingFile: https://github.com/appium/a..., appium:chromedriverExecutableDir: ./utils/ExecutableDirs, appium:deviceName: Pixel_XL_API_33, appium:udid: emulator-5554, browserName: Chrome, platformName: ANDROID}}]&#10;Capabilities {appium:automationName: ANDROID_UIAUTOMATOR2, appium:chromedriverChromeMappingFile: https://github.com/appium/a..., appium:chromedriverExecutableDir: ./utils/ExecutableDirs, appium:deviceName: Pixel_XL_API_33, appium:udid: emulator-5554, browserName: Chrome, platformName: ANDROID}"/>
  </testcase>
  <testcase name="tc01_userLogin[, secret_sauce, Epic sadface: Username is required](9)" classname="tests.t1_Login" time="0">
    <skipped message="Could not start a new session. Response code 500. Message: An unknown server-side error occurred while processing the command. Original error: Could not find a driver for automationName &apos;ANDROID_UIAUTOMATOR2&apos; and platformName &apos;ANDROID&apos;. Have you installed a driver that supports those capabilities? Run &apos;appium driver list --installed&apos; to see. (Lower-level error: Could not find installed driver to support given caps) &#10;Host info: host: &apos;LAPTOP-RMK290R9&apos;, ip: &apos;192.168.1.20&apos;&#10;Build info: version: &apos;4.9.1&apos;, revision: &apos;eb2032df7f&apos;&#10;System info: os.name: &apos;Windows 10&apos;, os.arch: &apos;amd64&apos;, os.version: &apos;10.0&apos;, java.version: &apos;1.8.0_211&apos;&#10;Driver info: io.appium.java_client.android.AndroidDriver&#10;Command: [null, newSession {capabilities=[{appium:udid=emulator-5554, appium:chromedriverExecutableDir=./utils/ExecutableDirs, appium:chromedriverChromeMappingFile=https://github.com/appium/appium-chromedriver/blob/master/config/mapping.json, browserName=Chrome, platformName=ANDROID, appium:deviceName=Pixel_XL_API_33, appium:automationName=ANDROID_UIAUTOMATOR2}], desiredCapabilities=Capabilities {appium:automationName: ANDROID_UIAUTOMATOR2, appium:chromedriverChromeMappingFile: https://github.com/appium/a..., appium:chromedriverExecutableDir: ./utils/ExecutableDirs, appium:deviceName: Pixel_XL_API_33, appium:udid: emulator-5554, browserName: Chrome, platformName: ANDROID}}]&#10;Capabilities {appium:automationName: ANDROID_UIAUTOMATOR2, appium:chromedriverChromeMappingFile: https://github.com/appium/a..., appium:chromedriverExecutableDir: ./utils/ExecutableDirs, appium:deviceName: Pixel_XL_API_33, appium:udid: emulator-5554, browserName: Chrome, platformName: ANDROID}"/>
  </testcase>
  <testcase name="tc01_userLogin[, TableChair, Epic sadface: Username is required](10)" classname="tests.t1_Login" time="0">
    <skipped message="Could not start a new session. Response code 500. Message: An unknown server-side error occurred while processing the command. Original error: Could not find a driver for automationName &apos;ANDROID_UIAUTOMATOR2&apos; and platformName &apos;ANDROID&apos;. Have you installed a driver that supports those capabilities? Run &apos;appium driver list --installed&apos; to see. (Lower-level error: Could not find installed driver to support given caps) &#10;Host info: host: &apos;LAPTOP-RMK290R9&apos;, ip: &apos;192.168.1.20&apos;&#10;Build info: version: &apos;4.9.1&apos;, revision: &apos;eb2032df7f&apos;&#10;System info: os.name: &apos;Windows 10&apos;, os.arch: &apos;amd64&apos;, os.version: &apos;10.0&apos;, java.version: &apos;1.8.0_211&apos;&#10;Driver info: io.appium.java_client.android.AndroidDriver&#10;Command: [null, newSession {capabilities=[{appium:udid=emulator-5554, appium:chromedriverExecutableDir=./utils/ExecutableDirs, appium:chromedriverChromeMappingFile=https://github.com/appium/appium-chromedriver/blob/master/config/mapping.json, browserName=Chrome, platformName=ANDROID, appium:deviceName=Pixel_XL_API_33, appium:automationName=ANDROID_UIAUTOMATOR2}], desiredCapabilities=Capabilities {appium:automationName: ANDROID_UIAUTOMATOR2, appium:chromedriverChromeMappingFile: https://github.com/appium/a..., appium:chromedriverExecutableDir: ./utils/ExecutableDirs, appium:deviceName: Pixel_XL_API_33, appium:udid: emulator-5554, browserName: Chrome, platformName: ANDROID}}]&#10;Capabilities {appium:automationName: ANDROID_UIAUTOMATOR2, appium:chromedriverChromeMappingFile: https://github.com/appium/a..., appium:chromedriverExecutableDir: ./utils/ExecutableDirs, appium:deviceName: Pixel_XL_API_33, appium:udid: emulator-5554, browserName: Chrome, platformName: ANDROID}"/>
  </testcase>
  <testcase name="setup" classname="tests.t2_AddProducts" time="1.209">
    <failure message="Could not start a new session. Response code 500. Message: An unknown server-side error occurred while processing the command. Original error: Could not find a driver for automationName &apos;ANDROID_UIAUTOMATOR2&apos; and platformName &apos;ANDROID&apos;. Have you installed a driver that supports those capabilities? Run &apos;appium driver list --installed&apos; to see. (Lower-level error: Could not find installed driver to support given caps) &#10;Host info: host: &apos;LAPTOP-RMK290R9&apos;, ip: &apos;192.168.1.20&apos;&#10;Build info: version: &apos;4.9.1&apos;, revision: &apos;eb2032df7f&apos;&#10;System info: os.name: &apos;Windows 10&apos;, os.arch: &apos;amd64&apos;, os.version: &apos;10.0&apos;, java.version: &apos;1.8.0_211&apos;&#10;Driver info: io.appium.java_client.android.AndroidDriver&#10;Command: [null, newSession {capabilities=[{appium:udid=emulator-5554, appium:chromedriverExecutableDir=./utils/ExecutableDirs, appium:chromedriverChromeMappingFile=https://github.com/appium/appium-chromedriver/blob/master/config/mapping.json, browserName=Chrome, platformName=ANDROID, appium:deviceName=Pixel_XL_API_33, appium:automationName=ANDROID_UIAUTOMATOR2}], desiredCapabilities=Capabilities {appium:automationName: ANDROID_UIAUTOMATOR2, appium:chromedriverChromeMappingFile: https://github.com/appium/a..., appium:chromedriverExecutableDir: ./utils/ExecutableDirs, appium:deviceName: Pixel_XL_API_33, appium:udid: emulator-5554, browserName: Chrome, platformName: ANDROID}}]&#10;Capabilities {appium:automationName: ANDROID_UIAUTOMATOR2, appium:chromedriverChromeMappingFile: https://github.com/appium/a..., appium:chromedriverExecutableDir: ./utils/ExecutableDirs, appium:deviceName: Pixel_XL_API_33, appium:udid: emulator-5554, browserName: Chrome, platformName: ANDROID}" type="org.openqa.selenium.SessionNotCreatedException"><![CDATA[org.openqa.selenium.SessionNotCreatedException: 
Could not start a new session. Response code 500. Message: An unknown server-side error occurred while processing the command. Original error: Could not find a driver for automationName 'ANDROID_UIAUTOMATOR2' and platformName 'ANDROID'. Have you installed a driver that supports those capabilities? Run 'appium driver list --installed' to see. (Lower-level error: Could not find installed driver to support given caps) 
Host info: host: 'LAPTOP-RMK290R9', ip: '192.168.1.20'
Build info: version: '4.9.1', revision: 'eb2032df7f'
System info: os.name: 'Windows 10', os.arch: 'amd64', os.version: '10.0', java.version: '1.8.0_211'
Driver info: io.appium.java_client.android.AndroidDriver
Command: [null, newSession {capabilities=[{appium:udid=emulator-5554, appium:chromedriverExecutableDir=./utils/ExecutableDirs, appium:chromedriverChromeMappingFile=https://github.com/appium/appium-chromedriver/blob/master/config/mapping.json, browserName=Chrome, platformName=ANDROID, appium:deviceName=Pixel_XL_API_33, appium:automationName=ANDROID_UIAUTOMATOR2}], desiredCapabilities=Capabilities {appium:automationName: ANDROID_UIAUTOMATOR2, appium:chromedriverChromeMappingFile: https://github.com/appium/a..., appium:chromedriverExecutableDir: ./utils/ExecutableDirs, appium:deviceName: Pixel_XL_API_33, appium:udid: emulator-5554, browserName: Chrome, platformName: ANDROID}}]
Capabilities {appium:automationName: ANDROID_UIAUTOMATOR2, appium:chromedriverChromeMappingFile: https://github.com/appium/a..., appium:chromedriverExecutableDir: ./utils/ExecutableDirs, appium:deviceName: Pixel_XL_API_33, appium:udid: emulator-5554, browserName: Chrome, platformName: ANDROID}
	at org.openqa.selenium.remote.ProtocolHandshake.createSession(ProtocolHandshake.java:136)
	at sun.reflect.NativeMethodAccessorImpl.invoke0(Native Method)
	at sun.reflect.NativeMethodAccessorImpl.invoke(NativeMethodAccessorImpl.java:62)
	at sun.reflect.DelegatingMethodAccessorImpl.invoke(DelegatingMethodAccessorImpl.java:43)
	at java.lang.reflect.Method.invoke(Method.java:498)
	at io.appium.java_client.remote.AppiumProtocolHandshake.createSession(AppiumProtocolHandshake.java:133)
	at io.appium.java_client.remote.AppiumProtocolHandshake.createSession(AppiumProtocolHandshake.java:102)
	at io.appium.java_client.remote.AppiumCommandExecutor.createSession(AppiumCommandExecutor.java:182)
	at io.appium.java_client.remote.AppiumCommandExecutor.execute(AppiumCommandExecutor.java:250)
	at org.openqa.selenium.remote.RemoteWebDriver.execute(RemoteWebDriver.java:543)
	at io.appium.java_client.AppiumDriver.startSession(AppiumDriver.java:274)
	at org.openqa.selenium.remote.RemoteWebDriver.<init>(RemoteWebDriver.java:157)
	at io.appium.java_client.AppiumDriver.<init>(AppiumDriver.java:89)
	at io.appium.java_client.AppiumDriver.<init>(AppiumDriver.java:112)
	at io.appium.java_client.AppiumDriver.<init>(AppiumDriver.java:137)
	at io.appium.java_client.android.AndroidDriver.<init>(AndroidDriver.java:236)
	at tests.BaseTest.setup(BaseTest.java:90)
	at sun.reflect.NativeMethodAccessorImpl.invoke0(Native Method)
	at sun.reflect.NativeMethodAccessorImpl.invoke(NativeMethodAccessorImpl.java:62)
	at sun.reflect.DelegatingMethodAccessorImpl.invoke(DelegatingMethodAccessorImpl.java:43)
	at java.lang.reflect.Method.invoke(Method.java:498)
	at org.testng.internal.invokers.MethodInvocationHelper.invokeMethod(MethodInvocationHelper.java:135)
	at org.testng.internal.invokers.MethodInvocationHelper.invokeMethodConsideringTimeout(MethodInvocationHelper.java:65)
	at org.testng.internal.invokers.ConfigInvoker.invokeConfigurationMethod(ConfigInvoker.java:381)
	at org.testng.internal.invokers.ConfigInvoker.invokeConfigurations(ConfigInvoker.java:319)
	at org.testng.internal.invokers.TestInvoker.runConfigMethods(TestInvoker.java:803)
	at org.testng.internal.invokers.TestInvoker.invokeMethod(TestInvoker.java:589)
	at org.testng.internal.invokers.TestInvoker.invokeTestMethod(TestInvoker.java:220)
	at org.testng.internal.invokers.MethodRunner.runInSequence(MethodRunner.java:50)
	at org.testng.internal.invokers.TestInvoker$MethodInvocationAgent.invoke(TestInvoker.java:945)
	at org.testng.internal.invokers.TestInvoker.invokeTestMethods(TestInvoker.java:193)
	at org.testng.internal.invokers.TestMethodWorker.invokeTestMethods(TestMethodWorker.java:146)
	at org.testng.internal.invokers.TestMethodWorker.run(TestMethodWorker.java:128)
	at java.util.ArrayList.forEach(ArrayList.java:1257)
	at org.testng.TestRunner.privateRun(TestRunner.java:808)
	at org.testng.TestRunner.run(TestRunner.java:603)
	at org.testng.SuiteRunner.runTest(SuiteRunner.java:429)
	at org.testng.SuiteRunner.runSequentially(SuiteRunner.java:423)
	at org.testng.SuiteRunner.privateRun(SuiteRunner.java:383)
	at org.testng.SuiteRunner.run(SuiteRunner.java:326)
	at org.testng.SuiteRunnerWorker.runSuite(SuiteRunnerWorker.java:52)
	at org.testng.SuiteRunnerWorker.run(SuiteRunnerWorker.java:95)
	at org.testng.TestNG.runSuitesSequentially(TestNG.java:1249)
	at org.testng.TestNG.runSuitesLocally(TestNG.java:1169)
	at org.testng.TestNG.runSuites(TestNG.java:1092)
	at org.testng.TestNG.run(TestNG.java:1060)
	at org.apache.maven.surefire.testng.TestNGExecutor.run(TestNGExecutor.java:324)
	at org.apache.maven.surefire.testng.TestNGXmlTestSuite.execute(TestNGXmlTestSuite.java:74)
	at org.apache.maven.surefire.testng.TestNGProvider.invoke(TestNGProvider.java:123)
	at org.apache.maven.surefire.booter.ForkedBooter.runSuitesInProcess(ForkedBooter.java:456)
	at org.apache.maven.surefire.booter.ForkedBooter.execute(ForkedBooter.java:169)
	at org.apache.maven.surefire.booter.ForkedBooter.run(ForkedBooter.java:595)
	at org.apache.maven.surefire.booter.ForkedBooter.main(ForkedBooter.java:581)
]]></failure>
    <system-out><![CDATA[&amp#27;[38;5;0m[HTTP]&amp#27;[0m &amp#27;[37m-->&amp#27;[39m &amp#27;[37mGET&amp#27;[39m &amp#27;[37m/status&amp#27;[39m
&amp#27;[38;5;0m[HTTP]&amp#27;[0m &amp#27;[90m{}&amp#27;[39m
[debug] &amp#27;[38;5;16m[AppiumDriver@ae6b]&amp#27;[0m Calling AppiumDriver.getStatus() with args: []
[debug] &amp#27;[38;5;16m[AppiumDriver@ae6b]&amp#27;[0m Responding to client with driver.getStatus() result: {"build":{"version":"2.0.0"}}
&amp#27;[38;5;0m[HTTP]&amp#27;[0m &amp#27;[37m<-- GET /status &amp#27;[39m&amp#27;[32m200&amp#27;[39m &amp#27;[90m1 ms - 39&amp#27;[39m
&amp#27;[38;5;0m[HTTP]&amp#27;[0m &amp#27;[90m&amp#27;[39m
[debug] &amp#27;[38;5;0m[HTTP]&amp#27;[0m Request idempotency key: a9ad71fc-8e7a-42dc-bdb6-da8234e8dc6c
&amp#27;[38;5;0m[HTTP]&amp#27;[0m &amp#27;[37m-->&amp#27;[39m &amp#27;[37mPOST&amp#27;[39m &amp#27;[37m/session&amp#27;[39m
&amp#27;[38;5;0m[HTTP]&amp#27;[0m &amp#27;[90m{"capabilities":{"firstMatch":[{}],"alwaysMatch":{"appium:automationName":"ANDROID_UIAUTOMATOR2","appium:chromedriverChromeMappingFile":"https://github.com/appium/appium-chromedriver/blob/master/config/mapping.json","appium:chromedriverExecutableDir":"./utils/ExecutableDirs","appium:deviceName":"Pixel_XL_API_33","appium:udid":"emulator-5554","browserName":"Chrome","platformName":"ANDROID"}}}&amp#27;[39m
[debug] &amp#27;[38;5;16m[AppiumDriver@ae6b]&amp#27;[0m Calling AppiumDriver.createSession() with args: [null,null,{"firstMatch":[{}],"alwaysMatch":{"appium:automationName":"ANDROID_UIAUTOMATOR2","appium:chromedriverChromeMappingFile":"https://github.com/appium/appium-chromedriver/blob/master/config/mapping.json","appium:chromedriverExecutableDir":"./utils/ExecutableDirs","appium:deviceName":"Pixel_XL_API_33","appium:udid":"emulator-5554","browserName":"Chrome","platformName":"ANDROID"}}]
[debug] &amp#27;[38;5;16m[AppiumDriver@ae6b]&amp#27;[0m Event 'newSessionRequested' logged at 1692208724331 (20:58:44 GMT+0300 (Israel Daylight Time))
&amp#27;[35m[Appium]&amp#27;[39m Attempting to find matching driver for automationName 'ANDROID_UIAUTOMATOR2' and platformName 'ANDROID'
[debug] &amp#27;[38;5;16m[AppiumDriver@ae6b]&amp#27;[0m Event 'newSessionStarted' logged at 1692208724334 (20:58:44 GMT+0300 (Israel Daylight Time))
[debug] &amp#27;[38;5;16m[AppiumDriver@ae6b]&amp#27;[0m Encountered internal error running command: Error: Could not find a driver for automationName 'ANDROID_UIAUTOMATOR2' and platformName 'ANDROID'. Have you installed a driver that supports those capabilities? Run 'appium driver list --installed' to see. (Lower-level error: Could not find installed driver to support given caps)
[debug] &amp#27;[38;5;16m[AppiumDriver@ae6b]&amp#27;[0m     at DriverConfig.findMatchingDriver (C:\Users\jonmi\AppData\Roaming\npm\node_modules\appium\lib\extension\driver-config.js:175:13)
[debug] &amp#27;[38;5;16m[AppiumDriver@ae6b]&amp#27;[0m     at AppiumDriver.createSession (C:\Users\jonmi\AppData\Roaming\npm\node_modules\appium\lib\appium.js:273:29)
[debug] &amp#27;[38;5;16m[AppiumDriver@ae6b]&amp#27;[0m     at commandExecutor (C:\Users\jonmi\AppData\Roaming\npm\node_modules\appium\node_modules\@appium\base-driver\lib\basedriver\driver.ts:107:18)
[debug] &amp#27;[38;5;16m[AppiumDriver@ae6b]&amp#27;[0m     at AppiumDriver.executeCommand (C:\Users\jonmi\AppData\Roaming\npm\node_modules\appium\node_modules\@appium\base-driver\lib\basedriver\driver.ts:124:15)
[debug] &amp#27;[38;5;16m[AppiumDriver@ae6b]&amp#27;[0m     at processTicksAndRejections (node:internal/process/task_queues:95:5)
[debug] &amp#27;[38;5;16m[AppiumDriver@ae6b]&amp#27;[0m     at defaultBehavior (C:\Users\jonmi\AppData\Roaming\npm\node_modules\appium\lib\appium.js:680:16)
[debug] &amp#27;[38;5;16m[AppiumDriver@ae6b]&amp#27;[0m     at AppiumDriver.executeWrappedCommand (C:\Users\jonmi\AppData\Roaming\npm\node_modules\appium\lib\appium.js:774:16)
[debug] &amp#27;[38;5;16m[AppiumDriver@ae6b]&amp#27;[0m     at AppiumDriver.executeCommand (C:\Users\jonmi\AppData\Roaming\npm\node_modules\appium\lib\appium.js:696:17)
[debug] &amp#27;[38;5;16m[AppiumDriver@ae6b]&amp#27;[0m     at asyncHandler (C:\Users\jonmi\AppData\Roaming\npm\node_modules\appium\node_modules\@appium\base-driver\lib\protocol\protocol.js:393:19)
&amp#27;[38;5;0m[HTTP]&amp#27;[0m &amp#27;[37m<-- POST /session &amp#27;[39m&amp#27;[31m500&amp#27;[39m &amp#27;[90m7 ms - 1116&amp#27;[39m
&amp#27;[38;5;0m[HTTP]&amp#27;[0m &amp#27;[90m&amp#27;[39m
]]></system-out>
  </testcase>
  <testcase name="setup" classname="tests.t2_AddProducts" time="0">
    <skipped/>
  </testcase>
  <testcase name="tc01_AddItemsFromProductsPage" classname="tests.t2_AddProducts" time="0">
    <skipped message="Could not start a new session. Response code 500. Message: An unknown server-side error occurred while processing the command. Original error: Could not find a driver for automationName &apos;ANDROID_UIAUTOMATOR2&apos; and platformName &apos;ANDROID&apos;. Have you installed a driver that supports those capabilities? Run &apos;appium driver list --installed&apos; to see. (Lower-level error: Could not find installed driver to support given caps) &#10;Host info: host: &apos;LAPTOP-RMK290R9&apos;, ip: &apos;192.168.1.20&apos;&#10;Build info: version: &apos;4.9.1&apos;, revision: &apos;eb2032df7f&apos;&#10;System info: os.name: &apos;Windows 10&apos;, os.arch: &apos;amd64&apos;, os.version: &apos;10.0&apos;, java.version: &apos;1.8.0_211&apos;&#10;Driver info: io.appium.java_client.android.AndroidDriver&#10;Command: [null, newSession {capabilities=[{appium:udid=emulator-5554, appium:chromedriverExecutableDir=./utils/ExecutableDirs, appium:chromedriverChromeMappingFile=https://github.com/appium/appium-chromedriver/blob/master/config/mapping.json, browserName=Chrome, platformName=ANDROID, appium:deviceName=Pixel_XL_API_33, appium:automationName=ANDROID_UIAUTOMATOR2}], desiredCapabilities=Capabilities {appium:automationName: ANDROID_UIAUTOMATOR2, appium:chromedriverChromeMappingFile: https://github.com/appium/a..., appium:chromedriverExecutableDir: ./utils/ExecutableDirs, appium:deviceName: Pixel_XL_API_33, appium:udid: emulator-5554, browserName: Chrome, platformName: ANDROID}}]&#10;Capabilities {appium:automationName: ANDROID_UIAUTOMATOR2, appium:chromedriverChromeMappingFile: https://github.com/appium/a..., appium:chromedriverExecutableDir: ./utils/ExecutableDirs, appium:deviceName: Pixel_XL_API_33, appium:udid: emulator-5554, browserName: Chrome, platformName: ANDROID}"/>
  </testcase>
  <testcase name="TearDown" classname="tests.t2_AddProducts" time="0">
    <skipped/>
  </testcase>
  <testcase name="TearDown" classname="tests.t2_AddProducts" time="0">
    <skipped/>
  </testcase>
  <testcase name="tc02_AddItemsFromProductPage" classname="tests.t2_AddProducts" time="0">
    <skipped message="Could not start a new session. Response code 500. Message: An unknown server-side error occurred while processing the command. Original error: Could not find a driver for automationName &apos;ANDROID_UIAUTOMATOR2&apos; and platformName &apos;ANDROID&apos;. Have you installed a driver that supports those capabilities? Run &apos;appium driver list --installed&apos; to see. (Lower-level error: Could not find installed driver to support given caps) &#10;Host info: host: &apos;LAPTOP-RMK290R9&apos;, ip: &apos;192.168.1.20&apos;&#10;Build info: version: &apos;4.9.1&apos;, revision: &apos;eb2032df7f&apos;&#10;System info: os.name: &apos;Windows 10&apos;, os.arch: &apos;amd64&apos;, os.version: &apos;10.0&apos;, java.version: &apos;1.8.0_211&apos;&#10;Driver info: io.appium.java_client.android.AndroidDriver&#10;Command: [null, newSession {capabilities=[{appium:udid=emulator-5554, appium:chromedriverExecutableDir=./utils/ExecutableDirs, appium:chromedriverChromeMappingFile=https://github.com/appium/appium-chromedriver/blob/master/config/mapping.json, browserName=Chrome, platformName=ANDROID, appium:deviceName=Pixel_XL_API_33, appium:automationName=ANDROID_UIAUTOMATOR2}], desiredCapabilities=Capabilities {appium:automationName: ANDROID_UIAUTOMATOR2, appium:chromedriverChromeMappingFile: https://github.com/appium/a..., appium:chromedriverExecutableDir: ./utils/ExecutableDirs, appium:deviceName: Pixel_XL_API_33, appium:udid: emulator-5554, browserName: Chrome, platformName: ANDROID}}]&#10;Capabilities {appium:automationName: ANDROID_UIAUTOMATOR2, appium:chromedriverChromeMappingFile: https://github.com/appium/a..., appium:chromedriverExecutableDir: ./utils/ExecutableDirs, appium:deviceName: Pixel_XL_API_33, appium:udid: emulator-5554, browserName: Chrome, platformName: ANDROID}"/>
  </testcase>
  <testcase name="setup" classname="tests.t3_RemoveProducts" time="1.066">
    <failure message="Could not start a new session. Response code 500. Message: An unknown server-side error occurred while processing the command. Original error: Could not find a driver for automationName &apos;ANDROID_UIAUTOMATOR2&apos; and platformName &apos;ANDROID&apos;. Have you installed a driver that supports those capabilities? Run &apos;appium driver list --installed&apos; to see. (Lower-level error: Could not find installed driver to support given caps) &#10;Host info: host: &apos;LAPTOP-RMK290R9&apos;, ip: &apos;192.168.1.20&apos;&#10;Build info: version: &apos;4.9.1&apos;, revision: &apos;eb2032df7f&apos;&#10;System info: os.name: &apos;Windows 10&apos;, os.arch: &apos;amd64&apos;, os.version: &apos;10.0&apos;, java.version: &apos;1.8.0_211&apos;&#10;Driver info: io.appium.java_client.android.AndroidDriver&#10;Command: [null, newSession {capabilities=[{appium:udid=emulator-5554, appium:chromedriverExecutableDir=./utils/ExecutableDirs, appium:chromedriverChromeMappingFile=https://github.com/appium/appium-chromedriver/blob/master/config/mapping.json, browserName=Chrome, platformName=ANDROID, appium:deviceName=Pixel_XL_API_33, appium:automationName=ANDROID_UIAUTOMATOR2}], desiredCapabilities=Capabilities {appium:automationName: ANDROID_UIAUTOMATOR2, appium:chromedriverChromeMappingFile: https://github.com/appium/a..., appium:chromedriverExecutableDir: ./utils/ExecutableDirs, appium:deviceName: Pixel_XL_API_33, appium:udid: emulator-5554, browserName: Chrome, platformName: ANDROID}}]&#10;Capabilities {appium:automationName: ANDROID_UIAUTOMATOR2, appium:chromedriverChromeMappingFile: https://github.com/appium/a..., appium:chromedriverExecutableDir: ./utils/ExecutableDirs, appium:deviceName: Pixel_XL_API_33, appium:udid: emulator-5554, browserName: Chrome, platformName: ANDROID}" type="org.openqa.selenium.SessionNotCreatedException"><![CDATA[org.openqa.selenium.SessionNotCreatedException: 
Could not start a new session. Response code 500. Message: An unknown server-side error occurred while processing the command. Original error: Could not find a driver for automationName 'ANDROID_UIAUTOMATOR2' and platformName 'ANDROID'. Have you installed a driver that supports those capabilities? Run 'appium driver list --installed' to see. (Lower-level error: Could not find installed driver to support given caps) 
Host info: host: 'LAPTOP-RMK290R9', ip: '192.168.1.20'
Build info: version: '4.9.1', revision: 'eb2032df7f'
System info: os.name: 'Windows 10', os.arch: 'amd64', os.version: '10.0', java.version: '1.8.0_211'
Driver info: io.appium.java_client.android.AndroidDriver
Command: [null, newSession {capabilities=[{appium:udid=emulator-5554, appium:chromedriverExecutableDir=./utils/ExecutableDirs, appium:chromedriverChromeMappingFile=https://github.com/appium/appium-chromedriver/blob/master/config/mapping.json, browserName=Chrome, platformName=ANDROID, appium:deviceName=Pixel_XL_API_33, appium:automationName=ANDROID_UIAUTOMATOR2}], desiredCapabilities=Capabilities {appium:automationName: ANDROID_UIAUTOMATOR2, appium:chromedriverChromeMappingFile: https://github.com/appium/a..., appium:chromedriverExecutableDir: ./utils/ExecutableDirs, appium:deviceName: Pixel_XL_API_33, appium:udid: emulator-5554, browserName: Chrome, platformName: ANDROID}}]
Capabilities {appium:automationName: ANDROID_UIAUTOMATOR2, appium:chromedriverChromeMappingFile: https://github.com/appium/a..., appium:chromedriverExecutableDir: ./utils/ExecutableDirs, appium:deviceName: Pixel_XL_API_33, appium:udid: emulator-5554, browserName: Chrome, platformName: ANDROID}
	at org.openqa.selenium.remote.ProtocolHandshake.createSession(ProtocolHandshake.java:136)
	at sun.reflect.NativeMethodAccessorImpl.invoke0(Native Method)
	at sun.reflect.NativeMethodAccessorImpl.invoke(NativeMethodAccessorImpl.java:62)
	at sun.reflect.DelegatingMethodAccessorImpl.invoke(DelegatingMethodAccessorImpl.java:43)
	at java.lang.reflect.Method.invoke(Method.java:498)
	at io.appium.java_client.remote.AppiumProtocolHandshake.createSession(AppiumProtocolHandshake.java:133)
	at io.appium.java_client.remote.AppiumProtocolHandshake.createSession(AppiumProtocolHandshake.java:102)
	at io.appium.java_client.remote.AppiumCommandExecutor.createSession(AppiumCommandExecutor.java:182)
	at io.appium.java_client.remote.AppiumCommandExecutor.execute(AppiumCommandExecutor.java:250)
	at org.openqa.selenium.remote.RemoteWebDriver.execute(RemoteWebDriver.java:543)
	at io.appium.java_client.AppiumDriver.startSession(AppiumDriver.java:274)
	at org.openqa.selenium.remote.RemoteWebDriver.<init>(RemoteWebDriver.java:157)
	at io.appium.java_client.AppiumDriver.<init>(AppiumDriver.java:89)
	at io.appium.java_client.AppiumDriver.<init>(AppiumDriver.java:112)
	at io.appium.java_client.AppiumDriver.<init>(AppiumDriver.java:137)
	at io.appium.java_client.android.AndroidDriver.<init>(AndroidDriver.java:236)
	at tests.BaseTest.setup(BaseTest.java:90)
	at sun.reflect.NativeMethodAccessorImpl.invoke0(Native Method)
	at sun.reflect.NativeMethodAccessorImpl.invoke(NativeMethodAccessorImpl.java:62)
	at sun.reflect.DelegatingMethodAccessorImpl.invoke(DelegatingMethodAccessorImpl.java:43)
	at java.lang.reflect.Method.invoke(Method.java:498)
	at org.testng.internal.invokers.MethodInvocationHelper.invokeMethod(MethodInvocationHelper.java:135)
	at org.testng.internal.invokers.MethodInvocationHelper.invokeMethodConsideringTimeout(MethodInvocationHelper.java:65)
	at org.testng.internal.invokers.ConfigInvoker.invokeConfigurationMethod(ConfigInvoker.java:381)
	at org.testng.internal.invokers.ConfigInvoker.invokeConfigurations(ConfigInvoker.java:319)
	at org.testng.internal.invokers.TestInvoker.runConfigMethods(TestInvoker.java:803)
	at org.testng.internal.invokers.TestInvoker.invokeMethod(TestInvoker.java:589)
	at org.testng.internal.invokers.TestInvoker.invokeTestMethod(TestInvoker.java:220)
	at org.testng.internal.invokers.MethodRunner.runInSequence(MethodRunner.java:50)
	at org.testng.internal.invokers.TestInvoker$MethodInvocationAgent.invoke(TestInvoker.java:945)
	at org.testng.internal.invokers.TestInvoker.invokeTestMethods(TestInvoker.java:193)
	at org.testng.internal.invokers.TestMethodWorker.invokeTestMethods(TestMethodWorker.java:146)
	at org.testng.internal.invokers.TestMethodWorker.run(TestMethodWorker.java:128)
	at java.util.ArrayList.forEach(ArrayList.java:1257)
	at org.testng.TestRunner.privateRun(TestRunner.java:808)
	at org.testng.TestRunner.run(TestRunner.java:603)
	at org.testng.SuiteRunner.runTest(SuiteRunner.java:429)
	at org.testng.SuiteRunner.runSequentially(SuiteRunner.java:423)
	at org.testng.SuiteRunner.privateRun(SuiteRunner.java:383)
	at org.testng.SuiteRunner.run(SuiteRunner.java:326)
	at org.testng.SuiteRunnerWorker.runSuite(SuiteRunnerWorker.java:52)
	at org.testng.SuiteRunnerWorker.run(SuiteRunnerWorker.java:95)
	at org.testng.TestNG.runSuitesSequentially(TestNG.java:1249)
	at org.testng.TestNG.runSuitesLocally(TestNG.java:1169)
	at org.testng.TestNG.runSuites(TestNG.java:1092)
	at org.testng.TestNG.run(TestNG.java:1060)
	at org.apache.maven.surefire.testng.TestNGExecutor.run(TestNGExecutor.java:324)
	at org.apache.maven.surefire.testng.TestNGXmlTestSuite.execute(TestNGXmlTestSuite.java:74)
	at org.apache.maven.surefire.testng.TestNGProvider.invoke(TestNGProvider.java:123)
	at org.apache.maven.surefire.booter.ForkedBooter.runSuitesInProcess(ForkedBooter.java:456)
	at org.apache.maven.surefire.booter.ForkedBooter.execute(ForkedBooter.java:169)
	at org.apache.maven.surefire.booter.ForkedBooter.run(ForkedBooter.java:595)
	at org.apache.maven.surefire.booter.ForkedBooter.main(ForkedBooter.java:581)
]]></failure>
    <system-out><![CDATA[&amp#27;[38;5;0m[HTTP]&amp#27;[0m &amp#27;[37m-->&amp#27;[39m &amp#27;[37mGET&amp#27;[39m &amp#27;[37m/status&amp#27;[39m
&amp#27;[38;5;0m[HTTP]&amp#27;[0m &amp#27;[90m{}&amp#27;[39m
[debug] &amp#27;[38;5;16m[AppiumDriver@ae6b]&amp#27;[0m Calling AppiumDriver.getStatus() with args: []
[debug] &amp#27;[38;5;16m[AppiumDriver@ae6b]&amp#27;[0m Responding to client with driver.getStatus() result: {"build":{"version":"2.0.0"}}
&amp#27;[38;5;0m[HTTP]&amp#27;[0m &amp#27;[37m<-- GET /status &amp#27;[39m&amp#27;[32m200&amp#27;[39m &amp#27;[90m2 ms - 39&amp#27;[39m
&amp#27;[38;5;0m[HTTP]&amp#27;[0m &amp#27;[90m&amp#27;[39m
[debug] &amp#27;[38;5;0m[HTTP]&amp#27;[0m Request idempotency key: 809b086d-5d27-4352-8170-fc87a5fd15ae
&amp#27;[38;5;0m[HTTP]&amp#27;[0m &amp#27;[37m-->&amp#27;[39m &amp#27;[37mPOST&amp#27;[39m &amp#27;[37m/session&amp#27;[39m
&amp#27;[38;5;0m[HTTP]&amp#27;[0m &amp#27;[90m{"capabilities":{"firstMatch":[{}],"alwaysMatch":{"appium:automationName":"ANDROID_UIAUTOMATOR2","appium:chromedriverChromeMappingFile":"https://github.com/appium/appium-chromedriver/blob/master/config/mapping.json","appium:chromedriverExecutableDir":"./utils/ExecutableDirs","appium:deviceName":"Pixel_XL_API_33","appium:udid":"emulator-5554","browserName":"Chrome","platformName":"ANDROID"}}}&amp#27;[39m
[debug] &amp#27;[38;5;16m[AppiumDriver@ae6b]&amp#27;[0m Calling AppiumDriver.createSession() with args: [null,null,{"firstMatch":[{}],"alwaysMatch":{"appium:automationName":"ANDROID_UIAUTOMATOR2","appium:chromedriverChromeMappingFile":"https://github.com/appium/appium-chromedriver/blob/master/config/mapping.json","appium:chromedriverExecutableDir":"./utils/ExecutableDirs","appium:deviceName":"Pixel_XL_API_33","appium:udid":"emulator-5554","browserName":"Chrome","platformName":"ANDROID"}}]
[debug] &amp#27;[38;5;16m[AppiumDriver@ae6b]&amp#27;[0m Event 'newSessionRequested' logged at 1692208725466 (20:58:45 GMT+0300 (Israel Daylight Time))
&amp#27;[35m[Appium]&amp#27;[39m Attempting to find matching driver for automationName 'ANDROID_UIAUTOMATOR2' and platformName 'ANDROID'
[debug] &amp#27;[38;5;16m[AppiumDriver@ae6b]&amp#27;[0m Event 'newSessionStarted' logged at 1692208725468 (20:58:45 GMT+0300 (Israel Daylight Time))
[debug] &amp#27;[38;5;16m[AppiumDriver@ae6b]&amp#27;[0m Encountered internal error running command: Error: Could not find a driver for automationName 'ANDROID_UIAUTOMATOR2' and platformName 'ANDROID'. Have you installed a driver that supports those capabilities? Run 'appium driver list --installed' to see. (Lower-level error: Could not find installed driver to support given caps)
[debug] &amp#27;[38;5;16m[AppiumDriver@ae6b]&amp#27;[0m     at DriverConfig.findMatchingDriver (C:\Users\jonmi\AppData\Roaming\npm\node_modules\appium\lib\extension\driver-config.js:175:13)
[debug] &amp#27;[38;5;16m[AppiumDriver@ae6b]&amp#27;[0m     at AppiumDriver.createSession (C:\Users\jonmi\AppData\Roaming\npm\node_modules\appium\lib\appium.js:273:29)
[debug] &amp#27;[38;5;16m[AppiumDriver@ae6b]&amp#27;[0m     at commandExecutor (C:\Users\jonmi\AppData\Roaming\npm\node_modules\appium\node_modules\@appium\base-driver\lib\basedriver\driver.ts:107:18)
[debug] &amp#27;[38;5;16m[AppiumDriver@ae6b]&amp#27;[0m     at AppiumDriver.executeCommand (C:\Users\jonmi\AppData\Roaming\npm\node_modules\appium\node_modules\@appium\base-driver\lib\basedriver\driver.ts:124:15)
[debug] &amp#27;[38;5;16m[AppiumDriver@ae6b]&amp#27;[0m     at processTicksAndRejections (node:internal/process/task_queues:95:5)
[debug] &amp#27;[38;5;16m[AppiumDriver@ae6b]&amp#27;[0m     at defaultBehavior (C:\Users\jonmi\AppData\Roaming\npm\node_modules\appium\lib\appium.js:680:16)
[debug] &amp#27;[38;5;16m[AppiumDriver@ae6b]&amp#27;[0m     at AppiumDriver.executeWrappedCommand (C:\Users\jonmi\AppData\Roaming\npm\node_modules\appium\lib\appium.js:774:16)
[debug] &amp#27;[38;5;16m[AppiumDriver@ae6b]&amp#27;[0m     at AppiumDriver.executeCommand (C:\Users\jonmi\AppData\Roaming\npm\node_modules\appium\lib\appium.js:696:17)
[debug] &amp#27;[38;5;16m[AppiumDriver@ae6b]&amp#27;[0m     at asyncHandler (C:\Users\jonmi\AppData\Roaming\npm\node_modules\appium\node_modules\@appium\base-driver\lib\protocol\protocol.js:393:19)
&amp#27;[38;5;0m[HTTP]&amp#27;[0m &amp#27;[37m<-- POST /session &amp#27;[39m&amp#27;[31m500&amp#27;[39m &amp#27;[90m6 ms - 1116&amp#27;[39m
&amp#27;[38;5;0m[HTTP]&amp#27;[0m &amp#27;[90m&amp#27;[39m
]]></system-out>
  </testcase>
  <testcase name="setup" classname="tests.t3_RemoveProducts" time="0">
    <skipped/>
  </testcase>
  <testcase name="tc01_removeItemsFromProductPage" classname="tests.t3_RemoveProducts" time="0">
    <skipped message="Could not start a new session. Response code 500. Message: An unknown server-side error occurred while processing the command. Original error: Could not find a driver for automationName &apos;ANDROID_UIAUTOMATOR2&apos; and platformName &apos;ANDROID&apos;. Have you installed a driver that supports those capabilities? Run &apos;appium driver list --installed&apos; to see. (Lower-level error: Could not find installed driver to support given caps) &#10;Host info: host: &apos;LAPTOP-RMK290R9&apos;, ip: &apos;192.168.1.20&apos;&#10;Build info: version: &apos;4.9.1&apos;, revision: &apos;eb2032df7f&apos;&#10;System info: os.name: &apos;Windows 10&apos;, os.arch: &apos;amd64&apos;, os.version: &apos;10.0&apos;, java.version: &apos;1.8.0_211&apos;&#10;Driver info: io.appium.java_client.android.AndroidDriver&#10;Command: [null, newSession {capabilities=[{appium:udid=emulator-5554, appium:chromedriverExecutableDir=./utils/ExecutableDirs, appium:chromedriverChromeMappingFile=https://github.com/appium/appium-chromedriver/blob/master/config/mapping.json, browserName=Chrome, platformName=ANDROID, appium:deviceName=Pixel_XL_API_33, appium:automationName=ANDROID_UIAUTOMATOR2}], desiredCapabilities=Capabilities {appium:automationName: ANDROID_UIAUTOMATOR2, appium:chromedriverChromeMappingFile: https://github.com/appium/a..., appium:chromedriverExecutableDir: ./utils/ExecutableDirs, appium:deviceName: Pixel_XL_API_33, appium:udid: emulator-5554, browserName: Chrome, platformName: ANDROID}}]&#10;Capabilities {appium:automationName: ANDROID_UIAUTOMATOR2, appium:chromedriverChromeMappingFile: https://github.com/appium/a..., appium:chromedriverExecutableDir: ./utils/ExecutableDirs, appium:deviceName: Pixel_XL_API_33, appium:udid: emulator-5554, browserName: Chrome, platformName: ANDROID}"/>
  </testcase>
  <testcase name="TearDown" classname="tests.t3_RemoveProducts" time="0">
    <skipped/>
  </testcase>
  <testcase name="TearDown" classname="tests.t3_RemoveProducts" time="0">
    <skipped/>
  </testcase>
  <testcase name="tc01_removeItemsFromProductsPage" classname="tests.t3_RemoveProducts" time="0">
    <skipped message="Could not start a new session. Response code 500. Message: An unknown server-side error occurred while processing the command. Original error: Could not find a driver for automationName &apos;ANDROID_UIAUTOMATOR2&apos; and platformName &apos;ANDROID&apos;. Have you installed a driver that supports those capabilities? Run &apos;appium driver list --installed&apos; to see. (Lower-level error: Could not find installed driver to support given caps) &#10;Host info: host: &apos;LAPTOP-RMK290R9&apos;, ip: &apos;192.168.1.20&apos;&#10;Build info: version: &apos;4.9.1&apos;, revision: &apos;eb2032df7f&apos;&#10;System info: os.name: &apos;Windows 10&apos;, os.arch: &apos;amd64&apos;, os.version: &apos;10.0&apos;, java.version: &apos;1.8.0_211&apos;&#10;Driver info: io.appium.java_client.android.AndroidDriver&#10;Command: [null, newSession {capabilities=[{appium:udid=emulator-5554, appium:chromedriverExecutableDir=./utils/ExecutableDirs, appium:chromedriverChromeMappingFile=https://github.com/appium/appium-chromedriver/blob/master/config/mapping.json, browserName=Chrome, platformName=ANDROID, appium:deviceName=Pixel_XL_API_33, appium:automationName=ANDROID_UIAUTOMATOR2}], desiredCapabilities=Capabilities {appium:automationName: ANDROID_UIAUTOMATOR2, appium:chromedriverChromeMappingFile: https://github.com/appium/a..., appium:chromedriverExecutableDir: ./utils/ExecutableDirs, appium:deviceName: Pixel_XL_API_33, appium:udid: emulator-5554, browserName: Chrome, platformName: ANDROID}}]&#10;Capabilities {appium:automationName: ANDROID_UIAUTOMATOR2, appium:chromedriverChromeMappingFile: https://github.com/appium/a..., appium:chromedriverExecutableDir: ./utils/ExecutableDirs, appium:deviceName: Pixel_XL_API_33, appium:udid: emulator-5554, browserName: Chrome, platformName: ANDROID}"/>
  </testcase>
  <testcase name="setup" classname="tests.t4_BuyProducts" time="1.152">
    <failure message="Could not start a new session. Response code 500. Message: An unknown server-side error occurred while processing the command. Original error: Could not find a driver for automationName &apos;ANDROID_UIAUTOMATOR2&apos; and platformName &apos;ANDROID&apos;. Have you installed a driver that supports those capabilities? Run &apos;appium driver list --installed&apos; to see. (Lower-level error: Could not find installed driver to support given caps) &#10;Host info: host: &apos;LAPTOP-RMK290R9&apos;, ip: &apos;192.168.1.20&apos;&#10;Build info: version: &apos;4.9.1&apos;, revision: &apos;eb2032df7f&apos;&#10;System info: os.name: &apos;Windows 10&apos;, os.arch: &apos;amd64&apos;, os.version: &apos;10.0&apos;, java.version: &apos;1.8.0_211&apos;&#10;Driver info: io.appium.java_client.android.AndroidDriver&#10;Command: [null, newSession {capabilities=[{appium:udid=emulator-5554, appium:chromedriverExecutableDir=./utils/ExecutableDirs, appium:chromedriverChromeMappingFile=https://github.com/appium/appium-chromedriver/blob/master/config/mapping.json, browserName=Chrome, platformName=ANDROID, appium:deviceName=Pixel_XL_API_33, appium:automationName=ANDROID_UIAUTOMATOR2}], desiredCapabilities=Capabilities {appium:automationName: ANDROID_UIAUTOMATOR2, appium:chromedriverChromeMappingFile: https://github.com/appium/a..., appium:chromedriverExecutableDir: ./utils/ExecutableDirs, appium:deviceName: Pixel_XL_API_33, appium:udid: emulator-5554, browserName: Chrome, platformName: ANDROID}}]&#10;Capabilities {appium:automationName: ANDROID_UIAUTOMATOR2, appium:chromedriverChromeMappingFile: https://github.com/appium/a..., appium:chromedriverExecutableDir: ./utils/ExecutableDirs, appium:deviceName: Pixel_XL_API_33, appium:udid: emulator-5554, browserName: Chrome, platformName: ANDROID}" type="org.openqa.selenium.SessionNotCreatedException"><![CDATA[org.openqa.selenium.SessionNotCreatedException: 
Could not start a new session. Response code 500. Message: An unknown server-side error occurred while processing the command. Original error: Could not find a driver for automationName 'ANDROID_UIAUTOMATOR2' and platformName 'ANDROID'. Have you installed a driver that supports those capabilities? Run 'appium driver list --installed' to see. (Lower-level error: Could not find installed driver to support given caps) 
Host info: host: 'LAPTOP-RMK290R9', ip: '192.168.1.20'
Build info: version: '4.9.1', revision: 'eb2032df7f'
System info: os.name: 'Windows 10', os.arch: 'amd64', os.version: '10.0', java.version: '1.8.0_211'
Driver info: io.appium.java_client.android.AndroidDriver
Command: [null, newSession {capabilities=[{appium:udid=emulator-5554, appium:chromedriverExecutableDir=./utils/ExecutableDirs, appium:chromedriverChromeMappingFile=https://github.com/appium/appium-chromedriver/blob/master/config/mapping.json, browserName=Chrome, platformName=ANDROID, appium:deviceName=Pixel_XL_API_33, appium:automationName=ANDROID_UIAUTOMATOR2}], desiredCapabilities=Capabilities {appium:automationName: ANDROID_UIAUTOMATOR2, appium:chromedriverChromeMappingFile: https://github.com/appium/a..., appium:chromedriverExecutableDir: ./utils/ExecutableDirs, appium:deviceName: Pixel_XL_API_33, appium:udid: emulator-5554, browserName: Chrome, platformName: ANDROID}}]
Capabilities {appium:automationName: ANDROID_UIAUTOMATOR2, appium:chromedriverChromeMappingFile: https://github.com/appium/a..., appium:chromedriverExecutableDir: ./utils/ExecutableDirs, appium:deviceName: Pixel_XL_API_33, appium:udid: emulator-5554, browserName: Chrome, platformName: ANDROID}
	at org.openqa.selenium.remote.ProtocolHandshake.createSession(ProtocolHandshake.java:136)
	at sun.reflect.NativeMethodAccessorImpl.invoke0(Native Method)
	at sun.reflect.NativeMethodAccessorImpl.invoke(NativeMethodAccessorImpl.java:62)
	at sun.reflect.DelegatingMethodAccessorImpl.invoke(DelegatingMethodAccessorImpl.java:43)
	at java.lang.reflect.Method.invoke(Method.java:498)
	at io.appium.java_client.remote.AppiumProtocolHandshake.createSession(AppiumProtocolHandshake.java:133)
	at io.appium.java_client.remote.AppiumProtocolHandshake.createSession(AppiumProtocolHandshake.java:102)
	at io.appium.java_client.remote.AppiumCommandExecutor.createSession(AppiumCommandExecutor.java:182)
	at io.appium.java_client.remote.AppiumCommandExecutor.execute(AppiumCommandExecutor.java:250)
	at org.openqa.selenium.remote.RemoteWebDriver.execute(RemoteWebDriver.java:543)
	at io.appium.java_client.AppiumDriver.startSession(AppiumDriver.java:274)
	at org.openqa.selenium.remote.RemoteWebDriver.<init>(RemoteWebDriver.java:157)
	at io.appium.java_client.AppiumDriver.<init>(AppiumDriver.java:89)
	at io.appium.java_client.AppiumDriver.<init>(AppiumDriver.java:112)
	at io.appium.java_client.AppiumDriver.<init>(AppiumDriver.java:137)
	at io.appium.java_client.android.AndroidDriver.<init>(AndroidDriver.java:236)
	at tests.BaseTest.setup(BaseTest.java:90)
	at sun.reflect.NativeMethodAccessorImpl.invoke0(Native Method)
	at sun.reflect.NativeMethodAccessorImpl.invoke(NativeMethodAccessorImpl.java:62)
	at sun.reflect.DelegatingMethodAccessorImpl.invoke(DelegatingMethodAccessorImpl.java:43)
	at java.lang.reflect.Method.invoke(Method.java:498)
	at org.testng.internal.invokers.MethodInvocationHelper.invokeMethod(MethodInvocationHelper.java:135)
	at org.testng.internal.invokers.MethodInvocationHelper.invokeMethodConsideringTimeout(MethodInvocationHelper.java:65)
	at org.testng.internal.invokers.ConfigInvoker.invokeConfigurationMethod(ConfigInvoker.java:381)
	at org.testng.internal.invokers.ConfigInvoker.invokeConfigurations(ConfigInvoker.java:319)
	at org.testng.internal.invokers.TestInvoker.runConfigMethods(TestInvoker.java:803)
	at org.testng.internal.invokers.TestInvoker.invokeMethod(TestInvoker.java:589)
	at org.testng.internal.invokers.TestInvoker.invokeTestMethod(TestInvoker.java:220)
	at org.testng.internal.invokers.MethodRunner.runInSequence(MethodRunner.java:50)
	at org.testng.internal.invokers.TestInvoker$MethodInvocationAgent.invoke(TestInvoker.java:945)
	at org.testng.internal.invokers.TestInvoker.invokeTestMethods(TestInvoker.java:193)
	at org.testng.internal.invokers.TestMethodWorker.invokeTestMethods(TestMethodWorker.java:146)
	at org.testng.internal.invokers.TestMethodWorker.run(TestMethodWorker.java:128)
	at java.util.ArrayList.forEach(ArrayList.java:1257)
	at org.testng.TestRunner.privateRun(TestRunner.java:808)
	at org.testng.TestRunner.run(TestRunner.java:603)
	at org.testng.SuiteRunner.runTest(SuiteRunner.java:429)
	at org.testng.SuiteRunner.runSequentially(SuiteRunner.java:423)
	at org.testng.SuiteRunner.privateRun(SuiteRunner.java:383)
	at org.testng.SuiteRunner.run(SuiteRunner.java:326)
	at org.testng.SuiteRunnerWorker.runSuite(SuiteRunnerWorker.java:52)
	at org.testng.SuiteRunnerWorker.run(SuiteRunnerWorker.java:95)
	at org.testng.TestNG.runSuitesSequentially(TestNG.java:1249)
	at org.testng.TestNG.runSuitesLocally(TestNG.java:1169)
	at org.testng.TestNG.runSuites(TestNG.java:1092)
	at org.testng.TestNG.run(TestNG.java:1060)
	at org.apache.maven.surefire.testng.TestNGExecutor.run(TestNGExecutor.java:324)
	at org.apache.maven.surefire.testng.TestNGXmlTestSuite.execute(TestNGXmlTestSuite.java:74)
	at org.apache.maven.surefire.testng.TestNGProvider.invoke(TestNGProvider.java:123)
	at org.apache.maven.surefire.booter.ForkedBooter.runSuitesInProcess(ForkedBooter.java:456)
	at org.apache.maven.surefire.booter.ForkedBooter.execute(ForkedBooter.java:169)
	at org.apache.maven.surefire.booter.ForkedBooter.run(ForkedBooter.java:595)
	at org.apache.maven.surefire.booter.ForkedBooter.main(ForkedBooter.java:581)
]]></failure>
    <system-out><![CDATA[&amp#27;[38;5;0m[HTTP]&amp#27;[0m &amp#27;[37m-->&amp#27;[39m &amp#27;[37mGET&amp#27;[39m &amp#27;[37m/status&amp#27;[39m
&amp#27;[38;5;0m[HTTP]&amp#27;[0m &amp#27;[90m{}&amp#27;[39m
[debug] &amp#27;[38;5;16m[AppiumDriver@ae6b]&amp#27;[0m Calling AppiumDriver.getStatus() with args: []
[debug] &amp#27;[38;5;16m[AppiumDriver@ae6b]&amp#27;[0m Responding to client with driver.getStatus() result: {"build":{"version":"2.0.0"}}
&amp#27;[38;5;0m[HTTP]&amp#27;[0m &amp#27;[37m<-- GET /status &amp#27;[39m&amp#27;[32m200&amp#27;[39m &amp#27;[90m1 ms - 39&amp#27;[39m
&amp#27;[38;5;0m[HTTP]&amp#27;[0m &amp#27;[90m&amp#27;[39m
[debug] &amp#27;[38;5;0m[HTTP]&amp#27;[0m Request idempotency key: 2a06440c-d3a0-44a9-95b6-cff51ddc0669
&amp#27;[38;5;0m[HTTP]&amp#27;[0m &amp#27;[37m-->&amp#27;[39m &amp#27;[37mPOST&amp#27;[39m &amp#27;[37m/session&amp#27;[39m
&amp#27;[38;5;0m[HTTP]&amp#27;[0m &amp#27;[90m{"capabilities":{"firstMatch":[{}],"alwaysMatch":{"appium:automationName":"ANDROID_UIAUTOMATOR2","appium:chromedriverChromeMappingFile":"https://github.com/appium/appium-chromedriver/blob/master/config/mapping.json","appium:chromedriverExecutableDir":"./utils/ExecutableDirs","appium:deviceName":"Pixel_XL_API_33","appium:udid":"emulator-5554","browserName":"Chrome","platformName":"ANDROID"}}}&amp#27;[39m
[debug] &amp#27;[38;5;16m[AppiumDriver@ae6b]&amp#27;[0m Calling AppiumDriver.createSession() with args: [null,null,{"firstMatch":[{}],"alwaysMatch":{"appium:automationName":"ANDROID_UIAUTOMATOR2","appium:chromedriverChromeMappingFile":"https://github.com/appium/appium-chromedriver/blob/master/config/mapping.json","appium:chromedriverExecutableDir":"./utils/ExecutableDirs","appium:deviceName":"Pixel_XL_API_33","appium:udid":"emulator-5554","browserName":"Chrome","platformName":"ANDROID"}}]
[debug] &amp#27;[38;5;16m[AppiumDriver@ae6b]&amp#27;[0m Event 'newSessionRequested' logged at 1692208726612 (20:58:46 GMT+0300 (Israel Daylight Time))
&amp#27;[35m[Appium]&amp#27;[39m Attempting to find matching driver for automationName 'ANDROID_UIAUTOMATOR2' and platformName 'ANDROID'
[debug] &amp#27;[38;5;16m[AppiumDriver@ae6b]&amp#27;[0m Event 'newSessionStarted' logged at 1692208726614 (20:58:46 GMT+0300 (Israel Daylight Time))
[debug] &amp#27;[38;5;16m[AppiumDriver@ae6b]&amp#27;[0m Encountered internal error running command: Error: Could not find a driver for automationName 'ANDROID_UIAUTOMATOR2' and platformName 'ANDROID'. Have you installed a driver that supports those capabilities? Run 'appium driver list --installed' to see. (Lower-level error: Could not find installed driver to support given caps)
[debug] &amp#27;[38;5;16m[AppiumDriver@ae6b]&amp#27;[0m     at DriverConfig.findMatchingDriver (C:\Users\jonmi\AppData\Roaming\npm\node_modules\appium\lib\extension\driver-config.js:175:13)
[debug] &amp#27;[38;5;16m[AppiumDriver@ae6b]&amp#27;[0m     at AppiumDriver.createSession (C:\Users\jonmi\AppData\Roaming\npm\node_modules\appium\lib\appium.js:273:29)
[debug] &amp#27;[38;5;16m[AppiumDriver@ae6b]&amp#27;[0m     at commandExecutor (C:\Users\jonmi\AppData\Roaming\npm\node_modules\appium\node_modules\@appium\base-driver\lib\basedriver\driver.ts:107:18)
[debug] &amp#27;[38;5;16m[AppiumDriver@ae6b]&amp#27;[0m     at AppiumDriver.executeCommand (C:\Users\jonmi\AppData\Roaming\npm\node_modules\appium\node_modules\@appium\base-driver\lib\basedriver\driver.ts:124:15)
[debug] &amp#27;[38;5;16m[AppiumDriver@ae6b]&amp#27;[0m     at processTicksAndRejections (node:internal/process/task_queues:95:5)
[debug] &amp#27;[38;5;16m[AppiumDriver@ae6b]&amp#27;[0m     at defaultBehavior (C:\Users\jonmi\AppData\Roaming\npm\node_modules\appium\lib\appium.js:680:16)
[debug] &amp#27;[38;5;16m[AppiumDriver@ae6b]&amp#27;[0m     at AppiumDriver.executeWrappedCommand (C:\Users\jonmi\AppData\Roaming\npm\node_modules\appium\lib\appium.js:774:16)
[debug] &amp#27;[38;5;16m[AppiumDriver@ae6b]&amp#27;[0m     at AppiumDriver.executeCommand (C:\Users\jonmi\AppData\Roaming\npm\node_modules\appium\lib\appium.js:696:17)
[...]
  </testcase>
  <testcase name="tc05_addRemoveFromCartAndClickCart" classname="tests.t7_PriceCalculation" time="0">
    <skipped message="Could not start a new session. Response code 500. Message: An unknown server-side error occurred while processing the command. Original error: Could not find a driver for automationName &apos;ANDROID_UIAUTOMATOR2&apos; and platformName &apos;ANDROID&apos;. Have you installed a driver that supports those capabilities? Run &apos;appium driver list --installed&apos; to see. (Lower-level error: Could not find installed driver to support given caps) &#10;Host info: host: &apos;LAPTOP-RMK290R9&apos;, ip: &apos;192.168.1.20&apos;&#10;Build info: version: &apos;4.9.1&apos;, revision: &apos;eb2032df7f&apos;&#10;System info: os.name: &apos;Windows 10&apos;, os.arch: &apos;amd64&apos;, os.version: &apos;10.0&apos;, java.version: &apos;1.8.0_211&apos;&#10;Driver info: io.appium.java_client.android.AndroidDriver&#10;Command: [null, newSession {capabilities=[{appium:udid=emulator-5554, appium:chromedriverExecutableDir=./utils/ExecutableDirs, appium:chromedriverChromeMappingFile=https://github.com/appium/appium-chromedriver/blob/master/config/mapping.json, browserName=Chrome, platformName=ANDROID, appium:deviceName=Pixel_XL_API_33, appium:automationName=ANDROID_UIAUTOMATOR2}], desiredCapabilities=Capabilities {appium:automationName: ANDROID_UIAUTOMATOR2, appium:chromedriverChromeMappingFile: https://github.com/appium/a..., appium:chromedriverExecutableDir: ./utils/ExecutableDirs, appium:deviceName: Pixel_XL_API_33, appium:udid: emulator-5554, browserName: Chrome, platformName: ANDROID}}]&#10;Capabilities {appium:automationName: ANDROID_UIAUTOMATOR2, appium:chromedriverChromeMappingFile: https://github.com/appium/a..., appium:chromedriverExecutableDir: ./utils/ExecutableDirs, appium:deviceName: Pixel_XL_API_33, appium:udid: emulator-5554, browserName: Chrome, platformName: ANDROID}"/>
  </testcase>
  <testcase name="setup" classname="tests.t8_SocialMediaLinks" time="2.043">
    <failure message="Could not start a new session. Response code 500. Message: An unknown server-side error occurred while processing the command. Original error: Could not find a driver for automationName &apos;ANDROID_UIAUTOMATOR2&apos; and platformName &apos;ANDROID&apos;. Have you installed a driver that supports those capabilities? Run &apos;appium driver list --installed&apos; to see. (Lower-level error: Could not find installed driver to support given caps) &#10;Host info: host: &apos;LAPTOP-RMK290R9&apos;, ip: &apos;192.168.1.20&apos;&#10;Build info: version: &apos;4.9.1&apos;, revision: &apos;eb2032df7f&apos;&#10;System info: os.name: &apos;Windows 10&apos;, os.arch: &apos;amd64&apos;, os.version: &apos;10.0&apos;, java.version: &apos;1.8.0_211&apos;&#10;Driver info: io.appium.java_client.android.AndroidDriver&#10;Command: [null, newSession {capabilities=[{appium:udid=emulator-5554, appium:chromedriverExecutableDir=./utils/ExecutableDirs, appium:chromedriverChromeMappingFile=https://github.com/appium/appium-chromedriver/blob/master/config/mapping.json, browserName=Chrome, platformName=ANDROID, appium:deviceName=Pixel_XL_API_33, appium:automationName=ANDROID_UIAUTOMATOR2}], desiredCapabilities=Capabilities {appium:automationName: ANDROID_UIAUTOMATOR2, appium:chromedriverChromeMappingFile: https://github.com/appium/a..., appium:chromedriverExecutableDir: ./utils/ExecutableDirs, appium:deviceName: Pixel_XL_API_33, appium:udid: emulator-5554, browserName: Chrome, platformName: ANDROID}}]&#10;Capabilities {appium:automationName: ANDROID_UIAUTOMATOR2, appium:chromedriverChromeMappingFile: https://github.com/appium/a..., appium:chromedriverExecutableDir: ./utils/ExecutableDirs, appium:deviceName: Pixel_XL_API_33, appium:udid: emulator-5554, browserName: Chrome, platformName: ANDROID}" type="org.openqa.selenium.SessionNotCreatedException"><![CDATA[org.openqa.selenium.SessionNotCreatedException: 
Could not start a new session. Response code 500. Message: An unknown server-side error occurred while processing the command. Original error: Could not find a driver for automationName 'ANDROID_UIAUTOMATOR2' and platformName 'ANDROID'. Have you installed a driver that supports those capabilities? Run 'appium driver list --installed' to see. (Lower-level error: Could not find installed driver to support given caps) 
Host info: host: 'LAPTOP-RMK290R9', ip: '192.168.1.20'
Build info: version: '4.9.1', revision: 'eb2032df7f'
System info: os.name: 'Windows 10', os.arch: 'amd64', os.version: '10.0', java.version: '1.8.0_211'
Driver info: io.appium.java_client.android.AndroidDriver
Command: [null, newSession {capabilities=[{appium:udid=emulator-5554, appium:chromedriverExecutableDir=./utils/ExecutableDirs, appium:chromedriverChromeMappingFile=https://github.com/appium/appium-chromedriver/blob/master/config/mapping.json, browserName=Chrome, platformName=ANDROID, appium:deviceName=Pixel_XL_API_33, appium:automationName=ANDROID_UIAUTOMATOR2}], desiredCapabilities=Capabilities {appium:automationName: ANDROID_UIAUTOMATOR2, appium:chromedriverChromeMappingFile: https://github.com/appium/a..., appium:chromedriverExecutableDir: ./utils/ExecutableDirs, appium:deviceName: Pixel_XL_API_33, appium:udid: emulator-5554, browserName: Chrome, platformName: ANDROID}}]
Capabilities {appium:automationName: ANDROID_UIAUTOMATOR2, appium:chromedriverChromeMappingFile: https://github.com/appium/a..., appium:chromedriverExecutableDir: ./utils/ExecutableDirs, appium:deviceName: Pixel_XL_API_33, appium:udid: emulator-5554, browserName: Chrome, platformName: ANDROID}
	at org.openqa.selenium.remote.ProtocolHandshake.createSession(ProtocolHandshake.java:136)
	at sun.reflect.NativeMethodAccessorImpl.invoke0(Native Method)
	at sun.reflect.NativeMethodAccessorImpl.invoke(NativeMethodAccessorImpl.java:62)
	at sun.reflect.DelegatingMethodAccessorImpl.invoke(DelegatingMethodAccessorImpl.java:43)
	at java.lang.reflect.Method.invoke(Method.java:498)
	at io.appium.java_client.remote.AppiumProtocolHandshake.createSession(AppiumProtocolHandshake.java:133)
	at io.appium.java_client.remote.AppiumProtocolHandshake.createSession(AppiumProtocolHandshake.java:102)
	at io.appium.java_client.remote.AppiumCommandExecutor.createSession(AppiumCommandExecutor.java:182)
	at io.appium.java_client.remote.AppiumCommandExecutor.execute(AppiumCommandExecutor.java:250)
	at org.openqa.selenium.remote.RemoteWebDriver.execute(RemoteWebDriver.java:543)
	at io.appium.java_client.AppiumDriver.startSession(AppiumDriver.java:274)
	at org.openqa.selenium.remote.RemoteWebDriver.<init>(RemoteWebDriver.java:157)
	at io.appium.java_client.AppiumDriver.<init>(AppiumDriver.java:89)
	at io.appium.java_client.AppiumDriver.<init>(AppiumDriver.java:112)
	at io.appium.java_client.AppiumDriver.<init>(AppiumDriver.java:137)
	at io.appium.java_client.android.AndroidDriver.<init>(AndroidDriver.java:236)
	at tests.BaseTest.setup(BaseTest.java:90)
	at sun.reflect.NativeMethodAccessorImpl.invoke0(Native Method)
	at sun.reflect.NativeMethodAccessorImpl.invoke(NativeMethodAccessorImpl.java:62)
	at sun.reflect.DelegatingMethodAccessorImpl.invoke(DelegatingMethodAccessorImpl.java:43)
	at java.lang.reflect.Method.invoke(Method.java:498)
	at org.testng.internal.invokers.MethodInvocationHelper.invokeMethod(MethodInvocationHelper.java:135)
	at org.testng.internal.invokers.MethodInvocationHelper.invokeMethodConsideringTimeout(MethodInvocationHelper.java:65)
	at org.testng.internal.invokers.ConfigInvoker.invokeConfigurationMethod(ConfigInvoker.java:381)
	at org.testng.internal.invokers.ConfigInvoker.invokeConfigurations(ConfigInvoker.java:319)
	at org.testng.internal.invokers.TestInvoker.runConfigMethods(TestInvoker.java:803)
	at org.testng.internal.invokers.TestInvoker.invokeMethod(TestInvoker.java:589)
	at org.testng.internal.invokers.TestInvoker.invokeTestMethod(TestInvoker.java:220)
	at org.testng.internal.invokers.MethodRunner.runInSequence(MethodRunner.java:50)
	at org.testng.internal.invokers.TestInvoker$MethodInvocationAgent.invoke(TestInvoker.java:945)
	at org.testng.internal.invokers.TestInvoker.invokeTestMethods(TestInvoker.java:193)
	at org.testng.internal.invokers.TestMethodWorker.invokeTestMethods(TestMethodWorker.java:146)
	at org.testng.internal.invokers.TestMethodWorker.run(TestMethodWorker.java:128)
	at java.util.ArrayList.forEach(ArrayList.java:1257)
	at org.testng.TestRunner.privateRun(TestRunner.java:808)
	at org.testng.TestRunner.run(TestRunner.java:603)
	at org.testng.SuiteRunner.runTest(SuiteRunner.java:429)
	at org.testng.SuiteRunner.runSequentially(SuiteRunner.java:423)
	at org.testng.SuiteRunner.privateRun(SuiteRunner.java:383)
	at org.testng.SuiteRunner.run(SuiteRunner.java:326)
	at org.testng.SuiteRunnerWorker.runSuite(SuiteRunnerWorker.java:52)
	at org.testng.SuiteRunnerWorker.run(SuiteRunnerWorker.java:95)
	at org.testng.TestNG.runSuitesSequentially(TestNG.java:1249)
	at org.testng.TestNG.runSuitesLocally(TestNG.java:1169)
	at org.testng.TestNG.runSuites(TestNG.java:1092)
	at org.testng.TestNG.run(TestNG.java:1060)
	at org.apache.maven.surefire.testng.TestNGExecutor.run(TestNGExecutor.java:324)
	at org.apache.maven.surefire.testng.TestNGXmlTestSuite.execute(TestNGXmlTestSuite.java:74)
	at org.apache.maven.surefire.testng.TestNGProvider.invoke(TestNGProvider.java:123)
	at org.apache.maven.surefire.booter.ForkedBooter.runSuitesInProcess(ForkedBooter.java:456)
	at org.apache.maven.surefire.booter.ForkedBooter.execute(ForkedBooter.java:169)
	at org.apache.maven.surefire.booter.ForkedBooter.run(ForkedBooter.java:595)
	at org.apache.maven.surefire.booter.ForkedBooter.main(ForkedBooter.java:581)
]]></failure>
    <system-out><![CDATA[&amp#27;[35m[Appium]&amp#27;[39m Welcome to Appium v2.0.0
&amp#27;[35m[Appium]&amp#27;[39m Attempting to load driver uiautomator2...
[debug] &amp#27;[35m[Appium]&amp#27;[39m Requiring driver at C:\Users\jonmi\.appium\node_modules\appium-uiautomator2-driver
&amp#27;[38;5;0m[HTTP]&amp#27;[0m &amp#27;[37m-->&amp#27;[39m &amp#27;[37mGET&amp#27;[39m &amp#27;[37m/status&amp#27;[39m
&amp#27;[38;5;0m[HTTP]&amp#27;[0m &amp#27;[90m{}&amp#27;[39m
[debug] &amp#27;[38;5;16m[AppiumDriver@ae6b]&amp#27;[0m Calling AppiumDriver.getStatus() with args: []
[debug] &amp#27;[38;5;16m[AppiumDriver@ae6b]&amp#27;[0m Responding to client with driver.getStatus() result: {"build":{"version":"2.0.0"}}
&amp#27;[38;5;0m[HTTP]&amp#27;[0m &amp#27;[37m<-- GET /status &amp#27;[39m&amp#27;[32m200&amp#27;[39m &amp#27;[90m3 ms - 39&amp#27;[39m
&amp#27;[38;5;0m[HTTP]&amp#27;[0m &amp#27;[90m&amp#27;[39m
[debug] &amp#27;[38;5;0m[HTTP]&amp#27;[0m Request idempotency key: 3394da88-cf5f-4374-8ae8-38fae9fdd3d4
&amp#27;[38;5;0m[HTTP]&amp#27;[0m &amp#27;[37m-->&amp#27;[39m &amp#27;[37mPOST&amp#27;[39m &amp#27;[37m/session&amp#27;[39m
&amp#27;[38;5;0m[HTTP]&amp#27;[0m &amp#27;[90m{"capabilities":{"firstMatch":[{}],"alwaysMatch":{"appium:automationName":"ANDROID_UIAUTOMATOR2","appium:chromedriverChromeMappingFile":"https://github.com/appium/appium-chromedriver/blob/master/config/mapping.json","appium:chromedriverExecutableDir":"./utils/ExecutableDirs","appium:deviceName":"Pixel_XL_API_33","appium:udid":"emulator-5554","browserName":"Chrome","platformName":"ANDROID"}}}&amp#27;[39m
[debug] &amp#27;[38;5;16m[AppiumDriver@ae6b]&amp#27;[0m Calling AppiumDriver.createSession() with args: [null,null,{"firstMatch":[{}],"alwaysMatch":{"appium:automationName":"ANDROID_UIAUTOMATOR2","appium:chromedriverChromeMappingFile":"https://github.com/appium/appium-chromedriver/blob/master/config/mapping.json","appium:chromedriverExecutableDir":"./utils/ExecutableDirs","appium:deviceName":"Pixel_XL_API_33","appium:udid":"emulator-5554","browserName":"Chrome","platformName":"ANDROID"}}]
[debug] &amp#27;[38;5;16m[AppiumDriver@ae6b]&amp#27;[0m Event 'newSessionRequested' logged at 1692208732578 (20:58:52 GMT+0300 (Israel Daylight Time))
&amp#27;[35m[Appium]&amp#27;[39m Attempting to find matching driver for automationName 'ANDROID_UIAUTOMATOR2' and platformName 'ANDROID'
[debug] &amp#27;[38;5;16m[AppiumDriver@ae6b]&amp#27;[0m Event 'newSessionStarted' logged at 1692208732580 (20:58:52 GMT+0300 (Israel Daylight Time))
[debug] &amp#27;[38;5;16m[AppiumDriver@ae6b]&amp#27;[0m Encountered internal error running command: Error: Could not find a driver for automationName 'ANDROID_UIAUTOMATOR2' and platformName 'ANDROID'. Have you installed a driver that supports those capabilities? Run 'appium driver list --installed' to see. (Lower-level error: Could not find installed driver to support given caps)
[debug] &amp#27;[38;5;16m[AppiumDriver@ae6b]&amp#27;[0m     at DriverConfig.findMatchingDriver (C:\Users\jonmi\AppData\Roaming\npm\node_modules\appium\lib\extension\driver-config.js:175:13)
[debug] &amp#27;[38;5;16m[AppiumDriver@ae6b]&amp#27;[0m     at AppiumDriver.createSession (C:\Users\jonmi\AppData\Roaming\npm\node_modules\appium\lib\appium.js:273:29)
[debug] &amp#27;[38;5;16m[AppiumDriver@ae6b]&amp#27;[0m     at commandExecutor (C:\Users\jonmi\AppData\Roaming\npm\node_modules\appium\node_modules\@appium\base-driver\lib\basedriver\driver.ts:107:18)
[debug] &amp#27;[38;5;16m[AppiumDriver@ae6b]&amp#27;[0m     at AppiumDriver.executeCommand (C:\Users\jonmi\AppData\Roaming\npm\node_modules\appium\node_modules\@appium\base-driver\lib\basedriver\driver.ts:124:15)
[debug] &amp#27;[38;5;16m[AppiumDriver@ae6b]&amp#27;[0m     at processTicksAndRejections (node:internal/process/task_queues:95:5)
[debug] &amp#27;[38;5;16m[AppiumDriver@ae6b]&amp#27;[0m     at defaultBehavior (C:\Users\jonmi\AppData\Roaming\npm\node_modules\appium\lib\appium.js:680:16)
[debug] &amp#27;[38;5;16m[AppiumDriver@ae6b]&amp#27;[0m     at AppiumDriver.executeWrappedCommand (C:\Users\jonmi\AppData\Roaming\npm\node_modules\appium\lib\appium.js:774:16)
[debug] &amp#27;[38;5;16m[AppiumDriver@ae6b]&amp#27;[0m     at AppiumDriver.executeCommand (C:\Users\jonmi\AppData\Roaming\npm\node_modules\appium\lib\appium.js:696:17)
[debug] &amp#27;[38;5;16m[AppiumDriver@ae6b]&amp#27;[0m     at asyncHandler (C:\Users\jonmi\AppData\Roaming\npm\node_modules\appium\node_modules\@appium\base-driver\lib\protocol\protocol.js:393:19)
&amp#27;[38;5;0m[HTTP]&amp#27;[0m &amp#27;[37m<-- POST /session &amp#27;[39m&amp#27;[31m500&amp#27;[39m &amp#27;[90m7 ms - 1116&amp#27;[39m
&amp#27;[38;5;0m[HTTP]&amp#27;[0m &amp#27;[90m&amp#27;[39m
]]></system-out>
  </testcase>
  <testcase name="setup" classname="tests.t8_SocialMediaLinks" time="0">
    <skipped/>
  </testcase>
  <testcase name="tc01_verifySocialMediaLinksInProductPage" classname="tests.t8_SocialMediaLinks" time="0">
    <skipped message="Could not start a new session. Response code 500. Message: An unknown server-side error occurred while processing the command. Original error: Could not find a driver for automationName &apos;ANDROID_UIAUTOMATOR2&apos; and platformName &apos;ANDROID&apos;. Have you installed a driver that supports those capabilities? Run &apos;appium driver list --installed&apos; to see. (Lower-level error: Could not find installed driver to support given caps) &#10;Host info: host: &apos;LAPTOP-RMK290R9&apos;, ip: &apos;192.168.1.20&apos;&#10;Build info: version: &apos;4.9.1&apos;, revision: &apos;eb2032df7f&apos;&#10;System info: os.name: &apos;Windows 10&apos;, os.arch: &apos;amd64&apos;, os.version: &apos;10.0&apos;, java.version: &apos;1.8.0_211&apos;&#10;Driver info: io.appium.java_client.android.AndroidDriver&#10;Command: [null, newSession {capabilities=[{appium:udid=emulator-5554, appium:chromedriverExecutableDir=./utils/ExecutableDirs, appium:chromedriverChromeMappingFile=https://github.com/appium/appium-chromedriver/blob/master/config/mapping.json, browserName=Chrome, platformName=ANDROID, appium:deviceName=Pixel_XL_API_33, appium:automationName=ANDROID_UIAUTOMATOR2}], desiredCapabilities=Capabilities {appium:automationName: ANDROID_UIAUTOMATOR2, appium:chromedriverChromeMappingFile: https://github.com/appium/a..., appium:chromedriverExecutableDir: ./utils/ExecutableDirs, appium:deviceName: Pixel_XL_API_33, appium:udid: emulator-5554, browserName: Chrome, platformName: ANDROID}}]&#10;Capabilities {appium:automationName: ANDROID_UIAUTOMATOR2, appium:chromedriverChromeMappingFile: https://github.com/appium/a..., appium:chromedriverExecutableDir: ./utils/ExecutableDirs, appium:deviceName: Pixel_XL_API_33, appium:udid: emulator-5554, browserName: Chrome, platformName: ANDROID}"/>
  </testcase>
  <testcase name="TearDown" classname="tests.t8_SocialMediaLinks" time="0">
    <skipped/>
  </testcase>
  <testcase name="TearDown" classname="tests.t8_SocialMediaLinks" time="0">
    <skipped/>
  </testcase>
  <testcase name="tc01_verifySocialMediaLinksInProductsPage" classname="tests.t8_SocialMediaLinks" time="0">
    <skipped message="Could not start a new session. Response code 500. Message: An unknown server-side error occurred while processing the command. Original error: Could not find a driver for automationName &apos;ANDROID_UIAUTOMATOR2&apos; and platformName &apos;ANDROID&apos;. Have you installed a driver that supports those capabilities? Run &apos;appium driver list --installed&apos; to see. (Lower-level error: Could not find installed driver to support given caps) &#10;Host info: host: &apos;LAPTOP-RMK290R9&apos;, ip: &apos;192.168.1.20&apos;&#10;Build info: version: &apos;4.9.1&apos;, revision: &apos;eb2032df7f&apos;&#10;System info: os.name: &apos;Windows 10&apos;, os.arch: &apos;amd64&apos;, os.version: &apos;10.0&apos;, java.version: &apos;1.8.0_211&apos;&#10;Driver info: io.appium.java_client.android.AndroidDriver&#10;Command: [null, newSession {capabilities=[{appium:udid=emulator-5554, appium:chromedriverExecutableDir=./utils/ExecutableDirs, appium:chromedriverChromeMappingFile=https://github.com/appium/appium-chromedriver/blob/master/config/mapping.json, browserName=Chrome, platformName=ANDROID, appium:deviceName=Pixel_XL_API_33, appium:automationName=ANDROID_UIAUTOMATOR2}], desiredCapabilities=Capabilities {appium:automationName: ANDROID_UIAUTOMATOR2, appium:chromedriverChromeMappingFile: https://github.com/appium/a..., appium:chromedriverExecutableDir: ./utils/ExecutableDirs, appium:deviceName: Pixel_XL_API_33, appium:udid: emulator-5554, browserName: Chrome, platformName: ANDROID}}]&#10;Capabilities {appium:automationName: ANDROID_UIAUTOMATOR2, appium:chromedriverChromeMappingFile: https://github.com/appium/a..., appium:chromedriverExecutableDir: ./utils/ExecutableDirs, appium:deviceName: Pixel_XL_API_33, appium:udid: emulator-5554, browserName: Chrome, platformName: ANDROID}"/>
  </testcase>
</testsuite>