<?xml version="1.0" encoding="UTF-8"?>
<testng-results skipped="34" failed="0" ignored="0" total="34" passed="0">
  <reporter-output>
  </reporter-output>
  <suite name="Suite1" duration-ms="23844" started-at="2023-08-16T20:58:28 IDT" finished-at="2023-08-16T20:58:52 IDT">
    <groups>
    </groups>
    <test name="test1" duration-ms="23844" started-at="2023-08-16T20:58:28 IDT" finished-at="2023-08-16T20:58:52 IDT">
      <class name="tests.t6_CheckoutInformationFields">
        <test-method status="FAIL" signature="setup()[pri:0, instance:tests.t6_CheckoutInformationFields@120f38e6]" name="setup" is-config="true" duration-ms="1318" started-at="2023-08-16T20:58:47 IDT" finished-at="2023-08-16T20:58:49 IDT">
          <exception class="org.openqa.selenium.SessionNotCreatedException">
            <message>
              <![CDATA[Could not start a new session. Response code 500. Message: An unknown server-side error occurred while processing the command. Original error: Could not find a driver for automationName 'ANDROID_UIAUTOMATOR2' and platformName 'ANDROID'. Have you installed a driver that supports those capabilities? Run 'appium driver list --installed' to see. (Lower-level error: Could not find installed driver to support given caps) 
Host info: host: 'LAPTOP-RMK290R9', ip: '192.168.1.20'
Build info: version: '4.9.1', revision: 'eb2032df7f'
System info: os.name: 'Windows 10', os.arch: 'amd64', os.version: '10.0', java.version: '1.8.0_211'
Driver info: io.appium.java_client.android.AndroidDriver
Command: [null, newSession {capabilities=[{appium:udid=emulator-5554, appium:chromedriverExecutableDir=./utils/ExecutableDirs, appium:chromedriverChromeMappingFile=https://github.com/appium/appium-chromedriver/blob/master/config/mapping.json, browserName=Chrome, platformName=ANDROID, appium:deviceName=Pixel_XL_API_33, appium:automationName=ANDROID_UIAUTOMATOR2}], desiredCapabilities=Capabilities {appium:automationName: ANDROID_UIAUTOMATOR2, appium:chromedriverChromeMappingFile: https://github.com/appium/a..., appium:chromedriverExecutableDir: ./utils/ExecutableDirs, appium:deviceName: Pixel_XL_API_33, appium:udid: emulator-5554, browserName: Chrome, platformName: ANDROID}}]
Capabilities {appium:automationName: ANDROID_UIAUTOMATOR2, appium:chromedriverChromeMappingFile: https://github.com/appium/a..., appium:chromedriverExecutableDir: ./utils/ExecutableDirs, appium:deviceName: Pixel_XL_API_33, appium:udid: emulator-5554, browserName: Chrome, platformName: ANDROID}]]>
            </message>
            <full-stacktrace>
              <![CDATA[org.openqa.selenium.SessionNotCreatedException: Could not start a new session. Response code 500. Message: An unknown server-side error occurred while processing the command. Original error: Could not find a driver for automationName 'ANDROID_UIAUTOMATOR2' and platformName 'ANDROID'. Have you installed a driver that supports those capabilities? Run 'appium driver list --installed' to see. (Lower-level error: Could not find installed driver to support given caps) 
Host info: host: 'LAPTOP-RMK290R9', ip: '192.168.1.20'
Build info: version: '4.9.1', revision: 'eb2032df7f'
System info: os.name: 'Windows 10', os.arch: 'amd64', os.version: '10.0', java.version: '1.8.0_211'
Driver info: io.appium.java_client.android.AndroidDriver
Command: [null, newSession {capabilities=[{appium:udid=emulator-5554, appium:chromedriverExecutableDir=./utils/ExecutableDirs, appium:chromedriverChromeMappingFile=https://github.com/appium/appium-chromedriver/blob/master/config/mapping.json, browserName=Chrome, platformName=ANDROID, appium:deviceName=Pixel_XL_API_33, appium:automationName=ANDROID_UIAUTOMATOR2}], desiredCapabilities=Capabilities {appium:automationName: ANDROID_UIAUTOMATOR2, appium:chromedriverChromeMappingFile: https://github.com/appium/a..., appium:chromedriverExecutableDir: ./utils/ExecutableDirs, appium:deviceName: Pixel_XL_API_33, appium:udid: emulator-5554, browserName: Chrome, platformName: ANDROID}}]
Capabilities {appium:automationName: ANDROID_UIAUTOMATOR2, appium:chromedriverChromeMappingFile: https://github.com/appium/a..., appium:chromedriverExecutableDir: ./utils/ExecutableDirs, appium:deviceName: Pixel_XL_API_33, appium:udid: emulator-5554, browserName: Chrome, platformName: ANDROID}
at org.openqa.selenium.remote.ProtocolHandshake.createSession(ProtocolHandshake.java:136)
at sun.reflect.NativeMethodAccessorImpl.invoke0(Native Method)
at sun.reflect.NativeMethodAccessorImpl.invoke(NativeMethodAccessorImpl.java:62)
at sun.reflect.DelegatingMethodAccessorImpl.invoke(DelegatingMethodAccessorImpl.java:43)
at java.lang.reflect.Method.invoke(Method.java:498)
at io.appium.java_client.remote.AppiumProtocolHandshake.createSession(AppiumProtocolHandshake.java:133)
at io.appium.java_client.remote.AppiumProtocolHandshake.createSession(AppiumProtocolHandshake.java:102)
at io.appium.java_client.remote.AppiumCommandExecutor.createSession(AppiumCommandExecutor.java:182)
at io.appium.java_client.remote.AppiumCommandExecutor.execute(AppiumCommandExecutor.java:250)
at org.openqa.selenium.remote.RemoteWebDriver.execute(RemoteWebDriver.java:543)
at io.appium.java_client.AppiumDriver.startSession(AppiumDriver.java:274)
at org.openqa.selenium.remote.RemoteWebDriver.<init>(RemoteWebDriver.java:157)
at io.appium.java_client.AppiumDriver.<init>(AppiumDriver.java:89)
at io.appium.java_client.AppiumDriver.<init>(AppiumDriver.java:112)
at io.appium.java_client.AppiumDriver.<init>(AppiumDriver.java:137)
at io.appium.java_client.android.AndroidDriver.<init>(AndroidDriver.java:236)
at tests.BaseTest.setup(BaseTest.java:90)
at sun.reflect.NativeMethodAccessorImpl.invoke0(Native Method)
at sun.reflect.NativeMethodAccessorImpl.invoke(NativeMethodAccessorImpl.java:62)
at sun.reflect.DelegatingMethodAccessorImpl.invoke(DelegatingMethodAccessorImpl.java:43)
at java.lang.reflect.Method.invoke(Method.java:498)
at org.testng.internal.invokers.MethodInvocationHelper.invokeMethod(MethodInvocationHelper.java:135)
at org.testng.internal.invokers.MethodInvocationHelper.invokeMethodConsideringTimeout(MethodInvocationHelper.java:65)
at org.testng.internal.invokers.ConfigInvoker.invokeConfigurationMethod(ConfigInvoker.java:381)
at org.testng.internal.invokers.ConfigInvoker.invokeConfigurations(ConfigInvoker.java:319)
at org.testng.internal.invokers.TestInvoker.runConfigMethods(TestInvoker.java:803)
at org.testng.internal.invokers.TestInvoker.invokeMethod(TestInvoker.java:589)
at org.testng.internal.invokers.TestInvoker.invokeTestMethod(TestInvoker.java:220)
at org.testng.internal.invokers.MethodRunner.runInSequence(MethodRunner.java:50)
at org.testng.internal.invokers.TestInvoker$MethodInvocationAgent.invoke(TestInvoker.java:945)
at org.testng.internal.invokers.TestInvoker.invokeTestMethods(TestInvoker.java:193)
at org.testng.internal.invokers.TestMethodWorker.invokeTestMethods(TestMethodWorker.java:146)
at org.testng.internal.invokers.TestMethodWorker.run(TestMethodWorker.java:128)
at java.util.ArrayList.forEach(ArrayList.java:1257)
at org.testng.TestRunner.privateRun(TestRunner.java:808)
at org.testng.TestRunner.run(TestRunner.java:603)
at org.testng.SuiteRunner.runTest(SuiteRunner.java:429)
at org.testng.SuiteRunner.runSequentially(SuiteRunner.java:423)
at org.testng.SuiteRunner.privateRun(SuiteRunner.java:383)
at org.testng.SuiteRunner.run(SuiteRunner.java:326)
at org.testng.SuiteRunnerWorker.runSuite(SuiteRunnerWorker.java:52)
at org.testng.SuiteRunnerWorker.run(SuiteRunnerWorker.java:95)
at org.testng.TestNG.runSuitesSequentially(TestNG.java:1249)
at org.testng.TestNG.runSuitesLocally(TestNG.java:1169)
at org.testng.TestNG.runSuites(TestNG.java:1092)
at org.testng.TestNG.run(TestNG.java:1060)
at org.apache.maven.surefire.testng.TestNGExecutor.run(TestNGExecutor.java:324)
at org.apache.maven.surefire.testng.TestNGXmlTestSuite.execute(TestNGXmlTestSuite.java:74)
at org.apache.maven.surefire.testng.TestNGProvider.invoke(TestNGProvider.java:123)
at org.apache.maven.surefire.booter.ForkedBooter.runSuitesInProcess(ForkedBooter.java:456)
at org.apache.maven.surefire.booter.ForkedBooter.execute(ForkedBooter.java:169)
at org.apache.maven.surefire.booter.ForkedBooter.run(ForkedBooter.java:595)
at org.apache.maven.surefire.booter.ForkedBooter.main(ForkedBooter.java:581)
]]>
            </full-stacktrace>
          </exception> <!-- org.openqa.selenium.SessionNotCreatedException -->
          <reporter-output>
          </reporter-output>
        </test-method> <!-- setup -->
        <test-method status="SKIP" signature="tc01_fillAllFields()[pri:0, instance:tests.t6_CheckoutInformationFields@120f38e6]" name="tc01_fillAllFields" duration-ms="0" started-at="2023-08-16T20:58:49 IDT" finished-at="2023-08-16T20:58:49 IDT">
          <exception class="org.openqa.selenium.SessionNotCreatedException">
            <message>
              <![CDATA[Could not start a new session. Response code 500. Message: An unknown server-side error occurred while processing the command. Original error: Could not find a driver for automationName 'ANDROID_UIAUTOMATOR2' and platformName 'ANDROID'. Have you installed a driver that supports those capabilities? Run 'appium driver list --installed' to see. (Lower-level error: Could not find installed driver to support given caps) 
Host info: host: 'LAPTOP-RMK290R9', ip: '192.168.1.20'
Build info: version: '4.9.1', revision: 'eb2032df7f'
System info: os.name: 'Windows 10', os.arch: 'amd64', os.version: '10.0', java.version: '1.8.0_211'
Driver info: io.appium.java_client.android.AndroidDriver
Command: [null, newSession {capabilities=[{appium:udid=emulator-5554, appium:chromedriverExecutableDir=./utils/ExecutableDirs, appium:chromedriverChromeMappingFile=https://github.com/appium/appium-chromedriver/blob/master/config/mapping.json, browserName=Chrome, platformName=ANDROID, appium:deviceName=Pixel_XL_API_33, appium:automationName=ANDROID_UIAUTOMATOR2}], desiredCapabilities=Capabilities {appium:automationName: ANDROID_UIAUTOMATOR2, appium:chromedriverChromeMappingFile: https://github.com/appium/a..., appium:chromedriverExecutableDir: ./utils/ExecutableDirs, appium:deviceName: Pixel_XL_API_33, appium:udid: emulator-5554, browserName: Chrome, platformName: ANDROID}}]
Capabilities {appium:automationName: ANDROID_UIAUTOMATOR2, appium:chromedriverChromeMappingFile: https://github.com/appium/a..., appium:chromedriverExecutableDir: ./utils/ExecutableDirs, appium:deviceName: Pixel_XL_API_33, appium:udid: emulator-5554, browserName: Chrome, platformName: ANDROID}]]>
            </message>
            <full-stacktrace>
              <![CDATA[org.openqa.selenium.SessionNotCreatedException: Could not start a new session. Response code 500. Message: An unknown server-side error occurred while processing the command. Original error: Could not find a driver for automationName 'ANDROID_UIAUTOMATOR2' and platformName 'ANDROID'. Have you installed a driver that supports those capabilities? Run 'appium driver list --installed' to see. (Lower-level error: Could not find installed driver to support given caps) 
Host info: host: 'LAPTOP-RMK290R9', ip: '192.168.1.20'
Build info: version: '4.9.1', revision: 'eb2032df7f'
System info: os.name: 'Windows 10', os.arch: 'amd64', os.version: '10.0', java.version: '1.8.0_211'
Driver info: io.appium.java_client.android.AndroidDriver
Command: [null, newSession {capabilities=[{appium:udid=emulator-5554, appium:chromedriverExecutableDir=./utils/ExecutableDirs, appium:chromedriverChromeMappingFile=https://github.com/appium/appium-chromedriver/blob/master/config/mapping.json, browserName=Chrome, platformName=ANDROID, appium:deviceName=Pixel_XL_API_33, appium:automationName=ANDROID_UIAUTOMATOR2}], desiredCapabilities=Capabilities {appium:automationName: ANDROID_UIAUTOMATOR2, appium:chromedriverChromeMappingFile: https://github.com/appium/a..., appium:chromedriverExecutableDir: ./utils/ExecutableDirs, appium:deviceName: Pixel_XL_API_33, appium:udid: emulator-5554, browserName: Chrome, platformName: ANDROID}}]
Capabilities {appium:automationName: ANDROID_UIAUTOMATOR2, appium:chromedriverChromeMappingFile: https://github.com/appium/a..., appium:chromedriverExecutableDir: ./utils/ExecutableDirs, appium:deviceName: Pixel_XL_API_33, appium:udid: emulator-5554, browserName: Chrome, platformName: ANDROID}
at org.openqa.selenium.remote.ProtocolHandshake.createSession(ProtocolHandshake.java:136)
at sun.reflect.NativeMethodAccessorImpl.invoke0(Native Method)
at sun.reflect.NativeMethodAccessorImpl.invoke(NativeMethodAccessorImpl.java:62)
at sun.reflect.DelegatingMethodAccessorImpl.invoke(DelegatingMethodAccessorImpl.java:43)
at java.lang.reflect.Method.invoke(Method.java:498)
at io.appium.java_client.remote.AppiumProtocolHandshake.createSession(AppiumProtocolHandshake.java:133)
at io.appium.java_client.remote.AppiumProtocolHandshake.createSession(AppiumProtocolHandshake.java:102)
at io.appium.java_client.remote.AppiumCommandExecutor.createSession(AppiumCommandExecutor.java:182)
at io.appium.java_client.remote.AppiumCommandExecutor.execute(AppiumCommandExecutor.java:250)
at org.openqa.selenium.remote.RemoteWebDriver.execute(RemoteWebDriver.java:543)
at io.appium.java_client.AppiumDriver.startSession(AppiumDriver.java:274)
at org.openqa.selenium.remote.RemoteWebDriver.<init>(RemoteWebDriver.java:157)
at io.appium.java_client.AppiumDriver.<init>(AppiumDriver.java:89)
at io.appium.java_client.AppiumDriver.<init>(AppiumDriver.java:112)
at io.appium.java_client.AppiumDriver.<init>(AppiumDriver.java:137)
at io.appium.java_client.android.AndroidDriver.<init>(AndroidDriver.java:236)
at tests.BaseTest.setup(BaseTest.java:90)
at sun.reflect.NativeMethodAccessorImpl.invoke0(Native Method)
at sun.reflect.NativeMethodAccessorImpl.invoke(NativeMethodAccessorImpl.java:62)
at sun.reflect.DelegatingMethodAccessorImpl.invoke(DelegatingMethodAccessorImpl.java:43)
at java.lang.reflect.Method.invoke(Method.java:498)
at org.testng.internal.invokers.MethodInvocationHelper.invokeMethod(MethodInvocationHelper.java:135)
at org.testng.internal.invokers.MethodInvocationHelper.invokeMethodConsideringTimeout(MethodInvocationHelper.java:65)
at org.testng.internal.invokers.ConfigInvoker.invokeConfigurationMethod(ConfigInvoker.java:381)
at org.testng.internal.invokers.ConfigInvoker.invokeConfigurations(ConfigInvoker.java:319)
at org.testng.internal.invokers.TestInvoker.runConfigMethods(TestInvoker.java:803)
at org.testng.internal.invokers.TestInvoker.invokeMethod(TestInvoker.java:589)
at org.testng.internal.invokers.TestInvoker.invokeTestMethod(TestInvoker.java:220)
at org.testng.internal.invokers.MethodRunner.runInSequence(MethodRunner.java:50)
at org.testng.internal.invokers.TestInvoker$MethodInvocationAgent.invoke(TestInvoker.java:945)
at org.testng.internal.invokers.TestInvoker.invokeTestMethods(TestInvoker.java:193)
at org.testng.internal.invokers.TestMethodWorker.invokeTestMethods(TestMethodWorker.java:146)
at org.testng.internal.invokers.TestMethodWorker.run(TestMethodWorker.java:128)
at java.util.ArrayList.forEach(ArrayList.java:1257)
at org.testng.TestRunner.privateRun(TestRunner.java:808)
at org.testng.TestRunner.run(TestRunner.java:603)
at org.testng.SuiteRunner.runTest(SuiteRunner.java:429)
at org.testng.SuiteRunner.runSequentially(SuiteRunner.java:423)
at org.testng.SuiteRunner.privateRun(SuiteRunner.java:383)
at org.testng.SuiteRunner.run(SuiteRunner.java:326)
at org.testng.SuiteRunnerWorker.runSuite(SuiteRunnerWorker.java:52)
at org.testng.SuiteRunnerWorker.run(SuiteRunnerWorker.java:95)
at org.testng.TestNG.runSuitesSequentially(TestNG.java:1249)
at org.testng.TestNG.runSuitesLocally(TestNG.java:1169)
at org.testng.TestNG.runSuites(TestNG.java:1092)
at org.testng.TestNG.run(TestNG.java:1060)
at org.apache.maven.surefire.testng.TestNGExecutor.run(TestNGExecutor.java:324)
at org.apache.maven.surefire.testng.TestNGXmlTestSuite.execute(TestNGXmlTestSuite.java:74)
at org.apache.maven.surefire.testng.TestNGProvider.invoke(TestNGProvider.java:123)
at org.apache.maven.surefire.booter.ForkedBooter.runSuitesInProcess(ForkedBooter.java:456)
at org.apache.maven.surefire.booter.ForkedBooter.execute(ForkedBooter.java:169)
at org.apache.maven.surefire.booter.ForkedBooter.run(ForkedBooter.java:595)
at org.apache.maven.surefire.booter.ForkedBooter.main(ForkedBooter.java:581)
]]>
            </full-stacktrace>
          </exception> <!-- org.openqa.selenium.SessionNotCreatedException -->
          <reporter-output>
          </reporter-output>
        </test-method> <!-- tc01_fillAllFields -->
        <test-method status="SKIP" signature="TearDown()[pri:0, instance:tests.t6_CheckoutInformationFields@120f38e6]" name="TearDown" is-config="true" duration-ms="0" started-at="2023-08-16T20:58:49 IDT" finished-at="2023-08-16T20:58:49 IDT">
          <reporter-output>
          </reporter-output>
        </test-method> <!-- TearDown -->
        <test-method status="SKIP" signature="setup()[pri:0, instance:tests.t6_CheckoutInformationFields@120f38e6]" name="setup" is-config="true" duration-ms="0" started-at="2023-08-16T20:58:49 IDT" finished-at="2023-08-16T20:58:49 IDT">
          <reporter-output>
          </reporter-output>
        </test-method> <!-- setup -->
        <test-method status="SKIP" signature="tc02_fillOnlyFirstNameField()[pri:0, instance:tests.t6_CheckoutInformationFields@120f38e6]" name="tc02_fillOnlyFirstNameField" duration-ms="0" started-at="2023-08-16T20:58:49 IDT" finished-at="2023-08-16T20:58:49 IDT">
          <exception class="org.openqa.selenium.SessionNotCreatedException">
            <message>
              <![CDATA[Could not start a new session. Response code 500. Message: An unknown server-side error occurred while processing the command. Original error: Could not find a driver for automationName 'ANDROID_UIAUTOMATOR2' and platformName 'ANDROID'. Have you installed a driver that supports those capabilities? Run 'appium driver list --installed' to see. (Lower-level error: Could not find installed driver to support given caps) 
Host info: host: 'LAPTOP-RMK290R9', ip: '192.168.1.20'
Build info: version: '4.9.1', revision: 'eb2032df7f'
System info: os.name: 'Windows 10', os.arch: 'amd64', os.version: '10.0', java.version: '1.8.0_211'
Driver info: io.appium.java_client.android.AndroidDriver
Command: [null, newSession {capabilities=[{appium:udid=emulator-5554, appium:chromedriverExecutableDir=./utils/ExecutableDirs, appium:chromedriverChromeMappingFile=https://github.com/appium/appium-chromedriver/blob/master/config/mapping.json, browserName=Chrome, platformName=ANDROID, appium:deviceName=Pixel_XL_API_33, appium:automationName=ANDROID_UIAUTOMATOR2}], desiredCapabilities=Capabilities {appium:automationName: ANDROID_UIAUTOMATOR2, appium:chromedriverChromeMappingFile: https://github.com/appium/a..., appium:chromedriverExecutableDir: ./utils/ExecutableDirs, appium:deviceName: Pixel_XL_API_33, appium:udid: emulator-5554, browserName: Chrome, platformName: ANDROID}}]
Capabilities {appium:automationName: ANDROID_UIAUTOMATOR2, appium:chromedriverChromeMappingFile: https://github.com/appium/a..., appium:chromedriverExecutableDir: ./utils/ExecutableDirs, appium:deviceName: Pixel_XL_API_33, appium:udid: emulator-5554, browserName: Chrome, platformName: ANDROID}]]>
            </message>
            <full-stacktrace>
              <![CDATA[org.openqa.selenium.SessionNotCreatedException: Could not start a new session. Response code 500. Message: An unknown server-side error occurred while processing the command. Original error: Could not find a driver for automationName 'ANDROID_UIAUTOMATOR2' and platformName 'ANDROID'. Have you installed a driver that supports those capabilities? Run 'appium driver list --installed' to see. (Lower-level error: Could not find installed driver to support given caps) 
Host info: host: 'LAPTOP-RMK290R9', ip: '192.168.1.20'
Build info: version: '4.9.1', revision: 'eb2032df7f'
System info: os.name: 'Windows 10', os.arch: 'amd64', os.version: '10.0', java.version: '1.8.0_211'
Driver info: io.appium.java_client.android.AndroidDriver
Command: [null, newSession {capabilities=[{appium:udid=emulator-5554, appium:chromedriverExecutableDir=./utils/ExecutableDirs, appium:chromedriverChromeMappingFile=https://github.com/appium/appium-chromedriver/blob/master/config/mapping.json, browserName=Chrome, platformName=ANDROID, appium:deviceName=Pixel_XL_API_33, appium:automationName=ANDROID_UIAUTOMATOR2}], desiredCapabilities=Capabilities {appium:automationName: ANDROID_UIAUTOMATOR2, appium:chromedriverChromeMappingFile: https://github.com/appium/a..., appium:chromedriverExecutableDir: ./utils/ExecutableDirs, appium:deviceName: Pixel_XL_API_33, appium:udid: emulator-5554, browserName: Chrome, platformName: ANDROID}}]
Capabilities {appium:automationName: ANDROID_UIAUTOMATOR2, appium:chromedriverChromeMappingFile: https://github.com/appium/a..., appium:chromedriverExecutableDir: ./utils/ExecutableDirs, appium:deviceName: Pixel_XL_API_33, appium:udid: emulator-5554, browserName: Chrome, platformName: ANDROID}
at org.openqa.selenium.remote.ProtocolHandshake.createSession(ProtocolHandshake.java:136)
at sun.reflect.NativeMethodAccessorImpl.invoke0(Native Method)
at sun.reflect.NativeMethodAccessorImpl.invoke(NativeMethodAccessorImpl.java:62)
at sun.reflect.DelegatingMethodAccessorImpl.invoke(DelegatingMethodAccessorImpl.java:43)
at java.lang.reflect.Method.invoke(Method.java:498)
at io.appium.java_client.remote.AppiumProtocolHandshake.createSession(AppiumProtocolHandshake.java:133)
at io.appium.java_client.remote.AppiumProtocolHandshake.createSession(AppiumProtocolHandshake.java:102)
at io.appium.java_client.remote.AppiumCommandExecutor.createSession(AppiumCommandExecutor.java:182)
at io.appium.java_client.remote.AppiumCommandExecutor.execute(AppiumCommandExecutor.java:250)
at org.openqa.selenium.remote.RemoteWebDriver.execute(RemoteWebDriver.java:543)
at io.appium.java_client.AppiumDriver.startSession(AppiumDriver.java:274)
at org.openqa.selenium.remote.RemoteWebDriver.<init>(RemoteWebDriver.java:157)
at io.appium.java_client.AppiumDriver.<init>(AppiumDriver.java:89)
at io.appium.java_client.AppiumDriver.<init>(AppiumDriver.java:112)
at io.appium.java_client.AppiumDriver.<init>(AppiumDriver.java:137)
at io.appium.java_client.android.AndroidDriver.<init>(AndroidDriver.java:236)
at tests.BaseTest.setup(BaseTest.java:90)
at sun.reflect.NativeMethodAccessorImpl.invoke0(Native Method)
at sun.reflect.NativeMethodAccessorImpl.invoke(NativeMethodAccessorImpl.java:62)
at sun.reflect.DelegatingMethodAccessorImpl.invoke(DelegatingMethodAccessorImpl.java:43)
at java.lang.reflect.Method.invoke(Method.java:498)
at org.testng.internal.invokers.MethodInvocationHelper.invokeMethod(MethodInvocationHelper.java:135)
at org.testng.internal.invokers.MethodInvocationHelper.invokeMethodConsideringTimeout(MethodInvocationHelper.java:65)
at org.testng.internal.invokers.ConfigInvoker.invokeConfigurationMethod(ConfigInvoker.java:381)
at org.testng.internal.invokers.ConfigInvoker.invokeConfigurations(ConfigInvoker.java:319)
at org.testng.internal.invokers.TestInvoker.runConfigMethods(TestInvoker.java:803)
at org.testng.internal.invokers.TestInvoker.invokeMethod(TestInvoker.java:589)
at org.testng.internal.invokers.TestInvoker.invokeTestMethod(TestInvoker.java:220)
at org.testng.internal.invokers.MethodRunner.runInSequence(MethodRunner.java:50)
at org.testng.internal.invokers.TestInvoker$MethodInvocationAgent.invoke(TestInvoker.java:945)
at org.testng.internal.invokers.TestInvoker.invokeTestMethods(TestInvoker.java:193)
at org.testng.internal.invokers.TestMethodWorker.invokeTestMethods(TestMethodWorker.java:146)
at org.testng.internal.invokers.TestMethodWorker.run(TestMethodWorker.java:128)
at java.util.ArrayList.forEach(ArrayList.java:1257)
at org.testng.TestRunner.privateRun(TestRunner.java:808)
at org.testng.TestRunner.run(TestRunner.java:603)
at org.testng.SuiteRunner.runTest(SuiteRunner.java:429)
at org.testng.SuiteRunner.runSequentially(SuiteRunner.java:423)
at org.testng.SuiteRunner.privateRun(SuiteRunner.java:383)
at org.testng.SuiteRunner.run(SuiteRunner.java:326)
at org.testng.SuiteRunnerWorker.runSuite(SuiteRunnerWorker.java:52)
at org.testng.SuiteRunnerWorker.run(SuiteRunnerWorker.java:95)
at org.testng.TestNG.runSuitesSequentially(TestNG.java:1249)
at org.testng.TestNG.runSuitesLocally(TestNG.java:1169)
at org.testng.TestNG.runSuites(TestNG.java:1092)
at org.testng.TestNG.run(TestNG.java:1060)
at org.apache.maven.surefire.testng.TestNGExecutor.run(TestNGExecutor.java:324)
at org.apache.maven.surefire.testng.TestNGXmlTestSuite.execute(TestNGXmlTestSuite.java:74)
at org.apache.maven.surefire.testng.TestNGProvider.invoke(TestNGProvider.java:123)
at org.apache.maven.surefire.booter.ForkedBooter.runSuitesInProcess(ForkedBooter.java:456)
at org.apache.maven.surefire.booter.ForkedBooter.execute(ForkedBooter.java:169)
at org.apache.maven.surefire.booter.ForkedBooter.run(ForkedBooter.java:595)
at org.apache.maven.surefire.booter.ForkedBooter.main(ForkedBooter.java:581)
]]>
            </full-stacktrace>
          </exception> <!-- org.openqa.selenium.SessionNotCreatedException -->
          <reporter-output>
          </reporter-output>
        </test-method> <!-- tc02_fillOnlyFirstNameField -->
        <test-method status="SKIP" signature="TearDown()[pri:0, instance:tests.t6_CheckoutInformationFields@120f38e6]" name="TearDown" is-config="true" duration-ms="0" started-at="2023-08-16T20:58:49 IDT" finished-at="2023-08-16T20:58:49 IDT">
          <reporter-output>
          </reporter-output>
        </test-method> <!-- TearDown -->
        <test-method status="SKIP" signature="setup()[pri:0, instance:tests.t6_CheckoutInformationFields@120f38e6]" name="setup" is-config="true" duration-ms="0" started-at="2023-08-16T20:58:49 IDT" finished-at="2023-08-16T20:58:49 IDT">
          <reporter-output>
          </reporter-output>
        </test-method> <!-- setup -->
        <test-method status="SKIP" signature="tc03_fillOnlyLastNameField()[pri:0, instance:tests.t6_CheckoutInformationFields@120f38e6]" name="tc03_fillOnlyLastNameField" duration-ms="0" started-at="2023-08-16T20:58:49 IDT" finished-at="2023-08-16T20:58:49 IDT">
          <exception class="org.openqa.selenium.SessionNotCreatedException">
            <message>
              <![CDATA[Could not start a new session. Response code 500. Message: An unknown server-side error occurred while processing the command. Original error: Could not find a driver for automationName 'ANDROID_UIAUTOMATOR2' and platformName 'ANDROID'. Have you installed a driver that supports those capabilities? Run 'appium driver list --installed' to see. (Lower-level error: Could not find installed driver to support given caps) 
Host info: host: 'LAPTOP-RMK290R9', ip: '192.168.1.20'
Build info: version: '4.9.1', revision: 'eb2032df7f'
System info: os.name: 'Windows 10', os.arch: 'amd64', os.version: '10.0', java.version: '1.8.0_211'
Driver info: io.appium.java_client.android.AndroidDriver
Command: [null, newSession {capabilities=[{appium:udid=emulator-5554, appium:chromedriverExecutableDir=./utils/ExecutableDirs, appium:chromedriverChromeMappingFile=https://github.com/appium/appium-chromedriver/blob/master/config/mapping.json, browserName=Chrome, platformName=ANDROID, appium:deviceName=Pixel_XL_API_33, appium:automationName=ANDROID_UIAUTOMATOR2}], desiredCapabilities=Capabilities {appium:automationName: ANDROID_UIAUTOMATOR2, appium:chromedriverChromeMappingFile: https://github.com/appium/a..., appium:chromedriverExecutableDir: ./utils/ExecutableDirs, appium:deviceName: Pixel_XL_API_33, appium:udid: emulator-5554, browserName: Chrome, platformName: ANDROID}}]
Capabilities {appium:automationName: ANDROID_UIAUTOMATOR2, appium:chromedriverChromeMappingFile: https://github.com/appium/a..., appium:chromedriverExecutableDir: ./utils/ExecutableDirs, appium:deviceName: Pixel_XL_API_33, appium:udid: emulator-5554, browserName: Chrome, platformName: ANDROID}]]>
            </message>
            <full-stacktrace>
              <![CDATA[org.openqa.selenium.SessionNotCreatedException: Could not start a new session. Response code 500. Message: An unknown server-side error occurred while processing the command. Original error: Could not find a driver for automationName 'ANDROID_UIAUTOMATOR2' and platformName 'ANDROID'. Have you installed a driver that supports those capabilities? Run 'appium driver list --installed' to see. (Lower-level error: Could not find installed driver to support given caps) 
Host info: host: 'LAPTOP-RMK290R9', ip: '192.168.1.20'
Build info: version: '4.9.1', revision: 'eb2032df7f'
System info: os.name: 'Windows 10', os.arch: 'amd64', os.version: '10.0', java.version: '1.8.0_211'
Driver info: io.appium.java_client.android.AndroidDriver
Command: [null, newSession {capabilities=[{appium:udid=emulator-5554, appium:chromedriverExecutableDir=./utils/ExecutableDirs, appium:chromedriverChromeMappingFile=https://github.com/appium/appium-chromedriver/blob/master/config/mapping.json, browserName=Chrome, platformName=ANDROID, appium:deviceName=Pixel_XL_API_33, appium:automationName=ANDROID_UIAUTOMATOR2}], desiredCapabilities=Capabilities {appium:automationName: ANDROID_UIAUTOMATOR2, appium:chromedriverChromeMappingFile: https://github.com/appium/a..., appium:chromedriverExecutableDir: ./utils/ExecutableDirs, appium:deviceName: Pixel_XL_API_33, appium:udid: emulator-5554, browserName: Chrome, platformName: ANDROID}}]
Capabilities {appium:automationName: ANDROID_UIAUTOMATOR2, appium:chromedriverChromeMappingFile: https://github.com/appium/a..., appium:chromedriverExecutableDir: ./utils/ExecutableDirs, appium:deviceName: Pixel_XL_API_33, appium:udid: emulator-5554, browserName: Chrome, platformName: ANDROID}
at org.openqa.selenium.remote.ProtocolHandshake.createSession(ProtocolHandshake.java:136)
at sun.reflect.NativeMethodAccessorImpl.invoke0(Native Method)
at sun.reflect.NativeMethodAccessorImpl.invoke(NativeMethodAccessorImpl.java:62)
at sun.reflect.DelegatingMethodAccessorImpl.invoke(DelegatingMethodAccessorImpl.java:43)
at java.lang.reflect.Method.invoke(Method.java:498)
at io.appium.java_client.remote.AppiumProtocolHandshake.createSession(AppiumProtocolHandshake.java:133)
at io.appium.java_client.remote.AppiumProtocolHandshake.createSession(AppiumProtocolHandshake.java:102)
at io.appium.java_client.remote.AppiumCommandExecutor.createSession(AppiumCommandExecutor.java:182)
at io.appium.java_client.remote.AppiumCommandExecutor.execute(AppiumCommandExecutor.java:250)
at org.openqa.selenium.remote.RemoteWebDriver.execute(RemoteWebDriver.java:543)
at io.appium.java_client.AppiumDriver.startSession(AppiumDriver.java:274)
at org.openqa.selenium.remote.RemoteWebDriver.<init>(RemoteWebDriver.java:157)
at io.appium.java_client.AppiumDriver.<init>(AppiumDriver.java:89)
at io.appium.java_client.AppiumDriver.<init>(AppiumDriver.java:112)
at io.appium.java_client.AppiumDriver.<init>(AppiumDriver.java:137)
at io.appium.java_client.android.AndroidDriver.<init>(AndroidDriver.java:236)
at tests.BaseTest.setup(BaseTest.java:90)
at sun.reflect.NativeMethodAccessorImpl.invoke0(Native Method)
at sun.reflect.NativeMethodAccessorImpl.invoke(NativeMethodAccessorImpl.java:62)
at sun.reflect.DelegatingMethodAccessorImpl.invoke(DelegatingMethodAccessorImpl.java:43)
at java.lang.reflect.Method.invoke(Method.java:498)
at org.testng.internal.invokers.MethodInvocationHelper.invokeMethod(MethodInvocationHelper.java:135)
at org.testng.internal.invokers.MethodInvocationHelper.invokeMethodConsideringTimeout(MethodInvocationHelper.java:65)
at org.testng.internal.invokers.ConfigInvoker.invokeConfigurationMethod(ConfigInvoker.java:381)
at org.testng.internal.invokers.ConfigInvoker.invokeConfigurations(ConfigInvoker.java:319)
at org.testng.internal.invokers.TestInvoker.runConfigMethods(TestInvoker.java:803)
at org.testng.internal.invokers.TestInvoker.invokeMethod(TestInvoker.java:589)
at org.testng.internal.invokers.TestInvoker.invokeTestMethod(TestInvoker.java:220)
at org.testng.internal.invokers.MethodRunner.runInSequence(MethodRunner.java:50)
at org.testng.internal.invokers.TestInvoker$MethodInvocationAgent.invoke(TestInvoker.java:945)
at org.testng.internal.invokers.TestInvoker.invokeTestMethods(TestInvoker.java:193)
at org.testng.internal.invokers.TestMethodWorker.invokeTestMethods(TestMethodWorker.java:146)
at org.testng.internal.invokers.TestMethodWorker.run(TestMethodWorker.java:128)
at java.util.ArrayList.forEach(ArrayList.java:1257)
at org.testng.TestRunner.privateRun(TestRunner.java:808)
at org.testng.TestRunner.run(TestRunner.java:603)
at org.testng.SuiteRunner.runTest(SuiteRunner.java:429)
at org.testng.SuiteRunner.runSequentially(SuiteRunner.java:423)
at org.testng.SuiteRunner.privateRun(SuiteRunner.java:383)
at org.testng.SuiteRunner.run(SuiteRunner.java:326)
at org.testng.SuiteRunnerWorker.runSuite(SuiteRunnerWorker.java:52)
at org.testng.SuiteRunnerWorker.run(SuiteRunnerWorker.java:95)
at org.testng.TestNG.runSuitesSequentially(TestNG.java:1249)
at org.testng.TestNG.runSuitesLocally(TestNG.java:1169)
at org.testng.TestNG.runSuites(TestNG.java:1092)
at org.testng.TestNG.run(TestNG.java:1060)
at org.apache.maven.surefire.testng.TestNGExecutor.run(TestNGExecutor.java:324)
at org.apache.maven.surefire.testng.TestNGXmlTestSuite.execute(TestNGXmlTestSuite.java:74)
at org.apache.maven.surefire.testng.TestNGProvider.invoke(TestNGProvider.java:123)
at org.apache.maven.surefire.booter.ForkedBooter.runSuitesInProcess(ForkedBooter.java:456)
at org.apache.maven.surefire.booter.ForkedBooter.execute(ForkedBooter.java:169)
at org.apache.maven.surefire.booter.ForkedBooter.run(ForkedBooter.java:595)
at org.apache.maven.surefire.booter.ForkedBooter.main(ForkedBooter.java:581)
]]>
            </full-stacktrace>
          </exception> <!-- org.openqa.selenium.SessionNotCreatedException -->
          <reporter-output>
          </reporter-output>
        </test-method> <!-- tc03_fillOnlyLastNameField -->
        <test-method status="SKIP" signature="TearDown()[pri:0, instance:tests.t6_CheckoutInformationFields@120f38e6]" name="TearDown" is-config="true" duration-ms="0" started-at="2023-08-16T20:58:49 IDT" finished-at="2023-08-16T20:58:49 IDT">
          <reporter-output>
          </reporter-output>
        </test-method> <!-- TearDown -->
        <test-method status="SKIP" signature="setup()[pri:0, instance:tests.t6_CheckoutInformationFields@120f38e6]" name="setup" is-config="true" duration-ms="0" started-at="2023-08-16T20:58:49 IDT" finished-at="2023-08-16T20:58:49 IDT">
          <reporter-output>
          </reporter-output>
        </test-method> <!-- setup -->
        <test-method status="SKIP" signature="tc04_fillOnlyZipCodeField()[pri:0, instance:tests.t6_CheckoutInformationFields@120f38e6]" name="tc04_fillOnlyZipCodeField" duration-ms="1" started-at="2023-08-16T20:58:49 IDT" finished-at="2023-08-16T20:58:49 IDT">
          <exception class="org.openqa.selenium.SessionNotCreatedException">
            <message>
              <![CDATA[Could not start a new session. Response code 500. Message: An unknown server-side error occurred while processing the command. Original error: Could not find a driver for automationName 'ANDROID_UIAUTOMATOR2' and platformName 'ANDROID'. Have you installed a driver that supports those capabilities? Run 'appium driver list --installed' to see. (Lower-level error: Could not find installed driver to support given caps) 
Host info: host: 'LAPTOP-RMK290R9', ip: '192.168.1.20'
Build info: version: '4.9.1', revision: 'eb2032df7f'
System info: os.name: 'Windows 10', os.arch: 'amd64', os.version: '10.0', java.version: '1.8.0_211'
Driver info: io.appium.java_client.android.AndroidDriver
Command: [null, newSession {capabilities=[{appium:udid=emulator-5554, appium:chromedriverExecutableDir=./utils/ExecutableDirs, appium:chromedriverChromeMappingFile=https://github.com/appium/appium-chromedriver/blob/master/config/mapping.json, browserName=Chrome, platformName=ANDROID, appium:deviceName=Pixel_XL_API_33, appium:automationName=ANDROID_UIAUTOMATOR2}], desiredCapabilities=Capabilities {appium:automationName: ANDROID_UIAUTOMATOR2, appium:chromedriverChromeMappingFile: https://github.com/appium/a..., appium:chromedriverExecutableDir: ./utils/ExecutableDirs, appium:deviceName: Pixel_XL_API_33, appium:udid: emulator-5554, browserName: Chrome, platformName: ANDROID}}]
Capabilities {appium:automationName: ANDROID_UIAUTOMATOR2, appium:chromedriverChromeMappingFile: https://github.com/appium/a..., appium:chromedriverExecutableDir: ./utils/ExecutableDirs, appium:deviceName: Pixel_XL_API_33, appium:udid: emulator-5554, browserName: Chrome, platformName: ANDROID}]]>
            </message>
            <full-stacktrace>
              <![CDATA[org.openqa.selenium.SessionNotCreatedException: Could not start a new session. Response code 500. Message: An unknown server-side error occurred while processing the command. Original error: Could not find a driver for automationName 'ANDROID_UIAUTOMATOR2' and platformName 'ANDROID'. Have you installed a driver that supports those capabilities? Run 'appium driver list --installed' to see. (Lower-level error: Could not find installed driver to support given caps) 
Host info: host: 'LAPTOP-RMK290R9', ip: '192.168.1.20'
Build info: version: '4.9.1', revision: 'eb2032df7f'
System info: os.name: 'Windows 10', os.arch: 'amd64', os.version: '10.0', java.version: '1.8.0_211'
Driver info: io.appium.java_client.android.AndroidDriver
Command: [null, newSession {capabilities=[{appium:udid=emulator-5554, appium:chromedriverExecutableDir=./utils/ExecutableDirs, appium:chromedriverChromeMappingFile=https://github.com/appium/appium-chromedriver/blob/master/config/mapping.json, browserName=Chrome, platformName=ANDROID, appium:deviceName=Pixel_XL_API_33, appium:automationName=ANDROID_UIAUTOMATOR2}], desiredCapabilities=Capabilities {appium:automationName: ANDROID_UIAUTOMATOR2, appium:chromedriverChromeMappingFile: https://github.com/appium/a..., appium:chromedriverExecutableDir: ./utils/ExecutableDirs, appium:deviceName: Pixel_XL_API_33, appium:udid: emulator-5554, browserName: Chrome, platformName: ANDROID}}]
Capabilities {appium:automationName: ANDROID_UIAUTOMATOR2, appium:chromedriverChromeMappingFile: https://github.com/appium/a..., appium:chromedriverExecutableDir: ./utils/ExecutableDirs, appium:deviceName: Pixel_XL_API_33, appium:udid: emulator-5554, browserName: Chrome, platformName: ANDROID}
at org.openqa.selenium.remote.ProtocolHandshake.createSession(ProtocolHandshake.java:136)
at sun.reflect.NativeMethodAccessorImpl.invoke0(Native Method)
at sun.reflect.NativeMethodAccessorImpl.invoke(NativeMethodAccessorImpl.java:62)
at sun.reflect.DelegatingMethodAccessorImpl.invoke(DelegatingMethodAccessorImpl.java:43)
at java.lang.reflect.Method.invoke(Method.java:498)
at io.appium.java_client.remote.AppiumProtocolHandshake.createSession(AppiumProtocolHandshake.java:133)
at io.appium.java_client.remote.AppiumProtocolHandshake.createSession(AppiumProtocolHandshake.java:102)
at io.appium.java_client.remote.AppiumCommandExecutor.createSession(AppiumCommandExecutor.java:182)
at io.appium.java_client.remote.AppiumCommandExecutor.execute(AppiumCommandExecutor.java:250)
at org.openqa.selenium.remote.RemoteWebDriver.execute(RemoteWebDriver.java:543)
at io.appium.java_client.AppiumDriver.startSession(AppiumDriver.java:274)
at org.openqa.selenium.remote.RemoteWebDriver.<init>(RemoteWebDriver.java:157)
at io.appium.java_client.AppiumDriver.<init>(AppiumDriver.java:89)
at io.appium.java_client.AppiumDriver.<init>(AppiumDriver.java:112)
at io.appium.java_client.AppiumDriver.<init>(AppiumDriver.java:137)
at io.appium.java_client.android.AndroidDriver.<init>(AndroidDriver.java:236)
at tests.BaseTest.setup(BaseTest.java:90)
at sun.reflect.NativeMethodAccessorImpl.invoke0(Native Method)
at sun.reflect.NativeMethodAccessorImpl.invoke(NativeMethodAccessorImpl.java:62)
at sun.reflect.DelegatingMethodAccessorImpl.invoke(DelegatingMethodAccessorImpl.java:43)
at java.lang.reflect.Method.invoke(Method.java:498)
at org.testng.internal.invokers.MethodInvocationHelper.invokeMethod(MethodInvocationHelper.java:135)
at org.testng.internal.invokers.MethodInvocationHelper.invokeMethodConsideringTimeout(MethodInvocationHelper.java:65)
at org.testng.internal.invokers.ConfigInvoker.invokeConfigurationMethod(ConfigInvoker.java:381)
at org.testng.internal.invokers.ConfigInvoker.invokeConfigurations(ConfigInvoker.java:319)
at org.testng.internal.invokers.TestInvoker.runConfigMethods(TestInvoker.java:803)
at org.testng.internal.invokers.TestInvoker.invokeMethod(TestInvoker.java:589)
at org.testng.internal.invokers.TestInvoker.invokeTestMethod(TestInvoker.java:220)
at org.testng.internal.invokers.MethodRunner.runInSequence(MethodRunner.java:50)
at org.testng.internal.invokers.TestInvoker$MethodInvocationAgent.invoke(TestInvoker.java:945)
at org.testng.internal.invokers.TestInvoker.invokeTestMethods(TestInvoker.java:193)
at org.testng.internal.invokers.TestMethodWorker.invokeTestMethods(TestMethodWorker.java:146)
at org.testng.internal.invokers.TestMethodWorker.run(TestMethodWorker.java:128)
at java.util.ArrayList.forEach(ArrayList.java:1257)
at org.testng.TestRunner.privateRun(TestRunner.java:808)
at org.testng.TestRunner.run(TestRunner.java:603)
at org.testng.SuiteRunner.runTest(SuiteRunner.java:429)
at org.testng.SuiteRunner.runSequentially(SuiteRunner.java:423)
at org.testng.SuiteRunner.privateRun(SuiteRunner.java:383)
at org.testng.SuiteRunner.run(SuiteRunner.java:326)
at org.testng.SuiteRunnerWorker.runSuite(SuiteRunnerWorker.java:52)
at org.testng.SuiteRunnerWorker.run(SuiteRunnerWorker.java:95)
at org.testng.TestNG.runSuitesSequentially(TestNG.java:1249)
at org.testng.TestNG.runSuitesLocally(TestNG.java:1169)
at org.testng.TestNG.runSuites(TestNG.java:1092)
at org.testng.TestNG.run(TestNG.java:1060)
at org.apache.maven.surefire.testng.TestNGExecutor.run(TestNGExecutor.java:324)
at org.apache.maven.surefire.testng.TestNGXmlTestSuite.execute(TestNGXmlTestSuite.java:74)
at org.apache.maven.surefire.testng.TestNGProvider.invoke(TestNGProvider.java:123)
at org.apache.maven.surefire.booter.ForkedBooter.runSuitesInProcess(ForkedBooter.java:456)
at org.apache.maven.surefire.booter.ForkedBooter.execute(ForkedBooter.java:169)
at org.apache.maven.surefire.booter.ForkedBooter.run(ForkedBooter.java:595)
at org.apache.maven.surefire.booter.ForkedBooter.main(ForkedBooter.java:581)
]]>
            </full-stacktrace>
          </exception> <!-- org.openqa.selenium.SessionNotCreatedException -->
          <reporter-output>
          </reporter-output>
        </test-method> <!-- tc04_fillOnlyZipCodeField -->
        <test-method status="SKIP" signature="TearDown()[pri:0, instance:tests.t6_CheckoutInformationFields@120f38e6]" name="TearDown" is-config="true" duration-ms="0" started-at="2023-08-16T20:58:49 IDT" finished-at="2023-08-16T20:58:49 IDT">
          <reporter-output>
          </reporter-output>
        </test-method> <!-- TearDown -->
        <test-method status="SKIP" signature="setup()[pri:0, instance:tests.t6_CheckoutInformationFields@120f38e6]" name="setup" is-config="true" duration-ms="0" started-at="2023-08-16T20:58:49 IDT" finished-at="2023-08-16T20:58:49 IDT">
          <reporter-output>
          </reporter-output>
        </test-method> <!-- setup -->
        <test-method status="SKIP" signature="tc05_fillOnlyFirstAndLastNameFields()[pri:0, instance:tests.t6_CheckoutInformationFields@120f38e6]" name="tc05_fillOnlyFirstAndLastNameFields" duration-ms="0" started-at="2023-08-16T20:58:49 IDT" finished-at="2023-08-16T20:58:49 IDT">
          <exception class="org.openqa.selenium.SessionNotCreatedException">
            <message>
              <![CDATA[Could not start a new session. Response code 500. Message: An unknown server-side error occurred while processing the command. Original error: Could not find a driver for automationName 'ANDROID_UIAUTOMATOR2' and platformName 'ANDROID'. Have you installed a driver that supports those capabilities? Run 'appium driver list --installed' to see. (Lower-level error: Could not find installed driver to support given caps) 
Host info: host: 'LAPTOP-RMK290R9', ip: '192.168.1.20'
Build info: version: '4.9.1', revision: 'eb2032df7f'
System info: os.name: 'Windows 10', os.arch: 'amd64', os.version: '10.0', java.version: '1.8.0_211'
Driver info: io.appium.java_client.android.AndroidDriver
Command: [null, newSession {capabilities=[{appium:udid=emulator-5554, appium:chromedriverExecutableDir=./utils/ExecutableDirs, appium:chromedriverChromeMappingFile=https://github.com/appium/appium-chromedriver/blob/master/config/mapping.json, browserName=Chrome, platformName=ANDROID, appium:deviceName=Pixel_XL_API_33, appium:automationName=ANDROID_UIAUTOMATOR2}], desiredCapabilities=Capabilities {appium:automationName: ANDROID_UIAUTOMATOR2, appium:chromedriverChromeMappingFile: https://github.com/appium/a..., appium:chromedriverExecutableDir: ./utils/ExecutableDirs, appium:deviceName: Pixel_XL_API_33, appium:udid: emulator-5554, browserName: Chrome, platformName: ANDROID}}]
Capabilities {appium:automationName: ANDROID_UIAUTOMATOR2, appium:chromedriverChromeMappingFile: https://github.com/appium/a..., appium:chromedriverExecutableDir: ./utils/ExecutableDirs, appium:deviceName: Pixel_XL_API_33, appium:udid: emulator-5554, browserName: Chrome, platformName: ANDROID}]]>
            </message>
            <full-stacktrace>
              <![CDATA[org.openqa.selenium.SessionNotCreatedException: Could not start a new session. Response code 500. Message: An unknown server-side error occurred while processing the command. Original error: Could not find a driver for automationName 'ANDROID_UIAUTOMATOR2' and platformName 'ANDROID'. Have you installed a driver that supports those capabilities? Run 'appium driver list --installed' to see. (Lower-level error: Could not find installed driver to support given caps) 
Host info: host: 'LAPTOP-RMK290R9', ip: '192.168.1.20'
Build info: version: '4.9.1', revision: 'eb2032df7f'
System info: os.name: 'Windows 10', os.arch: 'amd64', os.version: '10.0', java.version: '1.8.0_211'
Driver info: io.appium.java_client.android.AndroidDriver
Command: [null, newSession {capabilities=[{appium:udid=emulator-5554, appium:chromedriverExecutableDir=./utils/ExecutableDirs, appium:chromedriverChromeMappingFile=https://github.com/appium/appium-chromedriver/blob/master/config/mapping.json, browserName=Chrome, platformName=ANDROID, appium:deviceName=Pixel_XL_API_33, appium:automationName=ANDROID_UIAUTOMATOR2}], desiredCapabilities=Capabilities {appium:automationName: ANDROID_UIAUTOMATOR2, appium:chromedriverChromeMappingFile: https://github.com/appium/a..., appium:chromedriverExecutableDir: ./utils/ExecutableDirs, appium:deviceName: Pixel_XL_API_33, appium:udid: emulator-5554, browserName: Chrome, platformName: ANDROID}}]
Capabilities {appium:automationName: ANDROID_UIAUTOMATOR2, appium:chromedriverChromeMappingFile: https://github.com/appium/a..., appium:chromedriverExecutableDir: ./utils/ExecutableDirs, appium:deviceName: Pixel_XL_API_33, appium:udid: emulator-5554, browserName: Chrome, platformName: ANDROID}
at org.openqa.selenium.remote.ProtocolHandshake.createSession(ProtocolHandshake.java:136)
at sun.reflect.NativeMethodAccessorImpl.invoke0(Native Method)
at sun.reflect.NativeMethodAccessorImpl.invoke(NativeMethodAccessorImpl.java:62)
at sun.reflect.DelegatingMethodAccessorImpl.invoke(DelegatingMethodAccessorImpl.java:43)
at java.lang.reflect.Method.invoke(Method.java:498)
at io.appium.java_client.remote.AppiumProtocolHandshake.createSession(AppiumProtocolHandshake.java:133)
at io.appium.java_client.remote.AppiumProtocolHandshake.createSession(AppiumProtocolHandshake.java:102)
at io.appium.java_client.remote.AppiumCommandExecutor.createSession(AppiumCommandExecutor.java:182)
at io.appium.java_client.remote.AppiumCommandExecutor.execute(AppiumCommandExecutor.java:250)
at org.openqa.selenium.remote.RemoteWebDriver.execute(RemoteWebDriver.java:543)
at io.appium.java_client.AppiumDriver.startSession(AppiumDriver.java:274)
at org.openqa.selenium.remote.RemoteWebDriver.<init>(RemoteWebDriver.java:157)
at io.appium.java_client.AppiumDriver.<init>(AppiumDriver.java:89)
at io.appium.java_client.AppiumDriver.<init>(AppiumDriver.java:112)
at io.appium.java_client.AppiumDriver.<init>(AppiumDriver.java:137)
at io.appium.java_client.android.AndroidDriver.<init>(AndroidDriver.java:236)
at tests.BaseTest.setup(BaseTest.java:90)
at sun.reflect.NativeMethodAccessorImpl.invoke0(Native Method)
at sun.reflect.NativeMethodAccessorImpl.invoke(NativeMethodAccessorImpl.java:62)
at sun.reflect.DelegatingMethodAccessorImpl.invoke(DelegatingMethodAccessorImpl.java:43)
at java.lang.reflect.Method.invoke(Method.java:498)
at org.testng.internal.invokers.MethodInvocationHelper.invokeMethod(MethodInvocationHelper.java:135)
at org.testng.internal.invokers.MethodInvocationHelper.invokeMethodConsideringTimeout(MethodInvocationHelper.java:65)
at org.testng.internal.invokers.ConfigInvoker.invokeConfigurationMethod(ConfigInvoker.java:381)
at org.testng.internal.invokers.ConfigInvoker.invokeConfigurations(ConfigInvoker.java:319)
at org.testng.internal.invokers.TestInvoker.runConfigMethods(TestInvoker.java:803)
at org.testng.internal.invokers.TestInvoker.invokeMethod(TestInvoker.java:589)
at org.testng.internal.invokers.TestInvoker.invokeTestMethod(TestInvoker.java:220)
at org.testng.internal.invokers.MethodRunner.runInSequence(MethodRunner.java:50)
at org.testng.internal.invokers.TestInvoker$MethodInvocationAgent.invoke(TestInvoker.java:945)
at org.testng.internal.invokers.TestInvoker.invokeTestMethods(TestInvoker.java:193)
at org.testng.internal.invokers.TestMethodWorker.invokeTestMethods(TestMethodWorker.java:146)
at org.testng.internal.invokers.TestMethodWorker.run(TestMethodWorker.java:128)
at java.util.ArrayList.forEach(ArrayList.java:1257)
at org.testng.TestRunner.privateRun(TestRunner.java:808)
at org.testng.TestRunner.run(TestRunner.java:603)
at org.testng.SuiteRunner.runTest(SuiteRunner.java:429)
at org.testng.SuiteRunner.runSequentially(SuiteRunner.java:423)
at org.testng.SuiteRunner.privateRun(SuiteRunner.java:383)
at org.testng.SuiteRunner.run(SuiteRunner.java:326)
at org.testng.SuiteRunnerWorker.runSuite(SuiteRunnerWorker.java:52)
at org.testng.SuiteRunnerWorker.run(SuiteRunnerWorker.java:95)
at org.testng.TestNG.runSuitesSequentially(TestNG.java:1249)
at org.testng.TestNG.runSuitesLocally(TestNG.java:1169)
at org.testng.TestNG.runSuites(TestNG.java:1092)
at org.testng.TestNG.run(TestNG.java:1060)
at org.apache.maven.surefire.testng.TestNGExecutor.run(TestNGExecutor.java:324)
at org.apache.maven.surefire.testng.TestNGXmlTestSuite.execute(TestNGXmlTestSuite.java:74)
at org.apache.maven.surefire.testng.TestNGProvider.invoke(TestNGProvider.java:123)
at org.apache.maven.surefire.booter.ForkedBooter.runSuitesInProcess(ForkedBooter.java:456)
at org.apache.maven.surefire.booter.ForkedBooter.execute(ForkedBooter.java:169)
at org.apache.maven.surefire.booter.ForkedBooter.run(ForkedBooter.java:595)
at org.apache.maven.surefire.booter.ForkedBooter.main(ForkedBooter.java:581)
]]>
            </full-stacktrace>
          </exception> <!-- org.openqa.selenium.SessionNotCreatedException -->
          <reporter-output>
          </reporter-output>
        </test-method> <!-- tc05_fillOnlyFirstAndLastNameFields -->
        <test-method status="SKIP" signature="TearDown()[pri:0, instance:tests.t6_CheckoutInformationFields@120f38e6]" name="TearDown" is-config="true" duration-ms="0" started-at="2023-08-16T20:58:49 IDT" finished-at="2023-08-16T20:58:49 IDT">
          <reporter-output>
          </reporter-output>
        </test-method> <!-- TearDown -->
        <test-method status="SKIP" signature="setup()[pri:0, instance:tests.t6_CheckoutInformationFields@120f38e6]" name="setup" is-config="true" duration-ms="0" started-at="2023-08-16T20:58:49 IDT" finished-at="2023-08-16T20:58:49 IDT">
          <reporter-output>
          </reporter-output>
        </test-method> <!-- setup -->
        <test-method status="SKIP" signature="tc06_fillOnlyFirstNameZipCodeFields()[pri:0, instance:tests.t6_CheckoutInformationFields@120f38e6]" name="tc06_fillOnlyFirstNameZipCodeFields" duration-ms="0" started-at="2023-08-16T20:58:49 IDT" finished-at="2023-08-16T20:58:49 IDT">
          <exception class="org.openqa.selenium.SessionNotCreatedException">
            <message>
              <![CDATA[Could not start a new session. Response code 500. Message: An unknown server-side error occurred while processing the command. Original error: Could not find a driver for automationName 'ANDROID_UIAUTOMATOR2' and platformName 'ANDROID'. Have you installed a driver that supports those capabilities? Run 'appium driver list --installed' to see. (Lower-level error: Could not find installed driver to support given caps) 
Host info: host: 'LAPTOP-RMK290R9', ip: '192.168.1.20'
Build info: version: '4.9.1', revision: 'eb2032df7f'
System info: os.name: 'Windows 10', os.arch: 'amd64', os.version: '10.0', java.version: '1.8.0_211'
Driver info: io.appium.java_client.android.AndroidDriver
Command: [null, newSession {capabilities=[{appium:udid=emulator-5554, appium:chromedriverExecutableDir=./utils/ExecutableDirs, appium:chromedriverChromeMappingFile=https://github.com/appium/appium-chromedriver/blob/master/config/mapping.json, browserName=Chrome, platformName=ANDROID, appium:deviceName=Pixel_XL_API_33, appium:automationName=ANDROID_UIAUTOMATOR2}], desiredCapabilities=Capabilities {appium:automationName: ANDROID_UIAUTOMATOR2, appium:chromedriverChromeMappingFile: https://github.com/appium/a..., appium:chromedriverExecutableDir: ./utils/ExecutableDirs, appium:deviceName: Pixel_XL_API_33, appium:udid: emulator-5554, browserName: Chrome, platformName: ANDROID}}]
Capabilities {appium:automationName: ANDROID_UIAUTOMATOR2, appium:chromedriverChromeMappingFile: https://github.com/appium/a..., appium:chromedriverExecutableDir: ./utils/ExecutableDirs, appium:deviceName: Pixel_XL_API_33, appium:udid: emulator-5554, browserName: Chrome, platformName: ANDROID}]]>
            </message>
            <full-stacktrace>
              <![CDATA[org.openqa.selenium.SessionNotCreatedException: Could not start a new session. Response code 500. Message: An unknown server-side error occurred while processing the command. Original error: Could not find a driver for automationName 'ANDROID_UIAUTOMATOR2' and platformName 'ANDROID'. Have you installed a driver that supports those capabilities? Run 'appium driver list --installed' to see. (Lower-level error: Could not find installed driver to support given caps) 
Host info: host: 'LAPTOP-RMK290R9', ip: '192.168.1.20'
Build info: version: '4.9.1', revision: 'eb2032df7f'
System info: os.name: 'Windows 10', os.arch: 'amd64', os.version: '10.0', java.version: '1.8.0_211'
Driver info: io.appium.java_client.android.AndroidDriver
Command: [null, newSession {capabilities=[{appium:udid=emulator-5554, appium:chromedriverExecutableDir=./utils/ExecutableDirs, appium:chromedriverChromeMappingFile=https://github.com/appium/appium-chromedriver/blob/master/config/mapping.json, browserName=Chrome, platformName=ANDROID, appium:deviceName=Pixel_XL_API_33, appium:automationName=ANDROID_UIAUTOMATOR2}], desiredCapabilities=Capabilities {appium:automationName: ANDROID_UIAUTOMATOR2, appium:chromedriverChromeMappingFile: https://github.com/appium/a..., appium:chromedriverExecutableDir: ./utils/ExecutableDirs, appium:deviceName: Pixel_XL_API_33, appium:udid: emulator-5554, browserName: Chrome, platformName: ANDROID}}]
Capabilities {appium:automationName: ANDROID_UIAUTOMATOR2, appium:chromedriverChromeMappingFile: https://github.com/appium/a..., appium:chromedriverExecutableDir: ./utils/ExecutableDirs, appium:deviceName: Pixel_XL_API_33, appium:udid: emulator-5554, browserName: Chrome, platformName: ANDROID}
at org.openqa.selenium.remote.ProtocolHandshake.createSession(ProtocolHandshake.java:136)
at sun.reflect.NativeMethodAccessorImpl.invoke0(Native Method)
at sun.reflect.NativeMethodAccessorImpl.invoke(NativeMethodAccessorImpl.java:62)
at sun.reflect.DelegatingMethodAccessorImpl.invoke(DelegatingMethodAccessorImpl.java:43)
at java.lang.reflect.Method.invoke(Method.java:498)
at io.appium.java_client.remote.AppiumProtocolHandshake.createSession(AppiumProtocolHandshake.java:133)
at io.appium.java_client.remote.AppiumProtocolHandshake.createSession(AppiumProtocolHandshake.java:102)
at io.appium.java_client.remote.AppiumCommandExecutor.createSession(AppiumCommandExecutor.java:182)
at io.appium.java_client.remote.AppiumCommandExecutor.execute(AppiumCommandExecutor.java:250)
at org.openqa.selenium.remote.RemoteWebDriver.execute(RemoteWebDriver.java:543)
at io.appium.java_client.AppiumDriver.startSession(AppiumDriver.java:274)
at org.openqa.selenium.remote.RemoteWebDriver.<init>(RemoteWebDriver.java:157)
at io.appium.java_client.AppiumDriver.<init>(AppiumDriver.java:89)
at io.appium.java_client.AppiumDriver.<init>(AppiumDriver.java:112)
at io.appium.java_client.AppiumDriver.<init>(AppiumDriver.java:137)
at io.appium.java_client.android.AndroidDriver.<init>(AndroidDriver.java:236)
at tests.BaseTest.setup(BaseTest.java:90)
at sun.reflect.NativeMethodAccessorImpl.invoke0(Native Method)
at sun.reflect.NativeMethodAccessorImpl.invoke(NativeMethodAccessorImpl.java:62)
at sun.reflect.DelegatingMethodAccessorImpl.invoke(DelegatingMethodAccessorImpl.java:43)
at java.lang.reflect.Method.invoke(Method.java:498)
at org.testng.internal.invokers.MethodInvocationHelper.invokeMethod(MethodInvocationHelper.java:135)
at org.testng.internal.invokers.MethodInvocationHelper.invokeMethodConsideringTimeout(MethodInvocationHelper.java:65)
at org.testng.internal.invokers.ConfigInvoker.invokeConfigurationMethod(ConfigInvoker.java:381)
at org.testng.internal.invokers.ConfigInvoker.invokeConfigurations(ConfigInvoker.java:319)
at org.testng.internal.invokers.TestInvoker.runConfigMethods(TestInvoker.java:803)
at org.testng.internal.invokers.TestInvoker.invokeMethod(TestInvoker.java:589)
at org.testng.internal.invokers.TestInvoker.invokeTestMethod(TestInvoker.java:220)
at org.testng.internal.invokers.MethodRunner.runInSequence(MethodRunner.java:50)
at org.testng.internal.invokers.TestInvoker$MethodInvocationAgent.invoke(TestInvoker.java:945)
at org.testng.internal.invokers.TestInvoker.invokeTestMethods(TestInvoker.java:193)
at org.testng.internal.invokers.TestMethodWorker.invokeTestMethods(TestMethodWorker.java:146)
at org.testng.internal.invokers.TestMethodWorker.run(TestMethodWorker.java:128)
at java.util.ArrayList.forEach(ArrayList.java:1257)
at org.testng.TestRunner.privateRun(TestRunner.java:808)
at org.testng.TestRunner.run(TestRunner.java:603)
at org.testng.SuiteRunner.runTest(SuiteRunner.java:429)
at org.testng.SuiteRunner.runSequentially(SuiteRunner.java:423)
at org.testng.SuiteRunner.privateRun(SuiteRunner.java:383)
at org.testng.SuiteRunner.run(SuiteRunner.java:326)
at org.testng.SuiteRunnerWorker.runSuite(SuiteRunnerWorker.java:52)
at org.testng.SuiteRunnerWorker.run(SuiteRunnerWorker.java:95)
at org.testng.TestNG.runSuitesSequentially(TestNG.java:1249)
at org.testng.TestNG.runSuitesLocally(TestNG.java:1169)
at org.testng.TestNG.runSuites(TestNG.java:1092)
at org.testng.TestNG.run(TestNG.java:1060)
at org.apache.maven.surefire.testng.TestNGExecutor.run(TestNGExecutor.java:324)
at org.apache.maven.surefire.testng.TestNGXmlTestSuite.execute(TestNGXmlTestSuite.java:74)
at org.apache.maven.surefire.testng.TestNGProvider.invoke(TestNGProvider.java:123)
at org.apache.maven.surefire.booter.ForkedBooter.runSuitesInProcess(ForkedBooter.java:456)
at org.apache.maven.surefire.booter.ForkedBooter.execute(ForkedBooter.java:169)
at org.apache.maven.surefire.booter.ForkedBooter.run(ForkedBooter.java:595)
at org.apache.maven.surefire.booter.ForkedBooter.main(ForkedBooter.java:581)
]]>
            </full-stacktrace>
          </exception> <!-- org.openqa.selenium.SessionNotCreatedException -->
          <reporter-output>
          </reporter-output>
        </test-method> <!-- tc06_fillOnlyFirstNameZipCodeFields -->
        <test-method status="SKIP" signature="TearDown()[pri:0, instance:tests.t6_CheckoutInformationFields@120f38e6]" name="TearDown" is-config="true" duration-ms="0" started-at="2023-08-16T20:58:49 IDT" finished-at="2023-08-16T20:58:49 IDT">
          <reporter-output>
          </reporter-output>
        </test-method> <!-- TearDown -->
        <test-method status="SKIP" signature="setup()[pri:0, instance:tests.t6_CheckoutInformationFields@120f38e6]" name="setup" is-config="true" duration-ms="0" started-at="2023-08-16T20:58:49 IDT" finished-at="2023-08-16T20:58:49 IDT">
          <reporter-output>
          </reporter-output>
        </test-method> <!-- setup -->
        <test-method status="SKIP" signature="tc07_fillOnlyLastNameAndZipCodeFields()[pri:0, instance:tests.t6_CheckoutInformationFields@120f38e6]" name="tc07_fillOnlyLastNameAndZipCodeFields" duration-ms="0" started-at="2023-08-16T20:58:49 IDT" finished-at="2023-08-16T20:58:49 IDT">
          <exception class="org.openqa.selenium.SessionNotCreatedException">
            <message>
              <![CDATA[Could not start a new session. Response code 500. Message: An unknown server-side error occurred while processing the command. Original error: Could not find a driver for automationName 'ANDROID_UIAUTOMATOR2' and platformName 'ANDROID'. Have you installed a driver that supports those capabilities? Run 'appium driver list --installed' to see. (Lower-level error: Could not find installed driver to support given caps) 
Host info: host: 'LAPTOP-RMK290R9', ip: '192.168.1.20'
Build info: version: '4.9.1', revision: 'eb2032df7f'
System info: os.name: 'Windows 10', os.arch: 'amd64', os.version: '10.0', java.version: '1.8.0_211'
Driver info: io.appium.java_client.android.AndroidDriver
Command: [null, newSession {capabilities=[{appium:udid=emulator-5554, appium:chromedriverExecutableDir=./utils/ExecutableDirs, appium:chromedriverChromeMappingFile=https://github.com/appium/appium-chromedriver/blob/master/config/mapping.json, browserName=Chrome, platformName=ANDROID, appium:deviceName=Pixel_XL_API_33, appium:automationName=ANDROID_UIAUTOMATOR2}], desiredCapabilities=Capabilities {appium:automationName: ANDROID_UIAUTOMATOR2, appium:chromedriverChromeMappingFile: https://github.com/appium/a..., appium:chromedriverExecutableDir: ./utils/ExecutableDirs, appium:deviceName: Pixel_XL_API_33, appium:udid: emulator-5554, browserName: Chrome, platformName: ANDROID}}]
Capabilities {appium:automationName: ANDROID_UIAUTOMATOR2, appium:chromedriverChromeMappingFile: https://github.com/appium/a..., appium:chromedriverExecutableDir: ./utils/ExecutableDirs, appium:deviceName: Pixel_XL_API_33, appium:udid: emulator-5554, browserName: Chrome, platformName: ANDROID}]]>
            </message>
            <full-stacktrace>
              <![CDATA[org.openqa.selenium.SessionNotCreatedException: Could not start a new session. Response code 500. Message: An unknown server-side error occurred while processing the command. Original error: Could not find a driver for automationName 'ANDROID_UIAUTOMATOR2' and platformName 'ANDROID'. Have you installed a driver that supports those capabilities? Run 'appium driver list --installed' to see. (Lower-level error: Could not find installed driver to support given caps) 
Host info: host: 'LAPTOP-RMK290R9', ip: '192.168.1.20'
Build info: version: '4.9.1', revision: 'eb2032df7f'
System info: os.name: 'Windows 10', os.arch: 'amd64', os.version: '10.0', java.version: '1.8.0_211'
Driver info: io.appium.java_client.android.AndroidDriver
Command: [null, newSession {capabilities=[{appium:udid=emulator-5554, appium:chromedriverExecutableDir=./utils/ExecutableDirs, appium:chromedriverChromeMappingFile=https://github.com/appium/appium-chromedriver/blob/master/config/mapping.json, browserName=Chrome, platformName=ANDROID, appium:deviceName=Pixel_XL_API_33, appium:automationName=ANDROID_UIAUTOMATOR2}], desiredCapabilities=Capabilities {appium:automationName: ANDROID_UIAUTOMATOR2, appium:chromedriverChromeMappingFile: https://github.com/appium/a..., appium:chromedriverExecutableDir: ./utils/ExecutableDirs, appium:deviceName: Pixel_XL_API_33, appium:udid: emulator-5554, browserName: Chrome, platformName: ANDROID}}]
Capabilities {appium:automationName: ANDROID_UIAUTOMATOR2, appium:chromedriverChromeMappingFile: https://github.com/appium/a..., appium:chromedriverExecutableDir: ./utils/ExecutableDirs, appium:deviceName: Pixel_XL_API_33, appium:udid: emulator-5554, browserName: Chrome, platformName: ANDROID}
at org.openqa.selenium.remote.ProtocolHandshake.createSession(ProtocolHandshake.java:136)
at sun.reflect.NativeMethodAccessorImpl.invoke0(Native Method)
at sun.reflect.NativeMethodAccessorImpl.invoke(NativeMethodAccessorImpl.java:62)
at sun.reflect.DelegatingMethodAccessorImpl.invoke(DelegatingMethodAccessorImpl.java:43)
at java.lang.reflect.Method.invoke(Method.java:498)
at io.appium.java_client.remote.AppiumProtocolHandshake.createSession(AppiumProtocolHandshake.java:133)
at io.appium.java_client.remote.AppiumProtocolHandshake.createSession(AppiumProtocolHandshake.java:102)
at io.appium.java_client.remote.AppiumCommandExecutor.createSession(AppiumCommandExecutor.java:182)
at io.appium.java_client.remote.AppiumCommandExecutor.execute(AppiumCommandExecutor.java:250)
at org.openqa.selenium.remote.RemoteWebDriver.execute(RemoteWebDriver.java:543)
at io.appium.java_client.AppiumDriver.startSession(AppiumDriver.java:274)
at org.openqa.selenium.remote.RemoteWebDriver.<init>(RemoteWebDriver.java:157)
at io.appium.java_client.AppiumDriver.<init>(AppiumDriver.java:89)
at io.appium.java_client.AppiumDriver.<init>(AppiumDriver.java:112)
at io.appium.java_client.AppiumDriver.<init>(AppiumDriver.java:137)
at io.appium.java_client.android.AndroidDriver.<init>(AndroidDriver.java:236)
at tests.BaseTest.setup(BaseTest.java:90)
at sun.reflect.NativeMethodAccessorImpl.invoke0(Native Method)
at sun.reflect.NativeMethodAccessorImpl.invoke(NativeMethodAccessorImpl.java:62)
at sun.reflect.DelegatingMethodAccessorImpl.invoke(DelegatingMethodAccessorImpl.java:43)
at java.lang.reflect.Method.invoke(Method.java:498)
at org.testng.internal.invokers.MethodInvocationHelper.invokeMethod(MethodInvocationHelper.java:135)
at org.testng.internal.invokers.MethodInvocationHelper.invokeMethodConsideringTimeout(MethodInvocationHelper.java:65)
at org.testng.internal.invokers.ConfigInvoker.invokeConfigurationMethod(ConfigInvoker.java:381)
at org.testng.internal.invokers.ConfigInvoker.invokeConfigurations(ConfigInvoker.java:319)
at org.testng.internal.invokers.TestInvoker.runConfigMethods(TestInvoker.java:803)
at org.testng.internal.invokers.TestInvoker.invokeMethod(TestInvoker.java:589)
at org.testng.internal.invokers.TestInvoker.invokeTestMethod(TestInvoker.java:220)
at org.testng.internal.invokers.MethodRunner.runInSequence(MethodRunner.java:50)
at org.testng.internal.invokers.TestInvoker$MethodInvocationAgent.invoke(TestInvoker.java:945)
at org.testng.internal.invokers.TestInvoker.invokeTestMethods(TestInvoker.java:193)
at org.testng.internal.invokers.TestMethodWorker.invokeTestMethods(TestMethodWorker.java:146)
at org.testng.internal.invokers.TestMethodWorker.run(TestMethodWorker.java:128)
at java.util.ArrayList.forEach(ArrayList.java:1257)
at org.testng.TestRunner.privateRun(TestRunner.java:808)
at org.testng.TestRunner.run(TestRunner.java:603)
at org.testng.SuiteRunner.runTest(SuiteRunner.java:429)
at org.testng.SuiteRunner.runSequentially(SuiteRunner.java:423)
at org.testng.SuiteRunner.privateRun(SuiteRunner.java:383)
at org.testng.SuiteRunner.run(SuiteRunner.java:326)
at org.testng.SuiteRunnerWorker.runSuite(SuiteRunnerWorker.java:52)
at org.testng.SuiteRunnerWorker.run(SuiteRunnerWorker.java:95)
at org.testng.TestNG.runSuitesSequentially(TestNG.java:1249)
at org.testng.TestNG.runSuitesLocally(TestNG.java:1169)
at org.testng.TestNG.runSuites(TestNG.java:1092)
at org.testng.TestNG.run(TestNG.java:1060)
at org.apache.maven.surefire.testng.TestNGExecutor.run(TestNGExecutor.java:324)
at org.apache.maven.surefire.testng.TestNGXmlTestSuite.execute(TestNGXmlTestSuite.java:74)
at org.apache.maven.surefire.testng.TestNGProvider.invoke(TestNGProvider.java:123)
at org.apache.maven.surefire.booter.ForkedBooter.runSuitesInProcess(ForkedBooter.java:456)
at org.apache.maven.surefire.booter.ForkedBooter.execute(ForkedBooter.java:169)
at org.apache.maven.surefire.booter.ForkedBooter.run(ForkedBooter.java:595)
at org.apache.maven.surefire.booter.ForkedBooter.main(ForkedBooter.java:581)
]]>
            </full-stacktrace>
          </exception> <!-- org.openqa.selenium.SessionNotCreatedException -->
          <reporter-output>
          </reporter-output>
        </test-method> <!-- tc07_fillOnlyLastNameAndZipCodeFields -->
        <test-method status="SKIP" signature="TearDown()[pri:0, instance:tests.t6_CheckoutInformationFields@120f38e6]" name="TearDown" is-config="true" duration-ms="0" started-at="2023-08-16T20:58:49 IDT" finished-at="2023-08-16T20:58:49 IDT">
          <reporter-output>
          </reporter-output>
        </test-method> <!-- TearDown -->
      </class> <!-- tests.t6_CheckoutInformationFields -->
      <class name="tests.t1_Login">
        <test-method status="FAIL" signature="setup()[pri:0, instance:tests.t1_Login@24be2d9c]" name="setup" is-config="true" duration-ms="12804" started-at="2023-08-16T20:58:30 IDT" finished-at="2023-08-16T20:58:43 IDT">
          <exception class="org.openqa.selenium.SessionNotCreatedException">
            <message>
              <![CDATA[Could not start a new session. Response code 500. Message: An unknown server-side error occurred while processing the command. Original error: Could not find a driver for automationName 'ANDROID_UIAUTOMATOR2' and platformName 'ANDROID'. Have you installed a driver that supports those capabilities? Run 'appium driver list --installed' to see. (Lower-level error: Could not find installed driver to support given caps) 
Host info: host: 'LAPTOP-RMK290R9', ip: '192.168.1.20'
Build info: version: '4.9.1', revision: 'eb2032df7f'
System info: os.name: 'Windows 10', os.arch: 'amd64', os.version: '10.0', java.version: '1.8.0_211'
Driver info: io.appium.java_client.android.AndroidDriver
Command: [null, newSession {capabilities=[{appium:udid=emulator-5554, appium:chromedriverExecutableDir=./utils/ExecutableDirs, appium:chromedriverChromeMappingFile=https://github.com/appium/appium-chromedriver/blob/master/config/mapping.json, browserName=Chrome, platformName=ANDROID, appium:deviceName=Pixel_XL_API_33, appium:automationName=ANDROID_UIAUTOMATOR2}], desiredCapabilities=Capabilities {appium:automationName: ANDROID_UIAUTOMATOR2, appium:chromedriverChromeMappingFile: https://github.com/appium/a..., appium:chromedriverExecutableDir: ./utils/ExecutableDirs, appium:deviceName: Pixel_XL_API_33, appium:udid: emulator-5554, browserName: Chrome, platformName: ANDROID}}]
Capabilities {appium:automationName: ANDROID_UIAUTOMATOR2, appium:chromedriverChromeMappingFile: https://github.com/appium/a..., appium:chromedriverExecutableDir: ./utils/ExecutableDirs, appium:deviceName: Pixel_XL_API_33, appium:udid: emulator-5554, browserName: Chrome, platformName: ANDROID}]]>
            </message>
            <full-stacktrace>
              <![CDATA[org.openqa.selenium.SessionNotCreatedException: Could not start a new session. Response code 500. Message: An unknown server-side error occurred while processing the command. Original error: Could not find a driver for automationName 'ANDROID_UIAUTOMATOR2' and platformName 'ANDROID'. Have you installed a driver that supports those capabilities? Run 'appium driver list --installed' to see. (Lower-level error: Could not find installed driver to support given caps) 
Host info: host: 'LAPTOP-RMK290R9', ip: '192.168.1.20'
Build info: version: '4.9.1', revision: 'eb2032df7f'
System info: os.name: 'Windows 10', os.arch: 'amd64', os.version: '10.0', java.version: '1.8.0_211'
Driver info: io.appium.java_client.android.AndroidDriver
Command: [null, newSession {capabilities=[{appium:udid=emulator-5554, appium:chromedriverExecutableDir=./utils/ExecutableDirs, appium:chromedriverChromeMappingFile=https://github.com/appium/appium-chromedriver/blob/master/config/mapping.json, browserName=Chrome, platformName=ANDROID, appium:deviceName=Pixel_XL_API_33, appium:automationName=ANDROID_UIAUTOMATOR2}], desiredCapabilities=Capabilities {appium:automationName: ANDROID_UIAUTOMATOR2, appium:chromedriverChromeMappingFile: https://github.com/appium/a..., appium:chromedriverExecutableDir: ./utils/ExecutableDirs, appium:deviceName: Pixel_XL_API_33, appium:udid: emulator-5554, browserName: Chrome, platformName: ANDROID}}]
Capabilities {appium:automationName: ANDROID_UIAUTOMATOR2, appium:chromedriverChromeMappingFile: https://github.com/appium/a..., appium:chromedriverExecutableDir: ./utils/ExecutableDirs, appium:deviceName: Pixel_XL_API_33, appium:udid: emulator-5554, browserName: Chrome, platformName: ANDROID}
at org.openqa.selenium.remote.ProtocolHandshake.createSession(ProtocolHandshake.java:136)
at sun.reflect.NativeMethodAccessorImpl.invoke0(Native Method)
at sun.reflect.NativeMethodAccessorImpl.invoke(NativeMethodAccessorImpl.java:62)
at sun.reflect.DelegatingMethodAccessorImpl.invoke(DelegatingMethodAccessorImpl.java:43)
at java.lang.reflect.Method.invoke(Method.java:498)
at io.appium.java_client.remote.AppiumProtocolHandshake.createSession(AppiumProtocolHandshake.java:133)
at io.appium.java_client.remote.AppiumProtocolHandshake.createSession(AppiumProtocolHandshake.java:102)
at io.appium.java_client.remote.AppiumCommandExecutor.createSession(AppiumCommandExecutor.java:182)
at io.appium.java_client.remote.AppiumCommandExecutor.execute(AppiumCommandExecutor.java:250)
at org.openqa.selenium.remote.RemoteWebDriver.execute(RemoteWebDriver.java:543)
at io.appium.java_client.AppiumDriver.startSession(AppiumDriver.java:274)
at org.openqa.selenium.remote.RemoteWebDriver.<init>(RemoteWebDriver.java:157)
at io.appium.java_client.AppiumDriver.<init>(AppiumDriver.java:89)
at io.appium.java_client.AppiumDriver.<init>(AppiumDriver.java:112)
at io.appium.java_client.AppiumDriver.<init>(AppiumDriver.java:137)
at io.appium.java_client.android.AndroidDriver.<init>(AndroidDriver.java:236)
at tests.BaseTest.setup(BaseTest.java:90)
at sun.reflect.NativeMethodAccessorImpl.invoke0(Native Method)
at sun.reflect.NativeMethodAccessorImpl.invoke(NativeMethodAccessorImpl.java:62)
at sun.reflect.DelegatingMethodAccessorImpl.invoke(DelegatingMethodAccessorImpl.java:43)
at java.lang.reflect.Method.invoke(Method.java:498)
at org.testng.internal.invokers.MethodInvocationHelper.invokeMethod(MethodInvocationHelper.java:135)
at org.testng.internal.invokers.MethodInvocationHelper.invokeMethodConsideringTimeout(MethodInvocationHelper.java:65)
at org.testng.internal.invokers.ConfigInvoker.invokeConfigurationMethod(ConfigInvoker.java:381)
at org.testng.internal.invokers.ConfigInvoker.invokeConfigurations(ConfigInvoker.java:319)
at org.testng.internal.invokers.TestInvoker.runConfigMethods(TestInvoker.java:803)
at org.testng.internal.invokers.TestInvoker.invokeMethod(TestInvoker.java:589)
at org.testng.internal.invokers.TestInvoker.invokeTestMethod(TestInvoker.java:220)
at org.testng.internal.invokers.MethodRunner.runInSequence(MethodRunner.java:50)
at org.testng.internal.invokers.TestInvoker$MethodInvocationAgent.invoke(TestInvoker.java:945)
at org.testng.internal.invokers.TestInvoker.invokeTestMethods(TestInvoker.java:193)
at org.testng.internal.invokers.TestMethodWorker.invokeTestMethods(TestMethodWorker.java:146)
at org.testng.internal.invokers.TestMethodWorker.run(TestMethodWorker.java:128)
at java.util.ArrayList.forEach(ArrayList.java:1257)
at org.testng.TestRunner.privateRun(TestRunner.java:808)
at org.testng.TestRunner.run(TestRunner.java:603)
at org.testng.SuiteRunner.runTest(SuiteRunner.java:429)
at org.testng.SuiteRunner.runSequentially(SuiteRunner.java:423)
at org.testng.SuiteRunner.privateRun(SuiteRunner.java:383)
at org.testng.SuiteRunner.run(SuiteRunner.java:326)
at org.testng.SuiteRunnerWorker.runSuite(SuiteRunnerWorker.java:52)
at org.testng.SuiteRunnerWorker.run(SuiteRunnerWorker.java:95)
at org.testng.TestNG.runSuitesSequentially(TestNG.java:1249)
at org.testng.TestNG.runSuitesLocally(TestNG.java:1169)
at org.testng.TestNG.runSuites(TestNG.java:1092)
at org.testng.TestNG.run(TestNG.java:1060)
at org.apache.maven.surefire.testng.TestNGExecutor.run(TestNGExecutor.java:324)
at org.apache.maven.surefire.testng.TestNGXmlTestSuite.execute(TestNGXmlTestSuite.java:74)
at org.apache.maven.surefire.testng.TestNGProvider.invoke(TestNGProvider.java:123)
at org.apache.maven.surefire.booter.ForkedBooter.runSuitesInProcess(ForkedBooter.java:456)
at org.apache.maven.surefire.booter.ForkedBooter.execute(ForkedBooter.java:169)
at org.apache.maven.surefire.booter.ForkedBooter.run(ForkedBooter.java:595)
at org.apache.maven.surefire.booter.ForkedBooter.main(ForkedBooter.java:581)
]]>
            </full-stacktrace>
          </exception> <!-- org.openqa.selenium.SessionNotCreatedException -->
          <reporter-output>
          </reporter-output>
        </test-method> <!-- setup -->
        <test-method status="SKIP" signature="tc01_userLogin(java.lang.String,java.lang.String,java.lang.String)[pri:0, instance:tests.t1_Login@24be2d9c]" name="tc01_userLogin" duration-ms="0" started-at="2023-08-16T20:58:43 IDT" data-provider="getDataFromExcel" finished-at="2023-08-16T20:58:43 IDT">
          <params>
            <param index="0">
              <value>
                <![CDATA[standard_user]]>
              </value>
            </param>
            <param index="1">
              <value>
                <![CDATA[secret_sauce]]>
              </value>
            </param>
            <param index="2">
              <value>
                <![CDATA[]]>
              </value>
            </param>
          </params>
          <exception class="org.openqa.selenium.SessionNotCreatedException">
            <message>
              <![CDATA[Could not start a new session. Response code 500. Message: An unknown server-side error occurred while processing the command. Original error: Could not find a driver for automationName 'ANDROID_UIAUTOMATOR2' and platformName 'ANDROID'. Have you installed a driver that supports those capabilities? Run 'appium driver list --installed' to see. (Lower-level error: Could not find installed driver to support given caps) 
Host info: host: 'LAPTOP-RMK290R9', ip: '192.168.1.20'
Build info: version: '4.9.1', revision: 'eb2032df7f'
System info: os.name: 'Windows 10', os.arch: 'amd64', os.version: '10.0', java.version: '1.8.0_211'
Driver info: io.appium.java_client.android.AndroidDriver
Command: [null, newSession {capabilities=[{appium:udid=emulator-5554, appium:chromedriverExecutableDir=./utils/ExecutableDirs, appium:chromedriverChromeMappingFile=https://github.com/appium/appium-chromedriver/blob/master/config/mapping.json, browserName=Chrome, platformName=ANDROID, appium:deviceName=Pixel_XL_API_33, appium:automationName=ANDROID_UIAUTOMATOR2}], desiredCapabilities=Capabilities {appium:automationName: ANDROID_UIAUTOMATOR2, appium:chromedriverChromeMappingFile: https://github.com/appium/a..., appium:chromedriverExecutableDir: ./utils/ExecutableDirs, appium:deviceName: Pixel_XL_API_33, appium:udid: emulator-5554, browserName: Chrome, platformName: ANDROID}}]
[...]
at java.lang.reflect.Method.invoke(Method.java:498)
at org.testng.internal.invokers.MethodInvocationHelper.invokeMethod(MethodInvocationHelper.java:135)
at org.testng.internal.invokers.MethodInvocationHelper.invokeMethodConsideringTimeout(MethodInvocationHelper.java:65)
at org.testng.internal.invokers.ConfigInvoker.invokeConfigurationMethod(ConfigInvoker.java:381)
at org.testng.internal.invokers.ConfigInvoker.invokeConfigurations(ConfigInvoker.java:319)
at org.testng.internal.invokers.TestInvoker.runConfigMethods(TestInvoker.java:803)
at org.testng.internal.invokers.TestInvoker.invokeMethod(TestInvoker.java:589)
at org.testng.internal.invokers.TestInvoker.invokeTestMethod(TestInvoker.java:220)
at org.testng.internal.invokers.MethodRunner.runInSequence(MethodRunner.java:50)
at org.testng.internal.invokers.TestInvoker$MethodInvocationAgent.invoke(TestInvoker.java:945)
at org.testng.internal.invokers.TestInvoker.invokeTestMethods(TestInvoker.java:193)
at org.testng.internal.invokers.TestMethodWorker.invokeTestMethods(TestMethodWorker.java:146)
at org.testng.internal.invokers.TestMethodWorker.run(TestMethodWorker.java:128)
at java.util.ArrayList.forEach(ArrayList.java:1257)
at org.testng.TestRunner.privateRun(TestRunner.java:808)
at org.testng.TestRunner.run(TestRunner.java:603)
at org.testng.SuiteRunner.runTest(SuiteRunner.java:429)
at org.testng.SuiteRunner.runSequentially(SuiteRunner.java:423)
at org.testng.SuiteRunner.privateRun(SuiteRunner.java:383)
at org.testng.SuiteRunner.run(SuiteRunner.java:326)
at org.testng.SuiteRunnerWorker.runSuite(SuiteRunnerWorker.java:52)
at org.testng.SuiteRunnerWorker.run(SuiteRunnerWorker.java:95)
at org.testng.TestNG.runSuitesSequentially(TestNG.java:1249)
at org.testng.TestNG.runSuitesLocally(TestNG.java:1169)
at org.testng.TestNG.runSuites(TestNG.java:1092)
at org.testng.TestNG.run(TestNG.java:1060)
at org.apache.maven.surefire.testng.TestNGExecutor.run(TestNGExecutor.java:324)
at org.apache.maven.surefire.testng.TestNGXmlTestSuite.execute(TestNGXmlTestSuite.java:74)
at org.apache.maven.surefire.testng.TestNGProvider.invoke(TestNGProvider.java:123)
at org.apache.maven.surefire.booter.ForkedBooter.runSuitesInProcess(ForkedBooter.java:456)
at org.apache.maven.surefire.booter.ForkedBooter.execute(ForkedBooter.java:169)
at org.apache.maven.surefire.booter.ForkedBooter.run(ForkedBooter.java:595)
at org.apache.maven.surefire.booter.ForkedBooter.main(ForkedBooter.java:581)
]]>
            </full-stacktrace>
          </exception> <!-- org.openqa.selenium.SessionNotCreatedException -->
          <reporter-output>
          </reporter-output>
        </test-method> <!-- setup -->
        <test-method status="SKIP" signature="tc01_verifySocialMediaLinksInProductPage()[pri:0, instance:tests.t8_SocialMediaLinks@702ed190]" name="tc01_verifySocialMediaLinksInProductPage" duration-ms="0" started-at="2023-08-16T20:58:52 IDT" finished-at="2023-08-16T20:58:52 IDT">
          <exception class="org.openqa.selenium.SessionNotCreatedException">
            <message>
              <![CDATA[Could not start a new session. Response code 500. Message: An unknown server-side error occurred while processing the command. Original error: Could not find a driver for automationName 'ANDROID_UIAUTOMATOR2' and platformName 'ANDROID'. Have you installed a driver that supports those capabilities? Run 'appium driver list --installed' to see. (Lower-level error: Could not find installed driver to support given caps) 
Host info: host: 'LAPTOP-RMK290R9', ip: '192.168.1.20'
Build info: version: '4.9.1', revision: 'eb2032df7f'
System info: os.name: 'Windows 10', os.arch: 'amd64', os.version: '10.0', java.version: '1.8.0_211'
Driver info: io.appium.java_client.android.AndroidDriver
Command: [null, newSession {capabilities=[{appium:udid=emulator-5554, appium:chromedriverExecutableDir=./utils/ExecutableDirs, appium:chromedriverChromeMappingFile=https://github.com/appium/appium-chromedriver/blob/master/config/mapping.json, browserName=Chrome, platformName=ANDROID, appium:deviceName=Pixel_XL_API_33, appium:automationName=ANDROID_UIAUTOMATOR2}], desiredCapabilities=Capabilities {appium:automationName: ANDROID_UIAUTOMATOR2, appium:chromedriverChromeMappingFile: https://github.com/appium/a..., appium:chromedriverExecutableDir: ./utils/ExecutableDirs, appium:deviceName: Pixel_XL_API_33, appium:udid: emulator-5554, browserName: Chrome, platformName: ANDROID}}]
Capabilities {appium:automationName: ANDROID_UIAUTOMATOR2, appium:chromedriverChromeMappingFile: https://github.com/appium/a..., appium:chromedriverExecutableDir: ./utils/ExecutableDirs, appium:deviceName: Pixel_XL_API_33, appium:udid: emulator-5554, browserName: Chrome, platformName: ANDROID}]]>
            </message>
            <full-stacktrace>
              <![CDATA[org.openqa.selenium.SessionNotCreatedException: Could not start a new session. Response code 500. Message: An unknown server-side error occurred while processing the command. Original error: Could not find a driver for automationName 'ANDROID_UIAUTOMATOR2' and platformName 'ANDROID'. Have you installed a driver that supports those capabilities? Run 'appium driver list --installed' to see. (Lower-level error: Could not find installed driver to support given caps) 
Host info: host: 'LAPTOP-RMK290R9', ip: '192.168.1.20'
Build info: version: '4.9.1', revision: 'eb2032df7f'
System info: os.name: 'Windows 10', os.arch: 'amd64', os.version: '10.0', java.version: '1.8.0_211'
Driver info: io.appium.java_client.android.AndroidDriver
Command: [null, newSession {capabilities=[{appium:udid=emulator-5554, appium:chromedriverExecutableDir=./utils/ExecutableDirs, appium:chromedriverChromeMappingFile=https://github.com/appium/appium-chromedriver/blob/master/config/mapping.json, browserName=Chrome, platformName=ANDROID, appium:deviceName=Pixel_XL_API_33, appium:automationName=ANDROID_UIAUTOMATOR2}], desiredCapabilities=Capabilities {appium:automationName: ANDROID_UIAUTOMATOR2, appium:chromedriverChromeMappingFile: https://github.com/appium/a..., appium:chromedriverExecutableDir: ./utils/ExecutableDirs, appium:deviceName: Pixel_XL_API_33, appium:udid: emulator-5554, browserName: Chrome, platformName: ANDROID}}]
Capabilities {appium:automationName: ANDROID_UIAUTOMATOR2, appium:chromedriverChromeMappingFile: https://github.com/appium/a..., appium:chromedriverExecutableDir: ./utils/ExecutableDirs, appium:deviceName: Pixel_XL_API_33, appium:udid: emulator-5554, browserName: Chrome, platformName: ANDROID}
at org.openqa.selenium.remote.ProtocolHandshake.createSession(ProtocolHandshake.java:136)
at sun.reflect.NativeMethodAccessorImpl.invoke0(Native Method)
at sun.reflect.NativeMethodAccessorImpl.invoke(NativeMethodAccessorImpl.java:62)
at sun.reflect.DelegatingMethodAccessorImpl.invoke(DelegatingMethodAccessorImpl.java:43)
at java.lang.reflect.Method.invoke(Method.java:498)
at io.appium.java_client.remote.AppiumProtocolHandshake.createSession(AppiumProtocolHandshake.java:133)
at io.appium.java_client.remote.AppiumProtocolHandshake.createSession(AppiumProtocolHandshake.java:102)
at io.appium.java_client.remote.AppiumCommandExecutor.createSession(AppiumCommandExecutor.java:182)
at io.appium.java_client.remote.AppiumCommandExecutor.execute(AppiumCommandExecutor.java:250)
at org.openqa.selenium.remote.RemoteWebDriver.execute(RemoteWebDriver.java:543)
at io.appium.java_client.AppiumDriver.startSession(AppiumDriver.java:274)
at org.openqa.selenium.remote.RemoteWebDriver.<init>(RemoteWebDriver.java:157)
at io.appium.java_client.AppiumDriver.<init>(AppiumDriver.java:89)
at io.appium.java_client.AppiumDriver.<init>(AppiumDriver.java:112)
at io.appium.java_client.AppiumDriver.<init>(AppiumDriver.java:137)
at io.appium.java_client.android.AndroidDriver.<init>(AndroidDriver.java:236)
at tests.BaseTest.setup(BaseTest.java:90)
at sun.reflect.NativeMethodAccessorImpl.invoke0(Native Method)
at sun.reflect.NativeMethodAccessorImpl.invoke(NativeMethodAccessorImpl.java:62)
at sun.reflect.DelegatingMethodAccessorImpl.invoke(DelegatingMethodAccessorImpl.java:43)
at java.lang.reflect.Method.invoke(Method.java:498)
at org.testng.internal.invokers.MethodInvocationHelper.invokeMethod(MethodInvocationHelper.java:135)
at org.testng.internal.invokers.MethodInvocationHelper.invokeMethodConsideringTimeout(MethodInvocationHelper.java:65)
at org.testng.internal.invokers.ConfigInvoker.invokeConfigurationMethod(ConfigInvoker.java:381)
at org.testng.internal.invokers.ConfigInvoker.invokeConfigurations(ConfigInvoker.java:319)
at org.testng.internal.invokers.TestInvoker.runConfigMethods(TestInvoker.java:803)
at org.testng.internal.invokers.TestInvoker.invokeMethod(TestInvoker.java:589)
at org.testng.internal.invokers.TestInvoker.invokeTestMethod(TestInvoker.java:220)
at org.testng.internal.invokers.MethodRunner.runInSequence(MethodRunner.java:50)
at org.testng.internal.invokers.TestInvoker$MethodInvocationAgent.invoke(TestInvoker.java:945)
at org.testng.internal.invokers.TestInvoker.invokeTestMethods(TestInvoker.java:193)
at org.testng.internal.invokers.TestMethodWorker.invokeTestMethods(TestMethodWorker.java:146)
at org.testng.internal.invokers.TestMethodWorker.run(TestMethodWorker.java:128)
at java.util.ArrayList.forEach(ArrayList.java:1257)
at org.testng.TestRunner.privateRun(TestRunner.java:808)
at org.testng.TestRunner.run(TestRunner.java:603)
at org.testng.SuiteRunner.runTest(SuiteRunner.java:429)
at org.testng.SuiteRunner.runSequentially(SuiteRunner.java:423)
at org.testng.SuiteRunner.privateRun(SuiteRunner.java:383)
at org.testng.SuiteRunner.run(SuiteRunner.java:326)
at org.testng.SuiteRunnerWorker.runSuite(SuiteRunnerWorker.java:52)
at org.testng.SuiteRunnerWorker.run(SuiteRunnerWorker.java:95)
at org.testng.TestNG.runSuitesSequentially(TestNG.java:1249)
at org.testng.TestNG.runSuitesLocally(TestNG.java:1169)
at org.testng.TestNG.runSuites(TestNG.java:1092)
at org.testng.TestNG.run(TestNG.java:1060)
at org.apache.maven.surefire.testng.TestNGExecutor.run(TestNGExecutor.java:324)
at org.apache.maven.surefire.testng.TestNGXmlTestSuite.execute(TestNGXmlTestSuite.java:74)
at org.apache.maven.surefire.testng.TestNGProvider.invoke(TestNGProvider.java:123)
at org.apache.maven.surefire.booter.ForkedBooter.runSuitesInProcess(ForkedBooter.java:456)
at org.apache.maven.surefire.booter.ForkedBooter.execute(ForkedBooter.java:169)
at org.apache.maven.surefire.booter.ForkedBooter.run(ForkedBooter.java:595)
at org.apache.maven.surefire.booter.ForkedBooter.main(ForkedBooter.java:581)
]]>
            </full-stacktrace>
          </exception> <!-- org.openqa.selenium.SessionNotCreatedException -->
          <reporter-output>
          </reporter-output>
        </test-method> <!-- tc01_verifySocialMediaLinksInProductPage -->
        <test-method status="SKIP" signature="TearDown()[pri:0, instance:tests.t8_SocialMediaLinks@702ed190]" name="TearDown" is-config="true" duration-ms="0" started-at="2023-08-16T20:58:52 IDT" finished-at="2023-08-16T20:58:52 IDT">
          <reporter-output>
          </reporter-output>
        </test-method> <!-- TearDown -->
        <test-method status="SKIP" signature="setup()[pri:0, instance:tests.t8_SocialMediaLinks@702ed190]" name="setup" is-config="true" duration-ms="0" started-at="2023-08-16T20:58:52 IDT" finished-at="2023-08-16T20:58:52 IDT">
          <reporter-output>
          </reporter-output>
        </test-method> <!-- setup -->
        <test-method status="SKIP" signature="tc01_verifySocialMediaLinksInProductsPage()[pri:0, instance:tests.t8_SocialMediaLinks@702ed190]" name="tc01_verifySocialMediaLinksInProductsPage" duration-ms="0" started-at="2023-08-16T20:58:52 IDT" finished-at="2023-08-16T20:58:52 IDT">
          <exception class="org.openqa.selenium.SessionNotCreatedException">
            <message>
              <![CDATA[Could not start a new session. Response code 500. Message: An unknown server-side error occurred while processing the command. Original error: Could not find a driver for automationName 'ANDROID_UIAUTOMATOR2' and platformName 'ANDROID'. Have you installed a driver that supports those capabilities? Run 'appium driver list --installed' to see. (Lower-level error: Could not find installed driver to support given caps) 
Host info: host: 'LAPTOP-RMK290R9', ip: '192.168.1.20'
Build info: version: '4.9.1', revision: 'eb2032df7f'
System info: os.name: 'Windows 10', os.arch: 'amd64', os.version: '10.0', java.version: '1.8.0_211'
Driver info: io.appium.java_client.android.AndroidDriver
Command: [null, newSession {capabilities=[{appium:udid=emulator-5554, appium:chromedriverExecutableDir=./utils/ExecutableDirs, appium:chromedriverChromeMappingFile=https://github.com/appium/appium-chromedriver/blob/master/config/mapping.json, browserName=Chrome, platformName=ANDROID, appium:deviceName=Pixel_XL_API_33, appium:automationName=ANDROID_UIAUTOMATOR2}], desiredCapabilities=Capabilities {appium:automationName: ANDROID_UIAUTOMATOR2, appium:chromedriverChromeMappingFile: https://github.com/appium/a..., appium:chromedriverExecutableDir: ./utils/ExecutableDirs, appium:deviceName: Pixel_XL_API_33, appium:udid: emulator-5554, browserName: Chrome, platformName: ANDROID}}]
Capabilities {appium:automationName: ANDROID_UIAUTOMATOR2, appium:chromedriverChromeMappingFile: https://github.com/appium/a..., appium:chromedriverExecutableDir: ./utils/ExecutableDirs, appium:deviceName: Pixel_XL_API_33, appium:udid: emulator-5554, browserName: Chrome, platformName: ANDROID}]]>
            </message>
            <full-stacktrace>
              <![CDATA[org.openqa.selenium.SessionNotCreatedException: Could not start a new session. Response code 500. Message: An unknown server-side error occurred while processing the command. Original error: Could not find a driver for automationName 'ANDROID_UIAUTOMATOR2' and platformName 'ANDROID'. Have you installed a driver that supports those capabilities? Run 'appium driver list --installed' to see. (Lower-level error: Could not find installed driver to support given caps) 
Host info: host: 'LAPTOP-RMK290R9', ip: '192.168.1.20'
Build info: version: '4.9.1', revision: 'eb2032df7f'
System info: os.name: 'Windows 10', os.arch: 'amd64', os.version: '10.0', java.version: '1.8.0_211'
Driver info: io.appium.java_client.android.AndroidDriver
Command: [null, newSession {capabilities=[{appium:udid=emulator-5554, appium:chromedriverExecutableDir=./utils/ExecutableDirs, appium:chromedriverChromeMappingFile=https://github.com/appium/appium-chromedriver/blob/master/config/mapping.json, browserName=Chrome, platformName=ANDROID, appium:deviceName=Pixel_XL_API_33, appium:automationName=ANDROID_UIAUTOMATOR2}], desiredCapabilities=Capabilities {appium:automationName: ANDROID_UIAUTOMATOR2, appium:chromedriverChromeMappingFile: https://github.com/appium/a..., appium:chromedriverExecutableDir: ./utils/ExecutableDirs, appium:deviceName: Pixel_XL_API_33, appium:udid: emulator-5554, browserName: Chrome, platformName: ANDROID}}]
Capabilities {appium:automationName: ANDROID_UIAUTOMATOR2, appium:chromedriverChromeMappingFile: https://github.com/appium/a..., appium:chromedriverExecutableDir: ./utils/ExecutableDirs, appium:deviceName: Pixel_XL_API_33, appium:udid: emulator-5554, browserName: Chrome, platformName: ANDROID}
at org.openqa.selenium.remote.ProtocolHandshake.createSession(ProtocolHandshake.java:136)
at sun.reflect.NativeMethodAccessorImpl.invoke0(Native Method)
at sun.reflect.NativeMethodAccessorImpl.invoke(NativeMethodAccessorImpl.java:62)
at sun.reflect.DelegatingMethodAccessorImpl.invoke(DelegatingMethodAccessorImpl.java:43)
at java.lang.reflect.Method.invoke(Method.java:498)
at io.appium.java_client.remote.AppiumProtocolHandshake.createSession(AppiumProtocolHandshake.java:133)
at io.appium.java_client.remote.AppiumProtocolHandshake.createSession(AppiumProtocolHandshake.java:102)
at io.appium.java_client.remote.AppiumCommandExecutor.createSession(AppiumCommandExecutor.java:182)
at io.appium.java_client.remote.AppiumCommandExecutor.execute(AppiumCommandExecutor.java:250)
at org.openqa.selenium.remote.RemoteWebDriver.execute(RemoteWebDriver.java:543)
at io.appium.java_client.AppiumDriver.startSession(AppiumDriver.java:274)
at org.openqa.selenium.remote.RemoteWebDriver.<init>(RemoteWebDriver.java:157)
at io.appium.java_client.AppiumDriver.<init>(AppiumDriver.java:89)
at io.appium.java_client.AppiumDriver.<init>(AppiumDriver.java:112)
at io.appium.java_client.AppiumDriver.<init>(AppiumDriver.java:137)
at io.appium.java_client.android.AndroidDriver.<init>(AndroidDriver.java:236)
at tests.BaseTest.setup(BaseTest.java:90)
at sun.reflect.NativeMethodAccessorImpl.invoke0(Native Method)
at sun.reflect.NativeMethodAccessorImpl.invoke(NativeMethodAccessorImpl.java:62)
at sun.reflect.DelegatingMethodAccessorImpl.invoke(DelegatingMethodAccessorImpl.java:43)
at java.lang.reflect.Method.invoke(Method.java:498)
at org.testng.internal.invokers.MethodInvocationHelper.invokeMethod(MethodInvocationHelper.java:135)
at org.testng.internal.invokers.MethodInvocationHelper.invokeMethodConsideringTimeout(MethodInvocationHelper.java:65)
at org.testng.internal.invokers.ConfigInvoker.invokeConfigurationMethod(ConfigInvoker.java:381)
at org.testng.internal.invokers.ConfigInvoker.invokeConfigurations(ConfigInvoker.java:319)
at org.testng.internal.invokers.TestInvoker.runConfigMethods(TestInvoker.java:803)
at org.testng.internal.invokers.TestInvoker.invokeMethod(TestInvoker.java:589)
at org.testng.internal.invokers.TestInvoker.invokeTestMethod(TestInvoker.java:220)
at org.testng.internal.invokers.MethodRunner.runInSequence(MethodRunner.java:50)
at org.testng.internal.invokers.TestInvoker$MethodInvocationAgent.invoke(TestInvoker.java:945)
at org.testng.internal.invokers.TestInvoker.invokeTestMethods(TestInvoker.java:193)
at org.testng.internal.invokers.TestMethodWorker.invokeTestMethods(TestMethodWorker.java:146)
at org.testng.internal.invokers.TestMethodWorker.run(TestMethodWorker.java:128)
at java.util.ArrayList.forEach(ArrayList.java:1257)
at org.testng.TestRunner.privateRun(TestRunner.java:808)
at org.testng.TestRunner.run(TestRunner.java:603)
at org.testng.SuiteRunner.runTest(SuiteRunner.java:429)
at org.testng.SuiteRunner.runSequentially(SuiteRunner.java:423)
at org.testng.SuiteRunner.privateRun(SuiteRunner.java:383)
at org.testng.SuiteRunner.run(SuiteRunner.java:326)
at org.testng.SuiteRunnerWorker.runSuite(SuiteRunnerWorker.java:52)
at org.testng.SuiteRunnerWorker.run(SuiteRunnerWorker.java:95)
at org.testng.TestNG.runSuitesSequentially(TestNG.java:1249)
at org.testng.TestNG.runSuitesLocally(TestNG.java:1169)
at org.testng.TestNG.runSuites(TestNG.java:1092)
at org.testng.TestNG.run(TestNG.java:1060)
at org.apache.maven.surefire.testng.TestNGExecutor.run(TestNGExecutor.java:324)
at org.apache.maven.surefire.testng.TestNGXmlTestSuite.execute(TestNGXmlTestSuite.java:74)
at org.apache.maven.surefire.testng.TestNGProvider.invoke(TestNGProvider.java:123)
at org.apache.maven.surefire.booter.ForkedBooter.runSuitesInProcess(ForkedBooter.java:456)
at org.apache.maven.surefire.booter.ForkedBooter.execute(ForkedBooter.java:169)
at org.apache.maven.surefire.booter.ForkedBooter.run(ForkedBooter.java:595)
at org.apache.maven.surefire.booter.ForkedBooter.main(ForkedBooter.java:581)
]]>
            </full-stacktrace>
          </exception> <!-- org.openqa.selenium.SessionNotCreatedException -->
          <reporter-output>
          </reporter-output>
        </test-method> <!-- tc01_verifySocialMediaLinksInProductsPage -->
        <test-method status="SKIP" signature="TearDown()[pri:0, instance:tests.t8_SocialMediaLinks@702ed190]" name="TearDown" is-config="true" duration-ms="0" started-at="2023-08-16T20:58:52 IDT" finished-at="2023-08-16T20:58:52 IDT">
          <reporter-output>
          </reporter-output>
        </test-method> <!-- TearDown -->
      </class> <!-- tests.t8_SocialMediaLinks -->
    </test> <!-- test1 -->
  </suite> <!-- Suite1 -->
</testng-results>
